0.7840712070465088 0.7488676905632019
0.7765593528747559 0.7415651679039001
0.7697681188583374 0.7339967489242554
0.763174831867218 0.7271851897239685
0.7568082809448242 0.7208081483840942
0.7509073615074158 0.714788556098938
0.7453492879867554 0.7090133428573608
0.7398115992546082 0.7034804224967957
0.7346460223197937 0.6980693340301514
0.7297130823135376 0.6927613019943237
0.7249219417572021 0.6879505515098572
0.7203267812728882 0.6832762956619263
0.7159833312034607 0.6787700653076172
0.711605429649353 0.674471914768219
0.7075352668762207 0.6702718734741211
0.7036167979240417 0.6663044691085815
0.6997243165969849 0.6627275347709656
0.6960817575454712 0.659065306186676
0.6924421787261963 0.6556618809700012
0.6888590455055237 0.6521046757698059
0.6853708028793335 0.6489193439483643
0.6821480393409729 0.6457852721214294
0.6790385246276855 0.6427853107452393
0.6760905981063843 0.6395519971847534
0.6730989813804626 0.6369719505310059
0.6703702807426453 0.634137749671936
0.6676600575447083 0.6313986778259277
0.6651424169540405 0.6287688612937927
0.6625392436981201 0.626510500907898
0.6600985527038574 0.6242828965187073
