

================================================================
== Vivado HLS Report for 'dense_latency_ap_ufixed_ap_fixed_16_6_5_3_0_config8_0_0_0_0'
================================================================
* Date:           Sun Mar  3 22:45:52 2024

* Version:        2019.2 (Build 2704478 on Wed Nov 06 22:10:23 MST 2019)
* Project:        myproject_prj
* Solution:       solution1
* Product family: artix7
* Target device:  xc7a35t-csg324-3


================================================================
== Performance Estimates
================================================================
+ Timing: 
    * Summary: 
    +--------+---------+----------+------------+
    |  Clock |  Target | Estimated| Uncertainty|
    +--------+---------+----------+------------+
    |ap_clk  | 5.00 ns | 3.541 ns |   0.62 ns  |
    +--------+---------+----------+------------+

+ Latency: 
    * Summary: 
    +---------+---------+-----------+-----------+-----+-----+----------+
    |  Latency (cycles) |   Latency (absolute)  |  Interval | Pipeline |
    |   min   |   max   |    min    |    max    | min | max |   Type   |
    +---------+---------+-----------+-----------+-----+-----+----------+
    |        3|        3| 15.000 ns | 15.000 ns |    1|    1| function |
    +---------+---------+-----------+-----------+-----+-----+----------+

    + Detail: 
        * Instance: 
        N/A

        * Loop: 
        N/A



================================================================
== Utilization Estimates
================================================================
* Summary: 
+-----------------+---------+-------+-------+-------+-----+
|       Name      | BRAM_18K| DSP48E|   FF  |  LUT  | URAM|
+-----------------+---------+-------+-------+-------+-----+
|DSP              |        -|      -|      -|      -|    -|
|Expression       |        -|      0|      0|    971|    -|
|FIFO             |        -|      -|      -|      -|    -|
|Instance         |        -|      -|      -|      -|    -|
|Memory           |        -|      -|      -|      -|    -|
|Multiplexer      |        -|      -|      -|     27|    -|
|Register         |        -|      -|    488|      -|    -|
+-----------------+---------+-------+-------+-------+-----+
|Total            |        0|      0|    488|    998|    0|
+-----------------+---------+-------+-------+-------+-----+
|Available        |      100|     90|  41600|  20800|    0|
+-----------------+---------+-------+-------+-------+-----+
|Utilization (%)  |        0|      0|      1|      4|    0|
+-----------------+---------+-------+-------+-------+-----+

+ Detail: 
    * Instance: 
    N/A

    * DSP48E: 
    N/A

    * Memory: 
    N/A

    * FIFO: 
    N/A

    * Expression: 
    +--------------------------+----------+-------+---+----+------------+------------+
    |       Variable Name      | Operation| DSP48E| FF| LUT| Bitwidth P0| Bitwidth P1|
    +--------------------------+----------+-------+---+----+------------+------------+
    |mul_ln1118_fu_203_p2      |     *    |      0|  0|  17|           5|           5|
    |mul_ln728_fu_217_p2       |     *    |      0|  0|  17|           5|           5|
    |acc_1_V_fu_1530_p2        |     +    |      0|  0|  18|          14|          14|
    |acc_2_V_fu_1555_p2        |     +    |      0|  0|  22|          15|          15|
    |add_ln1118_1_fu_796_p2    |     +    |      0|  0|  16|           9|           9|
    |add_ln1118_2_fu_876_p2    |     +    |      0|  0|  16|           9|           9|
    |add_ln1118_3_fu_972_p2    |     +    |      0|  0|  15|           8|           8|
    |add_ln1118_fu_615_p2      |     +    |      0|  0|  16|           9|           9|
    |add_ln703_10_fu_1567_p2   |     +    |      0|  0|  21|          14|          14|
    |add_ln703_11_fu_1376_p2   |     +    |      0|  0|  19|          12|          12|
    |add_ln703_12_fu_1382_p2   |     +    |      0|  0|  18|          11|          11|
    |add_ln703_13_fu_1521_p2   |     +    |      0|  0|  18|          14|          14|
    |add_ln703_14_fu_1388_p2   |     +    |      0|  0|  18|          11|          11|
    |add_ln703_15_fu_1016_p2   |     +    |      0|  0|  17|          10|           8|
    |add_ln703_16_fu_1397_p2   |     +    |      0|  0|  18|          11|          11|
    |add_ln703_18_fu_1022_p2   |     +    |      0|  0|  17|          10|          10|
    |add_ln703_19_fu_1406_p2   |     +    |      0|  0|  20|          13|          13|
    |add_ln703_20_fu_1028_p2   |     +    |      0|  0|  19|          12|          12|
    |add_ln703_21_fu_1419_p2   |     +    |      0|  0|  20|          13|          13|
    |add_ln703_22_fu_1429_p2   |     +    |      0|  0|  21|          14|          14|
    |add_ln703_23_fu_1435_p2   |     +    |      0|  0|  18|          12|          12|
    |add_ln703_24_fu_1441_p2   |     +    |      0|  0|  18|          12|          12|
    |add_ln703_25_fu_1447_p2   |     +    |      0|  0|  19|          12|          12|
    |add_ln703_26_fu_1457_p2   |     +    |      0|  0|  16|           9|           9|
    |add_ln703_27_fu_1467_p2   |     +    |      0|  0|  20|          13|          13|
    |add_ln703_28_fu_1545_p2   |     +    |      0|  0|  21|          14|          14|
    |add_ln703_2_fu_1004_p2    |     +    |      0|  0|  17|          10|          10|
    |add_ln703_3_fu_1358_p2    |     +    |      0|  0|  19|          12|          12|
    |add_ln703_4_fu_1491_p2    |     +    |      0|  0|  20|          13|          13|
    |add_ln703_5_fu_1010_p2    |     +    |      0|  0|  18|          11|          11|
    |add_ln703_6_fu_1500_p2    |     +    |      0|  0|  18|          12|          12|
    |add_ln703_7_fu_1364_p2    |     +    |      0|  0|  18|          10|          10|
    |add_ln703_8_fu_1370_p2    |     +    |      0|  0|  18|          10|          10|
    |add_ln703_9_fu_1509_p2    |     +    |      0|  0|  18|          12|          12|
    |add_ln703_fu_1349_p2      |     +    |      0|  0|  17|          10|          10|
    |sub_ln1118_10_fu_762_p2   |     -    |      0|  0|  16|           9|           9|
    |sub_ln1118_11_fu_814_p2   |     -    |      0|  0|  16|           1|           9|
    |sub_ln1118_12_fu_836_p2   |     -    |      0|  0|  17|          10|          10|
    |sub_ln1118_13_fu_854_p2   |     -    |      0|  0|  15|           1|           8|
    |sub_ln1118_14_fu_1277_p2  |     -    |      0|  0|  16|           9|           9|
    |sub_ln1118_15_fu_922_p2   |     -    |      0|  0|  16|           9|           9|
    |sub_ln1118_16_fu_928_p2   |     -    |      0|  0|  15|           8|           8|
    |sub_ln1118_17_fu_990_p2   |     -    |      0|  0|  16|           1|           9|
    |sub_ln1118_18_fu_517_p2   |     -    |      0|  0|  15|           8|           8|
    |sub_ln1118_19_fu_692_p2   |     -    |      0|  0|  16|           9|           9|
    |sub_ln1118_1_fu_1085_p2   |     -    |      0|  0|  16|           9|           9|
    |sub_ln1118_20_fu_954_p2   |     -    |      0|  0|  16|           9|           9|
    |sub_ln1118_2_fu_1099_p2   |     -    |      0|  0|  16|           9|           9|
    |sub_ln1118_3_fu_1135_p2   |     -    |      0|  0|  16|           9|           9|
    |sub_ln1118_4_fu_559_p2    |     -    |      0|  0|  16|           1|           9|
    |sub_ln1118_5_fu_581_p2    |     -    |      0|  0|  17|          10|          10|
    |sub_ln1118_6_fu_1182_p2   |     -    |      0|  0|  16|           9|           9|
    |sub_ln1118_7_fu_650_p2    |     -    |      0|  0|  15|           8|           8|
    |sub_ln1118_8_fu_710_p2    |     -    |      0|  0|  16|           1|           9|
    |sub_ln1118_9_fu_732_p2    |     -    |      0|  0|  16|           9|           9|
    |sub_ln1118_fu_495_p2      |     -    |      0|  0|  15|           8|           8|
    +--------------------------+----------+-------+---+----+------------+------------+
    |Total                     |          |      0|  0| 971|         538|         575|
    +--------------------------+----------+-------+---+----+------------+------------+

    * Multiplexer: 
    +-------------+----+-----------+-----+-----------+
    |     Name    | LUT| Input Size| Bits| Total Bits|
    +-------------+----+-----------+-----+-----------+
    |ap_return_0  |   9|          2|   15|         30|
    |ap_return_1  |   9|          2|   15|         30|
    |ap_return_2  |   9|          2|   15|         30|
    +-------------+----+-----------+-----+-----------+
    |Total        |  27|          6|   45|         90|
    +-------------+----+-----------+-----+-----------+

    * Register: 
    +------------------------------------+----+----+-----+-----------+
    |                Name                | FF | LUT| Bits| Const Bits|
    +------------------------------------+----+----+-----+-----------+
    |acc_1_V_reg_1781                    |  13|   0|   14|          1|
    |acc_2_V_reg_1786                    |  14|   0|   15|          1|
    |add_ln1118_2_reg_1671               |   9|   0|    9|          0|
    |add_ln1118_3_reg_1696               |   8|   0|    8|          0|
    |add_ln703_11_reg_1741               |  11|   0|   12|          1|
    |add_ln703_12_reg_1746               |  10|   0|   11|          1|
    |add_ln703_15_reg_1711               |   6|   0|   10|          4|
    |add_ln703_16_reg_1751               |  10|   0|   11|          1|
    |add_ln703_18_reg_1716               |   9|   0|   10|          1|
    |add_ln703_20_reg_1721               |  11|   0|   12|          1|
    |add_ln703_22_reg_1756               |  13|   0|   14|          1|
    |add_ln703_24_reg_1761               |  11|   0|   12|          1|
    |add_ln703_27_reg_1766               |  12|   0|   13|          1|
    |add_ln703_2_reg_1701                |   9|   0|   10|          1|
    |add_ln703_3_reg_1731                |  11|   0|   12|          1|
    |add_ln703_4_reg_1771                |  12|   0|   13|          1|
    |add_ln703_5_reg_1706                |  10|   0|   11|          1|
    |add_ln703_5_reg_1706_pp0_iter1_reg  |  10|   0|   11|          1|
    |add_ln703_8_reg_1736                |   9|   0|   10|          1|
    |add_ln703_9_reg_1776                |  11|   0|   12|          1|
    |add_ln703_reg_1726                  |   8|   0|   10|          2|
    |ap_ce_reg                           |   1|   0|    1|          0|
    |ap_return_0_int_reg                 |  15|   0|   16|          1|
    |ap_return_1_int_reg                 |  15|   0|   16|          1|
    |ap_return_2_int_reg                 |  15|   0|   16|          1|
    |data_0_V_read_3_reg_1631            |   5|   0|    5|          0|
    |data_0_V_read_int_reg               |   5|   0|    5|          0|
    |data_10_V_read_int_reg              |   5|   0|    5|          0|
    |data_11_V_read_int_reg              |   5|   0|    5|          0|
    |data_12_V_read_2_reg_1607           |   5|   0|    5|          0|
    |data_12_V_read_int_reg              |   5|   0|    5|          0|
    |data_13_V_read_int_reg              |   5|   0|    5|          0|
    |data_14_V_read_int_reg              |   5|   0|    5|          0|
    |data_15_V_read_2_reg_1601           |   5|   0|    5|          0|
    |data_15_V_read_int_reg              |   5|   0|    5|          0|
    |data_16_V_read_int_reg              |   5|   0|    5|          0|
    |data_17_V_read_int_reg              |   5|   0|    5|          0|
    |data_18_V_read_int_reg              |   5|   0|    5|          0|
    |data_19_V_read_int_reg              |   5|   0|    5|          0|
    |data_1_V_read_3_reg_1624            |   5|   0|    5|          0|
    |data_1_V_read_int_reg               |   5|   0|    5|          0|
    |data_2_V_read_3_reg_1618            |   5|   0|    5|          0|
    |data_2_V_read_int_reg               |   5|   0|    5|          0|
    |data_3_V_read_int_reg               |   5|   0|    5|          0|
    |data_4_V_read_3_reg_1612            |   5|   0|    5|          0|
    |data_4_V_read_int_reg               |   5|   0|    5|          0|
    |data_5_V_read_int_reg               |   5|   0|    5|          0|
    |data_7_V_read_int_reg               |   5|   0|    5|          0|
    |data_9_V_read_int_reg               |   5|   0|    5|          0|
    |mul_ln1118_reg_474                  |  10|   0|   10|          0|
    |mul_ln728_reg_350                   |   9|   0|   10|          1|
    |shl_ln728_16_reg_1676               |   5|   0|    8|          3|
    |sub_ln1118_12_reg_1661              |   9|   0|   10|          1|
    |sub_ln1118_13_reg_1666              |   6|   0|    8|          2|
    |sub_ln1118_15_reg_1681              |   8|   0|    9|          1|
    |sub_ln1118_16_reg_1686              |   8|   0|    8|          0|
    |sub_ln1118_19_reg_1646              |   9|   0|    9|          0|
    |sub_ln1118_20_reg_1691              |   9|   0|    9|          0|
    |sub_ln1118_5_reg_1641               |   9|   0|   10|          1|
    |sub_ln1118_8_reg_1651               |   6|   0|    9|          3|
    |sub_ln1118_9_reg_1656               |   9|   0|    9|          0|
    |sub_ln1118_reg_1636                 |   8|   0|    8|          0|
    +------------------------------------+----+----+-----+-----------+
    |Total                               | 488|   0|  526|         38|
    +------------------------------------+----+----+-----+-----------+



================================================================
== Interface
================================================================
* Summary: 
+----------------+-----+-----+------------+---------------------------------------------------------------+--------------+
|    RTL Ports   | Dir | Bits|  Protocol  |                         Source Object                         |    C Type    |
+----------------+-----+-----+------------+---------------------------------------------------------------+--------------+
|ap_clk          |  in |    1| ap_ctrl_hs | dense_latency<ap_ufixed,ap_fixed<16,6,5,3,0>,config8>.0.0.0.0 | return value |
|ap_rst          |  in |    1| ap_ctrl_hs | dense_latency<ap_ufixed,ap_fixed<16,6,5,3,0>,config8>.0.0.0.0 | return value |
|ap_return_0     | out |   16| ap_ctrl_hs | dense_latency<ap_ufixed,ap_fixed<16,6,5,3,0>,config8>.0.0.0.0 | return value |
|ap_return_1     | out |   16| ap_ctrl_hs | dense_latency<ap_ufixed,ap_fixed<16,6,5,3,0>,config8>.0.0.0.0 | return value |
|ap_return_2     | out |   16| ap_ctrl_hs | dense_latency<ap_ufixed,ap_fixed<16,6,5,3,0>,config8>.0.0.0.0 | return value |
|ap_ce           |  in |    1| ap_ctrl_hs | dense_latency<ap_ufixed,ap_fixed<16,6,5,3,0>,config8>.0.0.0.0 | return value |
|data_0_V_read   |  in |    5|   ap_none  |                         data_0_V_read                         |    scalar    |
|data_1_V_read   |  in |    5|   ap_none  |                         data_1_V_read                         |    scalar    |
|data_2_V_read   |  in |    5|   ap_none  |                         data_2_V_read                         |    scalar    |
|data_3_V_read   |  in |    5|   ap_none  |                         data_3_V_read                         |    scalar    |
|data_4_V_read   |  in |    5|   ap_none  |                         data_4_V_read                         |    scalar    |
|data_5_V_read   |  in |    5|   ap_none  |                         data_5_V_read                         |    scalar    |
|data_7_V_read   |  in |    5|   ap_none  |                         data_7_V_read                         |    scalar    |
|data_9_V_read   |  in |    5|   ap_none  |                         data_9_V_read                         |    scalar    |
|data_10_V_read  |  in |    5|   ap_none  |                         data_10_V_read                        |    scalar    |
|data_11_V_read  |  in |    5|   ap_none  |                         data_11_V_read                        |    scalar    |
|data_12_V_read  |  in |    5|   ap_none  |                         data_12_V_read                        |    scalar    |
|data_13_V_read  |  in |    5|   ap_none  |                         data_13_V_read                        |    scalar    |
|data_14_V_read  |  in |    5|   ap_none  |                         data_14_V_read                        |    scalar    |
|data_15_V_read  |  in |    5|   ap_none  |                         data_15_V_read                        |    scalar    |
|data_16_V_read  |  in |    5|   ap_none  |                         data_16_V_read                        |    scalar    |
|data_17_V_read  |  in |    5|   ap_none  |                         data_17_V_read                        |    scalar    |
|data_18_V_read  |  in |    5|   ap_none  |                         data_18_V_read                        |    scalar    |
|data_19_V_read  |  in |    5|   ap_none  |                         data_19_V_read                        |    scalar    |
+----------------+-----+-----+------------+---------------------------------------------------------------+--------------+

