

================================================================
== Vivado HLS Report for 'dense_latency_0_0_0_0_0_0_0_0_0_0_0_0_0_0_0_0_0_0_0_0_0_1'
================================================================
* Date:           Sun Mar  3 22:45:45 2024

* Version:        2019.2 (Build 2704478 on Wed Nov 06 22:10:23 MST 2019)
* Project:        myproject_prj
* Solution:       solution1
* Product family: artix7
* Target device:  xc7a35t-csg324-3


================================================================
== Performance Estimates
================================================================
+ Timing: 
    * Summary: 
    +--------+---------+----------+------------+
    |  Clock |  Target | Estimated| Uncertainty|
    +--------+---------+----------+------------+
    |ap_clk  | 5.00 ns | 4.060 ns |   0.62 ns  |
    +--------+---------+----------+------------+

+ Latency: 
    * Summary: 
    +---------+---------+-----------+-----------+-----+-----+----------+
    |  Latency (cycles) |   Latency (absolute)  |  Interval | Pipeline |
    |   min   |   max   |    min    |    max    | min | max |   Type   |
    +---------+---------+-----------+-----------+-----+-----+----------+
    |        2|        2| 10.000 ns | 10.000 ns |    1|    1| function |
    +---------+---------+-----------+-----------+-----+-----+----------+

    + Detail: 
        * Instance: 
        N/A

        * Loop: 
        N/A



================================================================
== Utilization Estimates
================================================================
* Summary: 
+-----------------+---------+-------+-------+-------+-----+
|       Name      | BRAM_18K| DSP48E|   FF  |  LUT  | URAM|
+-----------------+---------+-------+-------+-------+-----+
|DSP              |        -|      -|      -|      -|    -|
|Expression       |        -|      3|      0|   1072|    -|
|FIFO             |        -|      -|      -|      -|    -|
|Instance         |        -|      -|      -|      -|    -|
|Memory           |        -|      -|      -|      -|    -|
|Multiplexer      |        -|      -|      -|    144|    -|
|Register         |        -|      -|    868|      -|    -|
+-----------------+---------+-------+-------+-------+-----+
|Total            |        0|      3|    868|   1216|    0|
+-----------------+---------+-------+-------+-------+-----+
|Available        |      100|     90|  41600|  20800|    0|
+-----------------+---------+-------+-------+-------+-----+
|Utilization (%)  |        0|      3|      2|      5|    0|
+-----------------+---------+-------+-------+-------+-----+

+ Detail: 
    * Instance: 
    N/A

    * DSP48E: 
    N/A

    * Memory: 
    N/A

    * FIFO: 
    N/A

    * Expression: 
    +--------------------------+----------+-------+---+----+------------+------------+
    |       Variable Name      | Operation| DSP48E| FF| LUT| Bitwidth P0| Bitwidth P1|
    +--------------------------+----------+-------+---+----+------------+------------+
    |mul_ln1118_3_fu_118_p2    |     *    |      1|  0|   6|           5|          16|
    |mul_ln1118_4_fu_114_p2    |     *    |      0|  0|   6|           4|          16|
    |mul_ln1118_5_fu_116_p2    |     *    |      1|  0|   6|           5|          16|
    |mul_ln1118_6_fu_115_p2    |     *    |      0|  0|   6|           4|          16|
    |mul_ln1118_7_fu_111_p2    |     *    |      0|  0|   6|           4|          16|
    |mul_ln1118_8_fu_96_p2     |     *    |      0|  0|   6|           4|          16|
    |mul_ln1118_fu_119_p2      |     *    |      1|  0|   6|           5|          16|
    |acc_10_V_fu_1614_p2       |     +    |      0|  0|  18|          16|          16|
    |acc_11_V_fu_1624_p2       |     +    |      0|  0|  18|          16|          16|
    |acc_13_V_fu_1634_p2       |     +    |      0|  0|  18|          16|          16|
    |acc_14_V_fu_1639_p2       |     +    |      0|  0|  23|           7|          16|
    |acc_16_V_fu_1645_p2       |     +    |      0|  0|  23|           7|          16|
    |acc_17_V_fu_1656_p2       |     +    |      0|  0|  18|          16|          16|
    |acc_18_V_fu_1661_p2       |     +    |      0|  0|  23|           8|          16|
    |acc_19_V_fu_1672_p2       |     +    |      0|  0|  18|          16|          16|
    |acc_1_V_fu_1547_p2        |     +    |      0|  0|  23|          16|          16|
    |acc_2_V_fu_1557_p2        |     +    |      0|  0|  18|          16|          16|
    |acc_3_V_fu_1567_p2        |     +    |      0|  0|  18|          16|          16|
    |acc_4_V_fu_1577_p2        |     +    |      0|  0|  18|          16|          16|
    |acc_5_V_fu_1586_p2        |     +    |      0|  0|  18|          16|          16|
    |acc_6_V_fu_1591_p2        |     +    |      0|  0|  23|           9|          16|
    |acc_8_V_fu_1601_p2        |     +    |      0|  0|  18|          16|          16|
    |acc_9_V_fu_1606_p2        |     +    |      0|  0|  23|          16|          16|
    |add_ln1118_4_fu_1468_p2   |     +    |      0|  0|  25|          18|          18|
    |add_ln1118_fu_1253_p2     |     +    |      0|  0|  25|          18|          18|
    |add_ln703_32_fu_1562_p2   |     +    |      0|  0|  18|           8|          16|
    |add_ln703_34_fu_1572_p2   |     +    |      0|  0|  18|           8|          16|
    |add_ln703_36_fu_1582_p2   |     +    |      0|  0|  18|          16|          16|
    |add_ln703_37_fu_1484_p2   |     +    |      0|  0|  23|           9|          16|
    |add_ln703_40_fu_1596_p2   |     +    |      0|  0|  18|           8|          16|
    |add_ln703_43_fu_1610_p2   |     +    |      0|  0|  18|          16|          16|
    |add_ln703_44_fu_1489_p2   |     +    |      0|  0|  23|           9|          16|
    |add_ln703_46_fu_1619_p2   |     +    |      0|  0|  18|           9|          16|
    |add_ln703_48_fu_1629_p2   |     +    |      0|  0|  18|           7|          16|
    |add_ln703_52_fu_1651_p2   |     +    |      0|  0|  18|           7|          16|
    |add_ln703_55_fu_1667_p2   |     +    |      0|  0|  18|           7|          16|
    |add_ln703_fu_1552_p2      |     +    |      0|  0|  18|           8|          16|
    |sub_ln1118_21_fu_1102_p2  |     -    |      0|  0|  25|           1|          18|
    |sub_ln1118_22_fu_1108_p2  |     -    |      0|  0|  25|          18|          18|
    |sub_ln1118_23_fu_1135_p2  |     -    |      0|  0|  25|          18|          18|
    |sub_ln1118_24_fu_1151_p2  |     -    |      0|  0|  25|          18|          18|
    |sub_ln1118_25_fu_1517_p2  |     -    |      0|  0|  25|          18|          18|
    |sub_ln1118_26_fu_1532_p2  |     -    |      0|  0|  25|           1|          18|
    |sub_ln1118_27_fu_1177_p2  |     -    |      0|  0|  25|          18|          18|
    |sub_ln1118_28_fu_1193_p2  |     -    |      0|  0|  25|          18|          18|
    |sub_ln1118_29_fu_1283_p2  |     -    |      0|  0|  25|          18|          18|
    |sub_ln1118_30_fu_1299_p2  |     -    |      0|  0|  25|          18|          18|
    |sub_ln1118_31_fu_1315_p2  |     -    |      0|  0|  18|           1|          18|
    |sub_ln1118_32_fu_1321_p2  |     -    |      0|  0|  18|          18|          18|
    |sub_ln1118_33_fu_1337_p2  |     -    |      0|  0|  25|          18|          18|
    |sub_ln1118_34_fu_1363_p2  |     -    |      0|  0|  25|          18|          18|
    |sub_ln1118_35_fu_1386_p2  |     -    |      0|  0|  25|           1|          18|
    |sub_ln1118_36_fu_1402_p2  |     -    |      0|  0|  25|          18|          18|
    |sub_ln1118_37_fu_1434_p2  |     -    |      0|  0|  25|          18|          18|
    |sub_ln1118_fu_1502_p2     |     -    |      0|  0|  25|          18|          18|
    +--------------------------+----------+-------+---+----+------------+------------+
    |Total                     |          |      3|  0|1072|         658|         920|
    +--------------------------+----------+-------+---+----+------------+------------+

    * Multiplexer: 
    +--------------+----+-----------+-----+-----------+
    |     Name     | LUT| Input Size| Bits| Total Bits|
    +--------------+----+-----------+-----+-----------+
    |ap_return_0   |   9|          2|   16|         32|
    |ap_return_1   |   9|          2|   16|         32|
    |ap_return_10  |   9|          2|   16|         32|
    |ap_return_11  |   9|          2|   16|         32|
    |ap_return_12  |   9|          2|   14|         28|
    |ap_return_13  |   9|          2|   16|         32|
    |ap_return_14  |   9|          2|   16|         32|
    |ap_return_15  |   9|          2|   16|         32|
    |ap_return_2   |   9|          2|   16|         32|
    |ap_return_3   |   9|          2|   16|         32|
    |ap_return_4   |   9|          2|   16|         32|
    |ap_return_5   |   9|          2|   16|         32|
    |ap_return_6   |   9|          2|   16|         32|
    |ap_return_7   |   9|          2|   16|         32|
    |ap_return_8   |   9|          2|   16|         32|
    |ap_return_9   |   9|          2|   16|         32|
    +--------------+----+-----------+-----+-----------+
    |Total         | 144|         32|  254|        508|
    +--------------+----+-----------+-----+-----------+

    * Register: 
    +------------------------------------+----+----+-----+-----------+
    |                Name                | FF | LUT| Bits| Const Bits|
    +------------------------------------+----+----+-----+-----------+
    |add_ln703_37_reg_1949               |  16|   0|   16|          0|
    |add_ln703_44_reg_1954               |  16|   0|   16|          0|
    |ap_ce_reg                           |   1|   0|    1|          0|
    |ap_return_0_int_reg                 |  16|   0|   16|          0|
    |ap_return_10_int_reg                |  16|   0|   16|          0|
    |ap_return_11_int_reg                |  16|   0|   16|          0|
    |ap_return_12_int_reg                |  14|   0|   16|          2|
    |ap_return_13_int_reg                |  16|   0|   16|          0|
    |ap_return_14_int_reg                |  16|   0|   16|          0|
    |ap_return_15_int_reg                |  16|   0|   16|          0|
    |ap_return_1_int_reg                 |  16|   0|   16|          0|
    |ap_return_2_int_reg                 |  16|   0|   16|          0|
    |ap_return_3_int_reg                 |  16|   0|   16|          0|
    |ap_return_4_int_reg                 |  16|   0|   16|          0|
    |ap_return_5_int_reg                 |  16|   0|   16|          0|
    |ap_return_6_int_reg                 |  16|   0|   16|          0|
    |ap_return_7_int_reg                 |  16|   0|   16|          0|
    |ap_return_8_int_reg                 |  16|   0|   16|          0|
    |ap_return_9_int_reg                 |  16|   0|   16|          0|
    |data_V_read_int_reg                 |  48|   0|   48|          0|
    |sext_ln1118_8_reg_1813              |  18|   0|   18|          0|
    |shl_ln_reg_1834                     |  14|   0|   18|          4|
    |tmp_1_reg_1790                      |  16|   0|   16|          0|
    |tmp_2_reg_1807                      |  16|   0|   16|          0|
    |tmp_3_reg_1802                      |  14|   0|   14|          0|
    |tmp_4_reg_1819                      |  14|   0|   14|          0|
    |tmp_5_reg_1829                      |  15|   0|   15|          0|
    |tmp_s_reg_1797                      |  15|   0|   15|          0|
    |trunc_ln1118_1_reg_1785             |  15|   0|   15|          0|
    |trunc_ln1118_reg_1780               |  14|   0|   14|          0|
    |trunc_ln203_reg_1773                |  16|   0|   16|          0|
    |trunc_ln203_reg_1773_pp0_iter1_reg  |  16|   0|   16|          0|
    |trunc_ln708_32_reg_1846             |  16|   0|   16|          0|
    |trunc_ln708_33_reg_1851             |  16|   0|   16|          0|
    |trunc_ln708_34_reg_1856             |  16|   0|   16|          0|
    |trunc_ln708_35_reg_1861             |  16|   0|   16|          0|
    |trunc_ln708_38_reg_1868             |  16|   0|   16|          0|
    |trunc_ln708_39_reg_1873             |  16|   0|   16|          0|
    |trunc_ln708_40_reg_1878             |  16|   0|   16|          0|
    |trunc_ln708_41_reg_1883             |  16|   0|   16|          0|
    |trunc_ln708_42_reg_1889             |  16|   0|   16|          0|
    |trunc_ln708_43_reg_1894             |  16|   0|   16|          0|
    |trunc_ln708_44_reg_1899             |  16|   0|   16|          0|
    |trunc_ln708_45_reg_1904             |  16|   0|   16|          0|
    |trunc_ln708_46_reg_1909             |  16|   0|   16|          0|
    |trunc_ln708_47_reg_1914             |  16|   0|   16|          0|
    |trunc_ln708_48_reg_1919             |  16|   0|   16|          0|
    |trunc_ln708_49_reg_1924             |  14|   0|   16|          2|
    |trunc_ln708_50_reg_1929             |  16|   0|   16|          0|
    |trunc_ln708_51_reg_1824             |  16|   0|   16|          0|
    |trunc_ln708_52_reg_1934             |  16|   0|   16|          0|
    |trunc_ln708_53_reg_1939             |  16|   0|   16|          0|
    |trunc_ln708_54_reg_1944             |  16|   0|   16|          0|
    |trunc_ln708_s_reg_1841              |  16|   0|   16|          0|
    +------------------------------------+----+----+-----+-----------+
    |Total                               | 868|   0|  876|          8|
    +------------------------------------+----+----+-----+-----------+



================================================================
== Interface
================================================================
* Summary: 
+--------------+-----+-----+------------+-----------------------------------------------------------+--------------+
|   RTL Ports  | Dir | Bits|  Protocol  |                       Source Object                       |    C Type    |
+--------------+-----+-----+------------+-----------------------------------------------------------+--------------+
|ap_clk        |  in |    1| ap_ctrl_hs | dense_latency.0.0.0.0.0.0.0.0.0.0.0.0.0.0.0.0.0.0.0.0.0.1 | return value |
|ap_rst        |  in |    1| ap_ctrl_hs | dense_latency.0.0.0.0.0.0.0.0.0.0.0.0.0.0.0.0.0.0.0.0.0.1 | return value |
|ap_return_0   | out |   16| ap_ctrl_hs | dense_latency.0.0.0.0.0.0.0.0.0.0.0.0.0.0.0.0.0.0.0.0.0.1 | return value |
|ap_return_1   | out |   16| ap_ctrl_hs | dense_latency.0.0.0.0.0.0.0.0.0.0.0.0.0.0.0.0.0.0.0.0.0.1 | return value |
|ap_return_2   | out |   16| ap_ctrl_hs | dense_latency.0.0.0.0.0.0.0.0.0.0.0.0.0.0.0.0.0.0.0.0.0.1 | return value |
|ap_return_3   | out |   16| ap_ctrl_hs | dense_latency.0.0.0.0.0.0.0.0.0.0.0.0.0.0.0.0.0.0.0.0.0.1 | return value |
|ap_return_4   | out |   16| ap_ctrl_hs | dense_latency.0.0.0.0.0.0.0.0.0.0.0.0.0.0.0.0.0.0.0.0.0.1 | return value |
|ap_return_5   | out |   16| ap_ctrl_hs | dense_latency.0.0.0.0.0.0.0.0.0.0.0.0.0.0.0.0.0.0.0.0.0.1 | return value |
|ap_return_6   | out |   16| ap_ctrl_hs | dense_latency.0.0.0.0.0.0.0.0.0.0.0.0.0.0.0.0.0.0.0.0.0.1 | return value |
|ap_return_7   | out |   16| ap_ctrl_hs | dense_latency.0.0.0.0.0.0.0.0.0.0.0.0.0.0.0.0.0.0.0.0.0.1 | return value |
|ap_return_8   | out |   16| ap_ctrl_hs | dense_latency.0.0.0.0.0.0.0.0.0.0.0.0.0.0.0.0.0.0.0.0.0.1 | return value |
|ap_return_9   | out |   16| ap_ctrl_hs | dense_latency.0.0.0.0.0.0.0.0.0.0.0.0.0.0.0.0.0.0.0.0.0.1 | return value |
|ap_return_10  | out |   16| ap_ctrl_hs | dense_latency.0.0.0.0.0.0.0.0.0.0.0.0.0.0.0.0.0.0.0.0.0.1 | return value |
|ap_return_11  | out |   16| ap_ctrl_hs | dense_latency.0.0.0.0.0.0.0.0.0.0.0.0.0.0.0.0.0.0.0.0.0.1 | return value |
|ap_return_12  | out |   16| ap_ctrl_hs | dense_latency.0.0.0.0.0.0.0.0.0.0.0.0.0.0.0.0.0.0.0.0.0.1 | return value |
|ap_return_13  | out |   16| ap_ctrl_hs | dense_latency.0.0.0.0.0.0.0.0.0.0.0.0.0.0.0.0.0.0.0.0.0.1 | return value |
|ap_return_14  | out |   16| ap_ctrl_hs | dense_latency.0.0.0.0.0.0.0.0.0.0.0.0.0.0.0.0.0.0.0.0.0.1 | return value |
|ap_return_15  | out |   16| ap_ctrl_hs | dense_latency.0.0.0.0.0.0.0.0.0.0.0.0.0.0.0.0.0.0.0.0.0.1 | return value |
|ap_ce         |  in |    1| ap_ctrl_hs | dense_latency.0.0.0.0.0.0.0.0.0.0.0.0.0.0.0.0.0.0.0.0.0.1 | return value |
|data_V_read   |  in |   48|   ap_none  |                        data_V_read                        |    scalar    |
+--------------+-----+-----+------------+-----------------------------------------------------------+--------------+

