

================================================================
== Vivado HLS Report for 'relu_ap_fixed_16_6_5_3_0_ap_ufixed_5_0_4_0_0_relu_config7_s'
================================================================
* Date:           Sun Mar  3 22:45:50 2024

* Version:        2019.2 (Build 2704478 on Wed Nov 06 22:10:23 MST 2019)
* Project:        myproject_prj
* Solution:       solution1
* Product family: artix7
* Target device:  xc7a35t-csg324-3


================================================================
== Performance Estimates
================================================================
+ Timing: 
    * Summary: 
    +--------+---------+----------+------------+
    |  Clock |  Target | Estimated| Uncertainty|
    +--------+---------+----------+------------+
    |ap_clk  | 5.00 ns | 3.468 ns |   0.62 ns  |
    +--------+---------+----------+------------+

+ Latency: 
    * Summary: 
    +---------+---------+----------+----------+-----+-----+----------+
    |  Latency (cycles) |  Latency (absolute) |  Interval | Pipeline |
    |   min   |   max   |    min   |    max   | min | max |   Type   |
    +---------+---------+----------+----------+-----+-----+----------+
    |        0|        0|   0 ns   |   0 ns   |    1|    1| function |
    +---------+---------+----------+----------+-----+-----+----------+

    + Detail: 
        * Instance: 
        N/A

        * Loop: 
        N/A



================================================================
== Utilization Estimates
================================================================
* Summary: 
+-----------------+---------+-------+-------+-------+-----+
|       Name      | BRAM_18K| DSP48E|   FF  |  LUT  | URAM|
+-----------------+---------+-------+-------+-------+-----+
|DSP              |        -|      -|      -|      -|    -|
|Expression       |        -|      -|      0|   1422|    -|
|FIFO             |        -|      -|      -|      -|    -|
|Instance         |        -|      -|      -|      -|    -|
|Memory           |        -|      -|      -|      -|    -|
|Multiplexer      |        -|      -|      -|      -|    -|
|Register         |        -|      -|      -|      -|    -|
+-----------------+---------+-------+-------+-------+-----+
|Total            |        0|      0|      0|   1422|    0|
+-----------------+---------+-------+-------+-------+-----+
|Available        |      100|     90|  41600|  20800|    0|
+-----------------+---------+-------+-------+-------+-----+
|Utilization (%)  |        0|      0|      0|      6|    0|
+-----------------+---------+-------+-------+-------+-----+

+ Detail: 
    * Instance: 
    N/A

    * DSP48E: 
    N/A

    * Memory: 
    N/A

    * FIFO: 
    N/A

    * Expression: 
    +-----------------------------+----------+-------+---+----+------------+------------+
    |        Variable Name        | Operation| DSP48E| FF| LUT| Bitwidth P0| Bitwidth P1|
    +-----------------------------+----------+-------+---+----+------------+------------+
    |add_ln415_10_fu_1636_p2      |     +    |      0|  0|  15|           5|           5|
    |add_ln415_11_fu_1774_p2      |     +    |      0|  0|  15|           5|           5|
    |add_ln415_12_fu_1912_p2      |     +    |      0|  0|  15|           5|           5|
    |add_ln415_13_fu_2050_p2      |     +    |      0|  0|  15|           5|           5|
    |add_ln415_14_fu_2188_p2      |     +    |      0|  0|  15|           5|           5|
    |add_ln415_15_fu_2326_p2      |     +    |      0|  0|  15|           5|           5|
    |add_ln415_16_fu_2464_p2      |     +    |      0|  0|  15|           5|           5|
    |add_ln415_17_fu_2602_p2      |     +    |      0|  0|  15|           5|           5|
    |add_ln415_1_fu_394_p2        |     +    |      0|  0|  15|           5|           5|
    |add_ln415_2_fu_532_p2        |     +    |      0|  0|  15|           5|           5|
    |add_ln415_3_fu_670_p2        |     +    |      0|  0|  15|           5|           5|
    |add_ln415_4_fu_808_p2        |     +    |      0|  0|  15|           5|           5|
    |add_ln415_5_fu_946_p2        |     +    |      0|  0|  15|           5|           5|
    |add_ln415_6_fu_1084_p2       |     +    |      0|  0|  15|           5|           5|
    |add_ln415_7_fu_1222_p2       |     +    |      0|  0|  15|           5|           5|
    |add_ln415_8_fu_1360_p2       |     +    |      0|  0|  15|           5|           5|
    |add_ln415_9_fu_1498_p2       |     +    |      0|  0|  15|           5|           5|
    |add_ln415_fu_256_p2          |     +    |      0|  0|  15|           5|           5|
    |and_ln415_10_fu_1626_p2      |    and   |      0|  0|   2|           1|           1|
    |and_ln415_11_fu_1764_p2      |    and   |      0|  0|   2|           1|           1|
    |and_ln415_12_fu_1902_p2      |    and   |      0|  0|   2|           1|           1|
    |and_ln415_13_fu_2040_p2      |    and   |      0|  0|   2|           1|           1|
    |and_ln415_14_fu_2178_p2      |    and   |      0|  0|   2|           1|           1|
    |and_ln415_15_fu_2316_p2      |    and   |      0|  0|   2|           1|           1|
    |and_ln415_16_fu_2454_p2      |    and   |      0|  0|   2|           1|           1|
    |and_ln415_17_fu_2592_p2      |    and   |      0|  0|   2|           1|           1|
    |and_ln415_1_fu_384_p2        |    and   |      0|  0|   2|           1|           1|
    |and_ln415_2_fu_522_p2        |    and   |      0|  0|   2|           1|           1|
    |and_ln415_3_fu_660_p2        |    and   |      0|  0|   2|           1|           1|
    |and_ln415_4_fu_798_p2        |    and   |      0|  0|   2|           1|           1|
    |and_ln415_5_fu_936_p2        |    and   |      0|  0|   2|           1|           1|
    |and_ln415_6_fu_1074_p2       |    and   |      0|  0|   2|           1|           1|
    |and_ln415_7_fu_1212_p2       |    and   |      0|  0|   2|           1|           1|
    |and_ln415_8_fu_1350_p2       |    and   |      0|  0|   2|           1|           1|
    |and_ln415_9_fu_1488_p2       |    and   |      0|  0|   2|           1|           1|
    |and_ln415_fu_246_p2          |    and   |      0|  0|   2|           1|           1|
    |and_ln416_10_fu_1656_p2      |    and   |      0|  0|   2|           1|           1|
    |and_ln416_11_fu_1794_p2      |    and   |      0|  0|   2|           1|           1|
    |and_ln416_12_fu_1932_p2      |    and   |      0|  0|   2|           1|           1|
    |and_ln416_13_fu_2070_p2      |    and   |      0|  0|   2|           1|           1|
    |and_ln416_14_fu_2208_p2      |    and   |      0|  0|   2|           1|           1|
    |and_ln416_15_fu_2346_p2      |    and   |      0|  0|   2|           1|           1|
    |and_ln416_16_fu_2484_p2      |    and   |      0|  0|   2|           1|           1|
    |and_ln416_17_fu_2622_p2      |    and   |      0|  0|   2|           1|           1|
    |and_ln416_1_fu_414_p2        |    and   |      0|  0|   2|           1|           1|
    |and_ln416_2_fu_552_p2        |    and   |      0|  0|   2|           1|           1|
    |and_ln416_3_fu_690_p2        |    and   |      0|  0|   2|           1|           1|
    |and_ln416_4_fu_828_p2        |    and   |      0|  0|   2|           1|           1|
    |and_ln416_5_fu_966_p2        |    and   |      0|  0|   2|           1|           1|
    |and_ln416_6_fu_1104_p2       |    and   |      0|  0|   2|           1|           1|
    |and_ln416_7_fu_1242_p2       |    and   |      0|  0|   2|           1|           1|
    |and_ln416_8_fu_1380_p2       |    and   |      0|  0|   2|           1|           1|
    |and_ln416_9_fu_1518_p2       |    and   |      0|  0|   2|           1|           1|
    |and_ln416_fu_276_p2          |    and   |      0|  0|   2|           1|           1|
    |icmp_ln1494_10_fu_1570_p2    |   icmp   |      0|  0|  13|          16|           1|
    |icmp_ln1494_11_fu_1708_p2    |   icmp   |      0|  0|  13|          16|           1|
    |icmp_ln1494_12_fu_1846_p2    |   icmp   |      0|  0|  13|          16|           1|
    |icmp_ln1494_13_fu_1984_p2    |   icmp   |      0|  0|  13|          16|           1|
    |icmp_ln1494_14_fu_2122_p2    |   icmp   |      0|  0|  13|          16|           1|
    |icmp_ln1494_15_fu_2260_p2    |   icmp   |      0|  0|  13|          16|           1|
    |icmp_ln1494_16_fu_2398_p2    |   icmp   |      0|  0|  13|          16|           1|
    |icmp_ln1494_17_fu_2536_p2    |   icmp   |      0|  0|  13|          16|           1|
    |icmp_ln1494_1_fu_328_p2      |   icmp   |      0|  0|  13|          16|           1|
    |icmp_ln1494_2_fu_466_p2      |   icmp   |      0|  0|  13|          16|           1|
    |icmp_ln1494_3_fu_604_p2      |   icmp   |      0|  0|  13|          16|           1|
    |icmp_ln1494_4_fu_742_p2      |   icmp   |      0|  0|  13|          16|           1|
    |icmp_ln1494_5_fu_880_p2      |   icmp   |      0|  0|  13|          16|           1|
    |icmp_ln1494_6_fu_1018_p2     |   icmp   |      0|  0|  13|          16|           1|
    |icmp_ln1494_7_fu_1156_p2     |   icmp   |      0|  0|  13|          16|           1|
    |icmp_ln1494_8_fu_1294_p2     |   icmp   |      0|  0|  13|          16|           1|
    |icmp_ln1494_9_fu_1432_p2     |   icmp   |      0|  0|  13|          16|           1|
    |icmp_ln1494_fu_190_p2        |   icmp   |      0|  0|  13|          16|           1|
    |icmp_ln718_10_fu_1598_p2     |   icmp   |      0|  0|   9|           4|           1|
    |icmp_ln718_11_fu_1736_p2     |   icmp   |      0|  0|   9|           4|           1|
    |icmp_ln718_12_fu_1874_p2     |   icmp   |      0|  0|   9|           4|           1|
    |icmp_ln718_13_fu_2012_p2     |   icmp   |      0|  0|   9|           4|           1|
    |icmp_ln718_14_fu_2150_p2     |   icmp   |      0|  0|   9|           4|           1|
    |icmp_ln718_15_fu_2288_p2     |   icmp   |      0|  0|   9|           4|           1|
    |icmp_ln718_16_fu_2426_p2     |   icmp   |      0|  0|   9|           4|           1|
    |icmp_ln718_17_fu_2564_p2     |   icmp   |      0|  0|   9|           4|           1|
    |icmp_ln718_1_fu_356_p2       |   icmp   |      0|  0|   9|           4|           1|
    |icmp_ln718_2_fu_494_p2       |   icmp   |      0|  0|   9|           4|           1|
    |icmp_ln718_3_fu_632_p2       |   icmp   |      0|  0|   9|           4|           1|
    |icmp_ln718_4_fu_770_p2       |   icmp   |      0|  0|   9|           4|           1|
    |icmp_ln718_5_fu_908_p2       |   icmp   |      0|  0|   9|           4|           1|
    |icmp_ln718_6_fu_1046_p2      |   icmp   |      0|  0|   9|           4|           1|
    |icmp_ln718_7_fu_1184_p2      |   icmp   |      0|  0|   9|           4|           1|
    |icmp_ln718_8_fu_1322_p2      |   icmp   |      0|  0|   9|           4|           1|
    |icmp_ln718_9_fu_1460_p2      |   icmp   |      0|  0|   9|           4|           1|
    |icmp_ln718_fu_218_p2         |   icmp   |      0|  0|   9|           4|           1|
    |icmp_ln768_10_fu_1678_p2     |   icmp   |      0|  0|  11|           6|           1|
    |icmp_ln768_11_fu_1816_p2     |   icmp   |      0|  0|  11|           6|           1|
    |icmp_ln768_12_fu_1954_p2     |   icmp   |      0|  0|  11|           6|           1|
    |icmp_ln768_13_fu_2092_p2     |   icmp   |      0|  0|  11|           6|           1|
    |icmp_ln768_14_fu_2230_p2     |   icmp   |      0|  0|  11|           6|           1|
    |icmp_ln768_15_fu_2368_p2     |   icmp   |      0|  0|  11|           6|           1|
    |icmp_ln768_16_fu_2506_p2     |   icmp   |      0|  0|  11|           6|           1|
    |icmp_ln768_17_fu_2644_p2     |   icmp   |      0|  0|  11|           6|           1|
    |icmp_ln768_1_fu_436_p2       |   icmp   |      0|  0|  11|           6|           1|
    |icmp_ln768_2_fu_574_p2       |   icmp   |      0|  0|  11|           6|           1|
    |icmp_ln768_3_fu_712_p2       |   icmp   |      0|  0|  11|           6|           1|
    |icmp_ln768_4_fu_850_p2       |   icmp   |      0|  0|  11|           6|           1|
    |icmp_ln768_5_fu_988_p2       |   icmp   |      0|  0|  11|           6|           1|
    |icmp_ln768_6_fu_1126_p2      |   icmp   |      0|  0|  11|           6|           1|
    |icmp_ln768_7_fu_1264_p2      |   icmp   |      0|  0|  11|           6|           1|
    |icmp_ln768_8_fu_1402_p2      |   icmp   |      0|  0|  11|           6|           1|
    |icmp_ln768_9_fu_1540_p2      |   icmp   |      0|  0|  11|           6|           1|
    |icmp_ln768_fu_298_p2         |   icmp   |      0|  0|  11|           6|           1|
    |icmp_ln879_10_fu_1672_p2     |   icmp   |      0|  0|  11|           6|           2|
    |icmp_ln879_11_fu_1810_p2     |   icmp   |      0|  0|  11|           6|           2|
    |icmp_ln879_12_fu_1948_p2     |   icmp   |      0|  0|  11|           6|           2|
    |icmp_ln879_13_fu_2086_p2     |   icmp   |      0|  0|  11|           6|           2|
    |icmp_ln879_14_fu_2224_p2     |   icmp   |      0|  0|  11|           6|           2|
    |icmp_ln879_15_fu_2362_p2     |   icmp   |      0|  0|  11|           6|           2|
    |icmp_ln879_16_fu_2500_p2     |   icmp   |      0|  0|  11|           6|           2|
    |icmp_ln879_17_fu_2638_p2     |   icmp   |      0|  0|  11|           6|           2|
    |icmp_ln879_1_fu_430_p2       |   icmp   |      0|  0|  11|           6|           2|
    |icmp_ln879_2_fu_568_p2       |   icmp   |      0|  0|  11|           6|           2|
    |icmp_ln879_3_fu_706_p2       |   icmp   |      0|  0|  11|           6|           2|
    |icmp_ln879_4_fu_844_p2       |   icmp   |      0|  0|  11|           6|           2|
    |icmp_ln879_5_fu_982_p2       |   icmp   |      0|  0|  11|           6|           2|
    |icmp_ln879_6_fu_1120_p2      |   icmp   |      0|  0|  11|           6|           2|
    |icmp_ln879_7_fu_1258_p2      |   icmp   |      0|  0|  11|           6|           2|
    |icmp_ln879_8_fu_1396_p2      |   icmp   |      0|  0|  11|           6|           2|
    |icmp_ln879_9_fu_1534_p2      |   icmp   |      0|  0|  11|           6|           2|
    |icmp_ln879_fu_292_p2         |   icmp   |      0|  0|  11|           6|           2|
    |or_ln412_10_fu_1612_p2       |    or    |      0|  0|   2|           1|           1|
    |or_ln412_11_fu_1750_p2       |    or    |      0|  0|   2|           1|           1|
    |or_ln412_12_fu_1888_p2       |    or    |      0|  0|   2|           1|           1|
    |or_ln412_13_fu_2026_p2       |    or    |      0|  0|   2|           1|           1|
    |or_ln412_14_fu_2164_p2       |    or    |      0|  0|   2|           1|           1|
    |or_ln412_15_fu_2302_p2       |    or    |      0|  0|   2|           1|           1|
    |or_ln412_16_fu_2440_p2       |    or    |      0|  0|   2|           1|           1|
    |or_ln412_17_fu_2578_p2       |    or    |      0|  0|   2|           1|           1|
    |or_ln412_1_fu_370_p2         |    or    |      0|  0|   2|           1|           1|
    |or_ln412_2_fu_508_p2         |    or    |      0|  0|   2|           1|           1|
    |or_ln412_3_fu_646_p2         |    or    |      0|  0|   2|           1|           1|
    |or_ln412_4_fu_784_p2         |    or    |      0|  0|   2|           1|           1|
    |or_ln412_5_fu_922_p2         |    or    |      0|  0|   2|           1|           1|
    |or_ln412_6_fu_1060_p2        |    or    |      0|  0|   2|           1|           1|
    |or_ln412_7_fu_1198_p2        |    or    |      0|  0|   2|           1|           1|
    |or_ln412_8_fu_1336_p2        |    or    |      0|  0|   2|           1|           1|
    |or_ln412_9_fu_1474_p2        |    or    |      0|  0|   2|           1|           1|
    |or_ln412_fu_232_p2           |    or    |      0|  0|   2|           1|           1|
    |select_ln1494_10_fu_1700_p3  |  select  |      0|  0|   5|           1|           5|
    |select_ln1494_11_fu_1838_p3  |  select  |      0|  0|   5|           1|           5|
    |select_ln1494_12_fu_1976_p3  |  select  |      0|  0|   5|           1|           5|
    |select_ln1494_13_fu_2114_p3  |  select  |      0|  0|   5|           1|           5|
    |select_ln1494_14_fu_2252_p3  |  select  |      0|  0|   5|           1|           5|
    |select_ln1494_15_fu_2390_p3  |  select  |      0|  0|   5|           1|           5|
    |select_ln1494_16_fu_2528_p3  |  select  |      0|  0|   5|           1|           5|
    |select_ln1494_17_fu_2666_p3  |  select  |      0|  0|   5|           1|           5|
    |select_ln1494_1_fu_458_p3    |  select  |      0|  0|   5|           1|           5|
    |select_ln1494_2_fu_596_p3    |  select  |      0|  0|   5|           1|           5|
    |select_ln1494_3_fu_734_p3    |  select  |      0|  0|   5|           1|           5|
    |select_ln1494_4_fu_872_p3    |  select  |      0|  0|   5|           1|           5|
    |select_ln1494_5_fu_1010_p3   |  select  |      0|  0|   5|           1|           5|
    |select_ln1494_6_fu_1148_p3   |  select  |      0|  0|   5|           1|           5|
    |select_ln1494_7_fu_1286_p3   |  select  |      0|  0|   5|           1|           5|
    |select_ln1494_8_fu_1424_p3   |  select  |      0|  0|   5|           1|           5|
    |select_ln1494_9_fu_1562_p3   |  select  |      0|  0|   5|           1|           5|
    |select_ln1494_fu_320_p3      |  select  |      0|  0|   5|           1|           5|
    |select_ln340_10_fu_1692_p3   |  select  |      0|  0|   5|           1|           5|
    |select_ln340_11_fu_1830_p3   |  select  |      0|  0|   5|           1|           5|
    |select_ln340_12_fu_1968_p3   |  select  |      0|  0|   5|           1|           5|
    |select_ln340_13_fu_2106_p3   |  select  |      0|  0|   5|           1|           5|
    |select_ln340_14_fu_2244_p3   |  select  |      0|  0|   5|           1|           5|
    |select_ln340_15_fu_2382_p3   |  select  |      0|  0|   5|           1|           5|
    |select_ln340_16_fu_2520_p3   |  select  |      0|  0|   5|           1|           5|
    |select_ln340_17_fu_2658_p3   |  select  |      0|  0|   5|           1|           5|
    |select_ln340_1_fu_450_p3     |  select  |      0|  0|   5|           1|           5|
    |select_ln340_2_fu_588_p3     |  select  |      0|  0|   5|           1|           5|
    |select_ln340_3_fu_726_p3     |  select  |      0|  0|   5|           1|           5|
    |select_ln340_4_fu_864_p3     |  select  |      0|  0|   5|           1|           5|
    |select_ln340_5_fu_1002_p3    |  select  |      0|  0|   5|           1|           5|
    |select_ln340_6_fu_1140_p3    |  select  |      0|  0|   5|           1|           5|
    |select_ln340_7_fu_1278_p3    |  select  |      0|  0|   5|           1|           5|
    |select_ln340_8_fu_1416_p3    |  select  |      0|  0|   5|           1|           5|
    |select_ln340_9_fu_1554_p3    |  select  |      0|  0|   5|           1|           5|
    |select_ln340_fu_312_p3       |  select  |      0|  0|   5|           1|           5|
    |select_ln777_10_fu_1684_p3   |  select  |      0|  0|   2|           1|           1|
    |select_ln777_11_fu_1822_p3   |  select  |      0|  0|   2|           1|           1|
    |select_ln777_12_fu_1960_p3   |  select  |      0|  0|   2|           1|           1|
    |select_ln777_13_fu_2098_p3   |  select  |      0|  0|   2|           1|           1|
    |select_ln777_14_fu_2236_p3   |  select  |      0|  0|   2|           1|           1|
    |select_ln777_15_fu_2374_p3   |  select  |      0|  0|   2|           1|           1|
    |select_ln777_16_fu_2512_p3   |  select  |      0|  0|   2|           1|           1|
    |select_ln777_17_fu_2650_p3   |  select  |      0|  0|   2|           1|           1|
    |select_ln777_1_fu_442_p3     |  select  |      0|  0|   2|           1|           1|
    |select_ln777_2_fu_580_p3     |  select  |      0|  0|   2|           1|           1|
    |select_ln777_3_fu_718_p3     |  select  |      0|  0|   2|           1|           1|
    |select_ln777_4_fu_856_p3     |  select  |      0|  0|   2|           1|           1|
    |select_ln777_5_fu_994_p3     |  select  |      0|  0|   2|           1|           1|
    |select_ln777_6_fu_1132_p3    |  select  |      0|  0|   2|           1|           1|
    |select_ln777_7_fu_1270_p3    |  select  |      0|  0|   2|           1|           1|
    |select_ln777_8_fu_1408_p3    |  select  |      0|  0|   2|           1|           1|
    |select_ln777_9_fu_1546_p3    |  select  |      0|  0|   2|           1|           1|
    |select_ln777_fu_304_p3       |  select  |      0|  0|   2|           1|           1|
    |xor_ln416_10_fu_1650_p2      |    xor   |      0|  0|   2|           1|           2|
    |xor_ln416_11_fu_1788_p2      |    xor   |      0|  0|   2|           1|           2|
    |xor_ln416_12_fu_1926_p2      |    xor   |      0|  0|   2|           1|           2|
    |xor_ln416_13_fu_2064_p2      |    xor   |      0|  0|   2|           1|           2|
    |xor_ln416_14_fu_2202_p2      |    xor   |      0|  0|   2|           1|           2|
    |xor_ln416_15_fu_2340_p2      |    xor   |      0|  0|   2|           1|           2|
    |xor_ln416_16_fu_2478_p2      |    xor   |      0|  0|   2|           1|           2|
    |xor_ln416_17_fu_2616_p2      |    xor   |      0|  0|   2|           1|           2|
    |xor_ln416_1_fu_408_p2        |    xor   |      0|  0|   2|           1|           2|
    |xor_ln416_2_fu_546_p2        |    xor   |      0|  0|   2|           1|           2|
    |xor_ln416_3_fu_684_p2        |    xor   |      0|  0|   2|           1|           2|
    |xor_ln416_4_fu_822_p2        |    xor   |      0|  0|   2|           1|           2|
    |xor_ln416_5_fu_960_p2        |    xor   |      0|  0|   2|           1|           2|
    |xor_ln416_6_fu_1098_p2       |    xor   |      0|  0|   2|           1|           2|
    |xor_ln416_7_fu_1236_p2       |    xor   |      0|  0|   2|           1|           2|
    |xor_ln416_8_fu_1374_p2       |    xor   |      0|  0|   2|           1|           2|
    |xor_ln416_9_fu_1512_p2       |    xor   |      0|  0|   2|           1|           2|
    |xor_ln416_fu_270_p2          |    xor   |      0|  0|   2|           1|           2|
    +-----------------------------+----------+-------+---+----+------------+------------+
    |Total                        |          |      0|  0|1422|         792|         468|
    +-----------------------------+----------+-------+---+----+------------+------------+

    * Multiplexer: 
    N/A

    * Register: 
    N/A



================================================================
== Interface
================================================================
* Summary: 
+----------------+-----+-----+------------+------------------------------------------------------------------------+--------------+
|    RTL Ports   | Dir | Bits|  Protocol  |                              Source Object                             |    C Type    |
+----------------+-----+-----+------------+------------------------------------------------------------------------+--------------+
|ap_ready        | out |    1| ap_ctrl_hs | relu<ap_fixed<16, 6, 5, 3, 0>, ap_ufixed<5, 0, 4, 0, 0>, relu_config7> | return value |
|ap_return_0     | out |    5| ap_ctrl_hs | relu<ap_fixed<16, 6, 5, 3, 0>, ap_ufixed<5, 0, 4, 0, 0>, relu_config7> | return value |
|ap_return_1     | out |    5| ap_ctrl_hs | relu<ap_fixed<16, 6, 5, 3, 0>, ap_ufixed<5, 0, 4, 0, 0>, relu_config7> | return value |
|ap_return_2     | out |    5| ap_ctrl_hs | relu<ap_fixed<16, 6, 5, 3, 0>, ap_ufixed<5, 0, 4, 0, 0>, relu_config7> | return value |
|ap_return_3     | out |    5| ap_ctrl_hs | relu<ap_fixed<16, 6, 5, 3, 0>, ap_ufixed<5, 0, 4, 0, 0>, relu_config7> | return value |
|ap_return_4     | out |    5| ap_ctrl_hs | relu<ap_fixed<16, 6, 5, 3, 0>, ap_ufixed<5, 0, 4, 0, 0>, relu_config7> | return value |
|ap_return_5     | out |    5| ap_ctrl_hs | relu<ap_fixed<16, 6, 5, 3, 0>, ap_ufixed<5, 0, 4, 0, 0>, relu_config7> | return value |
|ap_return_6     | out |    5| ap_ctrl_hs | relu<ap_fixed<16, 6, 5, 3, 0>, ap_ufixed<5, 0, 4, 0, 0>, relu_config7> | return value |
|ap_return_7     | out |    5| ap_ctrl_hs | relu<ap_fixed<16, 6, 5, 3, 0>, ap_ufixed<5, 0, 4, 0, 0>, relu_config7> | return value |
|ap_return_8     | out |    5| ap_ctrl_hs | relu<ap_fixed<16, 6, 5, 3, 0>, ap_ufixed<5, 0, 4, 0, 0>, relu_config7> | return value |
|ap_return_9     | out |    5| ap_ctrl_hs | relu<ap_fixed<16, 6, 5, 3, 0>, ap_ufixed<5, 0, 4, 0, 0>, relu_config7> | return value |
|ap_return_10    | out |    5| ap_ctrl_hs | relu<ap_fixed<16, 6, 5, 3, 0>, ap_ufixed<5, 0, 4, 0, 0>, relu_config7> | return value |
|ap_return_11    | out |    5| ap_ctrl_hs | relu<ap_fixed<16, 6, 5, 3, 0>, ap_ufixed<5, 0, 4, 0, 0>, relu_config7> | return value |
|ap_return_12    | out |    5| ap_ctrl_hs | relu<ap_fixed<16, 6, 5, 3, 0>, ap_ufixed<5, 0, 4, 0, 0>, relu_config7> | return value |
|ap_return_13    | out |    5| ap_ctrl_hs | relu<ap_fixed<16, 6, 5, 3, 0>, ap_ufixed<5, 0, 4, 0, 0>, relu_config7> | return value |
|ap_return_14    | out |    5| ap_ctrl_hs | relu<ap_fixed<16, 6, 5, 3, 0>, ap_ufixed<5, 0, 4, 0, 0>, relu_config7> | return value |
|ap_return_15    | out |    5| ap_ctrl_hs | relu<ap_fixed<16, 6, 5, 3, 0>, ap_ufixed<5, 0, 4, 0, 0>, relu_config7> | return value |
|ap_return_16    | out |    5| ap_ctrl_hs | relu<ap_fixed<16, 6, 5, 3, 0>, ap_ufixed<5, 0, 4, 0, 0>, relu_config7> | return value |
|ap_return_17    | out |    5| ap_ctrl_hs | relu<ap_fixed<16, 6, 5, 3, 0>, ap_ufixed<5, 0, 4, 0, 0>, relu_config7> | return value |
|data_0_V_read   |  in |   16|   ap_none  |                              data_0_V_read                             |    scalar    |
|data_1_V_read   |  in |   16|   ap_none  |                              data_1_V_read                             |    scalar    |
|data_2_V_read   |  in |   16|   ap_none  |                              data_2_V_read                             |    scalar    |
|data_3_V_read   |  in |   16|   ap_none  |                              data_3_V_read                             |    scalar    |
|data_4_V_read   |  in |   16|   ap_none  |                              data_4_V_read                             |    scalar    |
|data_5_V_read   |  in |   16|   ap_none  |                              data_5_V_read                             |    scalar    |
|data_7_V_read   |  in |   16|   ap_none  |                              data_7_V_read                             |    scalar    |
|data_9_V_read   |  in |   16|   ap_none  |                              data_9_V_read                             |    scalar    |
|data_10_V_read  |  in |   16|   ap_none  |                             data_10_V_read                             |    scalar    |
|data_11_V_read  |  in |   16|   ap_none  |                             data_11_V_read                             |    scalar    |
|data_12_V_read  |  in |   16|   ap_none  |                             data_12_V_read                             |    scalar    |
|data_13_V_read  |  in |   16|   ap_none  |                             data_13_V_read                             |    scalar    |
|data_14_V_read  |  in |   16|   ap_none  |                             data_14_V_read                             |    scalar    |
|data_15_V_read  |  in |   16|   ap_none  |                             data_15_V_read                             |    scalar    |
|data_16_V_read  |  in |   16|   ap_none  |                             data_16_V_read                             |    scalar    |
|data_17_V_read  |  in |   16|   ap_none  |                             data_17_V_read                             |    scalar    |
|data_18_V_read  |  in |   16|   ap_none  |                             data_18_V_read                             |    scalar    |
|data_19_V_read  |  in |   16|   ap_none  |                             data_19_V_read                             |    scalar    |
+----------------+-----+-----+------------+------------------------------------------------------------------------+--------------+

