

================================================================
== Vivado HLS Report for 'dense_latency_0_0_0_0_0_0_0_0_0_0_0_0_0_0_0_0_0_0_0_0_0_1'
================================================================
* Date:           Sun Mar  3 22:45:36 2024

* Version:        2019.2 (Build 2704478 on Wed Nov 06 22:10:23 MST 2019)
* Project:        myproject_prj
* Solution:       solution1
* Product family: artix7
* Target device:  xc7a35t-csg324-3


================================================================
== Performance Estimates
================================================================
+ Timing: 
    * Summary: 
    +--------+---------+----------+------------+
    |  Clock |  Target | Estimated| Uncertainty|
    +--------+---------+----------+------------+
    |ap_clk  | 5.00 ns | 4.060 ns |   0.62 ns  |
    +--------+---------+----------+------------+

+ Latency: 
    * Summary: 
    +---------+---------+-----------+-----------+-----+-----+----------+
    |  Latency (cycles) |   Latency (absolute)  |  Interval | Pipeline |
    |   min   |   max   |    min    |    max    | min | max |   Type   |
    +---------+---------+-----------+-----------+-----+-----+----------+
    |        2|        2| 10.000 ns | 10.000 ns |    1|    1| function |
    +---------+---------+-----------+-----------+-----+-----+----------+

    + Detail: 
        * Instance: 
        N/A

        * Loop: 
        N/A

============================================================
+ Verbose Summary: Synthesis Manager
============================================================
InlineROM: 1
ExposeGlobal: 0
============================================================
+ Verbose Summary: CDFG Model
============================================================
IsTopModel: 0
ResetActiveHigh: 1
IsCombinational: 0
IsDatapathOnly: 0
HasWiredReturn: 1
HasMFsm: 2
HasVarLatency: 0
IsPipeline: 1
IsRtlPipelined: 1
IsInstanceOverlapped: 0
IsDontTouch: 0
HasImplIP: 0
IsGatedGlobalClock: 0

+ Individual pipeline summary: 
  * Pipeline-0: initiation interval (II) = 1, depth = 3


============================================================
+ Verbose Summary: Schedule
============================================================
* Number of FSM states : 3
* Pipeline : 1
  Pipeline-0 : II = 1, D = 3, States = { 1 2 3 }
* Dataflow Pipeline: 0

* FSM state transitions: 
1 --> 2 
2 --> 3 
3 --> 

* FSM state operations: 

State 1 <SV = 0> <Delay = 4.06>
ST_1 : Operation 4 [1/1] (0.00ns)   --->   "%data_V_read_1 = call i48 @_ssdm_op_Read.ap_auto.i48(i48 %data_V_read)" [firmware/nnet_utils/nnet_dense_latency.h:13]   --->   Operation 4 'read' 'data_V_read_1' <Predicate = true> <Delay = 0.00>
ST_1 : Operation 5 [1/1] (0.00ns)   --->   "%trunc_ln203 = trunc i48 %data_V_read_1 to i16" [firmware/nnet_utils/nnet_dense_latency.h:38]   --->   Operation 5 'trunc' 'trunc_ln203' <Predicate = true> <Delay = 0.00>
ST_1 : Operation 6 [1/1] (0.00ns)   --->   "%trunc_ln1118 = trunc i48 %data_V_read_1 to i14" [firmware/nnet_utils/nnet_mult.h:73->firmware/nnet_utils/nnet_dense_latency.h:42]   --->   Operation 6 'trunc' 'trunc_ln1118' <Predicate = true> <Delay = 0.00>
ST_1 : Operation 7 [1/1] (0.00ns)   --->   "%trunc_ln1118_1 = trunc i48 %data_V_read_1 to i15" [firmware/nnet_utils/nnet_mult.h:73->firmware/nnet_utils/nnet_dense_latency.h:42]   --->   Operation 7 'trunc' 'trunc_ln1118_1' <Predicate = true> <Delay = 0.00>
ST_1 : Operation 8 [1/1] (0.00ns)   --->   "%tmp_1 = call i16 @_ssdm_op_PartSelect.i16.i48.i32.i32(i48 %data_V_read_1, i32 16, i32 31)" [firmware/nnet_utils/nnet_dense_latency.h:38]   --->   Operation 8 'partselect' 'tmp_1' <Predicate = true> <Delay = 0.00>
ST_1 : Operation 9 [1/1] (0.00ns)   --->   "%tmp_s = call i15 @_ssdm_op_PartSelect.i15.i48.i32.i32(i48 %data_V_read_1, i32 16, i32 30)" [firmware/nnet_utils/nnet_mult.h:73->firmware/nnet_utils/nnet_dense_latency.h:42]   --->   Operation 9 'partselect' 'tmp_s' <Predicate = true> <Delay = 0.00>
ST_1 : Operation 10 [1/1] (0.00ns)   --->   "%tmp_3 = call i14 @_ssdm_op_PartSelect.i14.i48.i32.i32(i48 %data_V_read_1, i32 16, i32 29)" [firmware/nnet_utils/nnet_mult.h:73->firmware/nnet_utils/nnet_dense_latency.h:42]   --->   Operation 10 'partselect' 'tmp_3' <Predicate = true> <Delay = 0.00>
ST_1 : Operation 11 [1/1] (0.00ns)   --->   "%tmp_2 = call i16 @_ssdm_op_PartSelect.i16.i48.i32.i32(i48 %data_V_read_1, i32 32, i32 47)" [firmware/nnet_utils/nnet_dense_latency.h:38]   --->   Operation 11 'partselect' 'tmp_2' <Predicate = true> <Delay = 0.00>
ST_1 : Operation 12 [1/1] (0.00ns)   --->   "%sext_ln1118_8 = sext i16 %tmp_2 to i18" [firmware/nnet_utils/nnet_mult.h:73->firmware/nnet_utils/nnet_dense_latency.h:42]   --->   Operation 12 'sext' 'sext_ln1118_8' <Predicate = true> <Delay = 0.00>
ST_1 : Operation 13 [1/1] (0.00ns)   --->   "%tmp_4 = call i14 @_ssdm_op_PartSelect.i14.i48.i32.i32(i48 %data_V_read_1, i32 32, i32 45)" [firmware/nnet_utils/nnet_mult.h:73->firmware/nnet_utils/nnet_dense_latency.h:42]   --->   Operation 13 'partselect' 'tmp_4' <Predicate = true> <Delay = 0.00>
ST_1 : Operation 14 [1/1] (4.06ns)   --->   "%mul_ln1118_7 = mul i18 13, %sext_ln1118_8" [firmware/nnet_utils/nnet_mult.h:73->firmware/nnet_utils/nnet_dense_latency.h:42]   --->   Operation 14 'mul' 'mul_ln1118_7' <Predicate = true> <Delay = 4.06> <Core = "Mul">   --->   Core 16 'Mul' <Latency = 0> <II = 1> <Delay = 4.06> <FuncUnit> <Opcode : 'mul'> <InPorts = 2> <OutPorts = 1>
ST_1 : Operation 15 [1/1] (0.00ns)   --->   "%trunc_ln708_51 = call i16 @_ssdm_op_PartSelect.i16.i18.i32.i32(i18 %mul_ln1118_7, i32 2, i32 17)" [firmware/nnet_utils/nnet_dense_latency.h:42]   --->   Operation 15 'partselect' 'trunc_ln708_51' <Predicate = true> <Delay = 0.00>
ST_1 : Operation 16 [1/1] (0.00ns)   --->   "%tmp_5 = call i15 @_ssdm_op_PartSelect.i15.i48.i32.i32(i48 %data_V_read_1, i32 32, i32 46)" [firmware/nnet_utils/nnet_mult.h:73->firmware/nnet_utils/nnet_dense_latency.h:42]   --->   Operation 16 'partselect' 'tmp_5' <Predicate = true> <Delay = 0.00>

State 2 <SV = 1> <Delay = 4.06>
ST_2 : Operation 17 [1/1] (0.00ns)   --->   "%sext_ln1118 = sext i16 %trunc_ln203 to i18" [firmware/nnet_utils/nnet_mult.h:73->firmware/nnet_utils/nnet_dense_latency.h:42]   --->   Operation 17 'sext' 'sext_ln1118' <Predicate = true> <Delay = 0.00>
ST_2 : Operation 18 [1/1] (0.00ns)   --->   "%shl_ln = call i18 @_ssdm_op_BitConcatenate.i18.i14.i4(i14 %trunc_ln1118, i4 0)" [firmware/nnet_utils/nnet_mult.h:73->firmware/nnet_utils/nnet_dense_latency.h:42]   --->   Operation 18 'bitconcatenate' 'shl_ln' <Predicate = true> <Delay = 0.00>
ST_2 : Operation 19 [1/1] (4.06ns)   --->   "%mul_ln1118 = mul i18 -11, %sext_ln1118" [firmware/nnet_utils/nnet_mult.h:73->firmware/nnet_utils/nnet_dense_latency.h:42]   --->   Operation 19 'mul' 'mul_ln1118' <Predicate = true> <Delay = 4.06> <Core = "Mul">   --->   Core 16 'Mul' <Latency = 0> <II = 1> <Delay = 4.06> <FuncUnit> <Opcode : 'mul'> <InPorts = 2> <OutPorts = 1>
ST_2 : Operation 20 [1/1] (0.00ns)   --->   "%trunc_ln708_s = call i16 @_ssdm_op_PartSelect.i16.i18.i32.i32(i18 %mul_ln1118, i32 2, i32 17)" [firmware/nnet_utils/nnet_dense_latency.h:42]   --->   Operation 20 'partselect' 'trunc_ln708_s' <Predicate = true> <Delay = 0.00>
ST_2 : Operation 21 [1/1] (0.00ns)   --->   "%shl_ln1118_20 = call i18 @_ssdm_op_BitConcatenate.i18.i15.i3(i15 %trunc_ln1118_1, i3 0)" [firmware/nnet_utils/nnet_mult.h:73->firmware/nnet_utils/nnet_dense_latency.h:42]   --->   Operation 21 'bitconcatenate' 'shl_ln1118_20' <Predicate = true> <Delay = 0.00>
ST_2 : Operation 22 [1/1] (1.80ns)   --->   "%sub_ln1118_21 = sub i18 0, %shl_ln1118_20" [firmware/nnet_utils/nnet_mult.h:73->firmware/nnet_utils/nnet_dense_latency.h:42]   --->   Operation 22 'sub' 'sub_ln1118_21' <Predicate = true> <Delay = 1.80> <Core = "AddSub">   --->   Core 14 'AddSub' <Latency = 0> <II = 1> <Delay = 1.77> <FuncUnit> <Opcode : 'add' 'sub'> <InPorts = 2> <OutPorts = 1>
ST_2 : Operation 23 [1/1] (1.80ns)   --->   "%sub_ln1118_22 = sub i18 %sub_ln1118_21, %sext_ln1118" [firmware/nnet_utils/nnet_mult.h:73->firmware/nnet_utils/nnet_dense_latency.h:42]   --->   Operation 23 'sub' 'sub_ln1118_22' <Predicate = true> <Delay = 1.80> <Core = "AddSub">   --->   Core 14 'AddSub' <Latency = 0> <II = 1> <Delay = 1.77> <FuncUnit> <Opcode : 'add' 'sub'> <InPorts = 2> <OutPorts = 1>
ST_2 : Operation 24 [1/1] (0.00ns)   --->   "%trunc_ln708_32 = call i16 @_ssdm_op_PartSelect.i16.i18.i32.i32(i18 %sub_ln1118_22, i32 2, i32 17)" [firmware/nnet_utils/nnet_dense_latency.h:42]   --->   Operation 24 'partselect' 'trunc_ln708_32' <Predicate = true> <Delay = 0.00>
ST_2 : Operation 25 [1/1] (0.00ns)   --->   "%shl_ln1118_21 = call i17 @_ssdm_op_BitConcatenate.i17.i16.i1(i16 %trunc_ln203, i1 false)" [firmware/nnet_utils/nnet_mult.h:73->firmware/nnet_utils/nnet_dense_latency.h:42]   --->   Operation 25 'bitconcatenate' 'shl_ln1118_21' <Predicate = true> <Delay = 0.00>
ST_2 : Operation 26 [1/1] (0.00ns)   --->   "%sext_ln1118_5 = sext i17 %shl_ln1118_21 to i18" [firmware/nnet_utils/nnet_mult.h:73->firmware/nnet_utils/nnet_dense_latency.h:42]   --->   Operation 26 'sext' 'sext_ln1118_5' <Predicate = true> <Delay = 0.00>
ST_2 : Operation 27 [1/1] (1.80ns)   --->   "%sub_ln1118_23 = sub i18 %sub_ln1118_21, %sext_ln1118_5" [firmware/nnet_utils/nnet_mult.h:73->firmware/nnet_utils/nnet_dense_latency.h:42]   --->   Operation 27 'sub' 'sub_ln1118_23' <Predicate = true> <Delay = 1.80> <Core = "AddSub">   --->   Core 14 'AddSub' <Latency = 0> <II = 1> <Delay = 1.77> <FuncUnit> <Opcode : 'add' 'sub'> <InPorts = 2> <OutPorts = 1>
ST_2 : Operation 28 [1/1] (0.00ns)   --->   "%trunc_ln708_33 = call i16 @_ssdm_op_PartSelect.i16.i18.i32.i32(i18 %sub_ln1118_23, i32 2, i32 17)" [firmware/nnet_utils/nnet_dense_latency.h:42]   --->   Operation 28 'partselect' 'trunc_ln708_33' <Predicate = true> <Delay = 0.00>
ST_2 : Operation 29 [1/1] (1.80ns)   --->   "%sub_ln1118_24 = sub i18 %shl_ln, %sext_ln1118_5" [firmware/nnet_utils/nnet_mult.h:73->firmware/nnet_utils/nnet_dense_latency.h:42]   --->   Operation 29 'sub' 'sub_ln1118_24' <Predicate = true> <Delay = 1.80> <Core = "AddSub">   --->   Core 14 'AddSub' <Latency = 0> <II = 1> <Delay = 1.77> <FuncUnit> <Opcode : 'add' 'sub'> <InPorts = 2> <OutPorts = 1>
ST_2 : Operation 30 [1/1] (0.00ns)   --->   "%trunc_ln708_34 = call i16 @_ssdm_op_PartSelect.i16.i18.i32.i32(i18 %sub_ln1118_24, i32 2, i32 17)" [firmware/nnet_utils/nnet_dense_latency.h:42]   --->   Operation 30 'partselect' 'trunc_ln708_34' <Predicate = true> <Delay = 0.00>
ST_2 : Operation 31 [1/1] (4.06ns)   --->   "%mul_ln1118_3 = mul i18 -13, %sext_ln1118" [firmware/nnet_utils/nnet_mult.h:73->firmware/nnet_utils/nnet_dense_latency.h:42]   --->   Operation 31 'mul' 'mul_ln1118_3' <Predicate = true> <Delay = 4.06> <Core = "Mul">   --->   Core 16 'Mul' <Latency = 0> <II = 1> <Delay = 4.06> <FuncUnit> <Opcode : 'mul'> <InPorts = 2> <OutPorts = 1>
ST_2 : Operation 32 [1/1] (0.00ns)   --->   "%trunc_ln708_35 = call i16 @_ssdm_op_PartSelect.i16.i18.i32.i32(i18 %mul_ln1118_3, i32 2, i32 17)" [firmware/nnet_utils/nnet_dense_latency.h:42]   --->   Operation 32 'partselect' 'trunc_ln708_35' <Predicate = true> <Delay = 0.00>
ST_2 : Operation 33 [1/1] (1.80ns)   --->   "%sub_ln1118_27 = sub i18 %shl_ln1118_20, %sext_ln1118" [firmware/nnet_utils/nnet_mult.h:73->firmware/nnet_utils/nnet_dense_latency.h:42]   --->   Operation 33 'sub' 'sub_ln1118_27' <Predicate = true> <Delay = 1.80> <Core = "AddSub">   --->   Core 14 'AddSub' <Latency = 0> <II = 1> <Delay = 1.77> <FuncUnit> <Opcode : 'add' 'sub'> <InPorts = 2> <OutPorts = 1>
ST_2 : Operation 34 [1/1] (0.00ns)   --->   "%trunc_ln708_38 = call i16 @_ssdm_op_PartSelect.i16.i18.i32.i32(i18 %sub_ln1118_27, i32 2, i32 17)" [firmware/nnet_utils/nnet_dense_latency.h:42]   --->   Operation 34 'partselect' 'trunc_ln708_38' <Predicate = true> <Delay = 0.00>
ST_2 : Operation 35 [1/1] (1.80ns)   --->   "%sub_ln1118_28 = sub i18 %shl_ln, %sext_ln1118" [firmware/nnet_utils/nnet_mult.h:73->firmware/nnet_utils/nnet_dense_latency.h:42]   --->   Operation 35 'sub' 'sub_ln1118_28' <Predicate = true> <Delay = 1.80> <Core = "AddSub">   --->   Core 14 'AddSub' <Latency = 0> <II = 1> <Delay = 1.77> <FuncUnit> <Opcode : 'add' 'sub'> <InPorts = 2> <OutPorts = 1>
ST_2 : Operation 36 [1/1] (0.00ns)   --->   "%trunc_ln708_39 = call i16 @_ssdm_op_PartSelect.i16.i18.i32.i32(i18 %sub_ln1118_28, i32 2, i32 17)" [firmware/nnet_utils/nnet_dense_latency.h:42]   --->   Operation 36 'partselect' 'trunc_ln708_39' <Predicate = true> <Delay = 0.00>
ST_2 : Operation 37 [1/1] (0.00ns)   --->   "%sext_ln1118_6 = sext i16 %tmp_1 to i18" [firmware/nnet_utils/nnet_mult.h:73->firmware/nnet_utils/nnet_dense_latency.h:42]   --->   Operation 37 'sext' 'sext_ln1118_6' <Predicate = true> <Delay = 0.00>
ST_2 : Operation 38 [1/1] (4.06ns)   --->   "%mul_ln1118_4 = mul i18 11, %sext_ln1118_6" [firmware/nnet_utils/nnet_mult.h:73->firmware/nnet_utils/nnet_dense_latency.h:42]   --->   Operation 38 'mul' 'mul_ln1118_4' <Predicate = true> <Delay = 4.06> <Core = "Mul">   --->   Core 16 'Mul' <Latency = 0> <II = 1> <Delay = 4.06> <FuncUnit> <Opcode : 'mul'> <InPorts = 2> <OutPorts = 1>
ST_2 : Operation 39 [1/1] (0.00ns)   --->   "%trunc_ln708_40 = call i16 @_ssdm_op_PartSelect.i16.i18.i32.i32(i18 %mul_ln1118_4, i32 2, i32 17)" [firmware/nnet_utils/nnet_dense_latency.h:42]   --->   Operation 39 'partselect' 'trunc_ln708_40' <Predicate = true> <Delay = 0.00>
ST_2 : Operation 40 [1/1] (4.06ns)   --->   "%mul_ln1118_5 = mul i18 -11, %sext_ln1118_6" [firmware/nnet_utils/nnet_mult.h:73->firmware/nnet_utils/nnet_dense_latency.h:42]   --->   Operation 40 'mul' 'mul_ln1118_5' <Predicate = true> <Delay = 4.06> <Core = "Mul">   --->   Core 16 'Mul' <Latency = 0> <II = 1> <Delay = 4.06> <FuncUnit> <Opcode : 'mul'> <InPorts = 2> <OutPorts = 1>
ST_2 : Operation 41 [1/1] (0.00ns)   --->   "%trunc_ln708_41 = call i16 @_ssdm_op_PartSelect.i16.i18.i32.i32(i18 %mul_ln1118_5, i32 2, i32 17)" [firmware/nnet_utils/nnet_dense_latency.h:42]   --->   Operation 41 'partselect' 'trunc_ln708_41' <Predicate = true> <Delay = 0.00>
ST_2 : Operation 42 [1/1] (0.00ns)   --->   "%shl_ln1118_22 = call i18 @_ssdm_op_BitConcatenate.i18.i15.i3(i15 %tmp_s, i3 0)" [firmware/nnet_utils/nnet_mult.h:73->firmware/nnet_utils/nnet_dense_latency.h:42]   --->   Operation 42 'bitconcatenate' 'shl_ln1118_22' <Predicate = true> <Delay = 0.00>
ST_2 : Operation 43 [1/1] (0.00ns)   --->   "%shl_ln1118_23 = call i17 @_ssdm_op_BitConcatenate.i17.i16.i1(i16 %tmp_1, i1 false)" [firmware/nnet_utils/nnet_mult.h:73->firmware/nnet_utils/nnet_dense_latency.h:42]   --->   Operation 43 'bitconcatenate' 'shl_ln1118_23' <Predicate = true> <Delay = 0.00>
ST_2 : Operation 44 [1/1] (0.00ns)   --->   "%sext_ln1118_7 = sext i17 %shl_ln1118_23 to i18" [firmware/nnet_utils/nnet_mult.h:73->firmware/nnet_utils/nnet_dense_latency.h:42]   --->   Operation 44 'sext' 'sext_ln1118_7' <Predicate = true> <Delay = 0.00>
ST_2 : Operation 45 [1/1] (1.80ns)   --->   "%add_ln1118 = add i18 %sext_ln1118_7, %shl_ln1118_22" [firmware/nnet_utils/nnet_mult.h:73->firmware/nnet_utils/nnet_dense_latency.h:42]   --->   Operation 45 'add' 'add_ln1118' <Predicate = true> <Delay = 1.80> <Core = "AddSub">   --->   Core 14 'AddSub' <Latency = 0> <II = 1> <Delay = 1.77> <FuncUnit> <Opcode : 'add' 'sub'> <InPorts = 2> <OutPorts = 1>
ST_2 : Operation 46 [1/1] (0.00ns)   --->   "%trunc_ln708_42 = call i16 @_ssdm_op_PartSelect.i16.i18.i32.i32(i18 %add_ln1118, i32 2, i32 17)" [firmware/nnet_utils/nnet_dense_latency.h:42]   --->   Operation 46 'partselect' 'trunc_ln708_42' <Predicate = true> <Delay = 0.00>
ST_2 : Operation 47 [1/1] (0.00ns)   --->   "%shl_ln1118_24 = call i18 @_ssdm_op_BitConcatenate.i18.i14.i4(i14 %tmp_3, i4 0)" [firmware/nnet_utils/nnet_mult.h:73->firmware/nnet_utils/nnet_dense_latency.h:42]   --->   Operation 47 'bitconcatenate' 'shl_ln1118_24' <Predicate = true> <Delay = 0.00>
ST_2 : Operation 48 [1/1] (0.00ns)   --->   "%shl_ln1118_25 = call i18 @_ssdm_op_BitConcatenate.i18.i16.i2(i16 %tmp_1, i2 0)" [firmware/nnet_utils/nnet_mult.h:73->firmware/nnet_utils/nnet_dense_latency.h:42]   --->   Operation 48 'bitconcatenate' 'shl_ln1118_25' <Predicate = true> <Delay = 0.00>
ST_2 : Operation 49 [1/1] (1.80ns)   --->   "%sub_ln1118_29 = sub i18 %shl_ln1118_25, %shl_ln1118_24" [firmware/nnet_utils/nnet_mult.h:73->firmware/nnet_utils/nnet_dense_latency.h:42]   --->   Operation 49 'sub' 'sub_ln1118_29' <Predicate = true> <Delay = 1.80> <Core = "AddSub">   --->   Core 14 'AddSub' <Latency = 0> <II = 1> <Delay = 1.77> <FuncUnit> <Opcode : 'add' 'sub'> <InPorts = 2> <OutPorts = 1>
ST_2 : Operation 50 [1/1] (0.00ns)   --->   "%trunc_ln708_43 = call i16 @_ssdm_op_PartSelect.i16.i18.i32.i32(i18 %sub_ln1118_29, i32 2, i32 17)" [firmware/nnet_utils/nnet_dense_latency.h:42]   --->   Operation 50 'partselect' 'trunc_ln708_43' <Predicate = true> <Delay = 0.00>
ST_2 : Operation 51 [1/1] (1.80ns)   --->   "%sub_ln1118_30 = sub i18 %shl_ln1118_24, %sext_ln1118_7" [firmware/nnet_utils/nnet_mult.h:73->firmware/nnet_utils/nnet_dense_latency.h:42]   --->   Operation 51 'sub' 'sub_ln1118_30' <Predicate = true> <Delay = 1.80> <Core = "AddSub">   --->   Core 14 'AddSub' <Latency = 0> <II = 1> <Delay = 1.77> <FuncUnit> <Opcode : 'add' 'sub'> <InPorts = 2> <OutPorts = 1>
ST_2 : Operation 52 [1/1] (0.00ns)   --->   "%trunc_ln708_44 = call i16 @_ssdm_op_PartSelect.i16.i18.i32.i32(i18 %sub_ln1118_30, i32 2, i32 17)" [firmware/nnet_utils/nnet_dense_latency.h:42]   --->   Operation 52 'partselect' 'trunc_ln708_44' <Predicate = true> <Delay = 0.00>
ST_2 : Operation 53 [1/1] (0.00ns) (grouped into TernaryAdder)   --->   "%sub_ln1118_31 = sub i18 0, %shl_ln1118_22" [firmware/nnet_utils/nnet_mult.h:73->firmware/nnet_utils/nnet_dense_latency.h:42]   --->   Operation 53 'sub' 'sub_ln1118_31' <Predicate = true> <Delay = 0.00> <Core = "TAddSub">   --->   Core 83 'TAddSub' <Latency = 0> <II = 1> <Delay = 1.48> <IPBlock> <Opcode : 'add' 'sub'> <InPorts = 3> <OutPorts = 1> <Sync> <CReg>
ST_2 : Operation 54 [1/1] (3.02ns) (root node of TernaryAdder)   --->   "%sub_ln1118_32 = sub i18 %sub_ln1118_31, %sext_ln1118_7" [firmware/nnet_utils/nnet_mult.h:73->firmware/nnet_utils/nnet_dense_latency.h:42]   --->   Operation 54 'sub' 'sub_ln1118_32' <Predicate = true> <Delay = 3.02> <Core = "TAddSub">   --->   Core 83 'TAddSub' <Latency = 0> <II = 1> <Delay = 1.48> <IPBlock> <Opcode : 'add' 'sub'> <InPorts = 3> <OutPorts = 1> <Sync> <CReg>
ST_2 : Operation 55 [1/1] (0.00ns)   --->   "%trunc_ln708_45 = call i16 @_ssdm_op_PartSelect.i16.i18.i32.i32(i18 %sub_ln1118_32, i32 2, i32 17)" [firmware/nnet_utils/nnet_dense_latency.h:42]   --->   Operation 55 'partselect' 'trunc_ln708_45' <Predicate = true> <Delay = 0.00>
ST_2 : Operation 56 [1/1] (1.80ns)   --->   "%sub_ln1118_33 = sub i18 %shl_ln1118_24, %shl_ln1118_25" [firmware/nnet_utils/nnet_mult.h:73->firmware/nnet_utils/nnet_dense_latency.h:42]   --->   Operation 56 'sub' 'sub_ln1118_33' <Predicate = true> <Delay = 1.80> <Core = "AddSub">   --->   Core 14 'AddSub' <Latency = 0> <II = 1> <Delay = 1.77> <FuncUnit> <Opcode : 'add' 'sub'> <InPorts = 2> <OutPorts = 1>
ST_2 : Operation 57 [1/1] (0.00ns)   --->   "%trunc_ln708_46 = call i16 @_ssdm_op_PartSelect.i16.i18.i32.i32(i18 %sub_ln1118_33, i32 2, i32 17)" [firmware/nnet_utils/nnet_dense_latency.h:42]   --->   Operation 57 'partselect' 'trunc_ln708_46' <Predicate = true> <Delay = 0.00>
ST_2 : Operation 58 [1/1] (4.06ns)   --->   "%mul_ln1118_6 = mul i18 13, %sext_ln1118_6" [firmware/nnet_utils/nnet_mult.h:73->firmware/nnet_utils/nnet_dense_latency.h:42]   --->   Operation 58 'mul' 'mul_ln1118_6' <Predicate = true> <Delay = 4.06> <Core = "Mul">   --->   Core 16 'Mul' <Latency = 0> <II = 1> <Delay = 4.06> <FuncUnit> <Opcode : 'mul'> <InPorts = 2> <OutPorts = 1>
ST_2 : Operation 59 [1/1] (0.00ns)   --->   "%trunc_ln708_47 = call i16 @_ssdm_op_PartSelect.i16.i18.i32.i32(i18 %mul_ln1118_6, i32 2, i32 17)" [firmware/nnet_utils/nnet_dense_latency.h:42]   --->   Operation 59 'partselect' 'trunc_ln708_47' <Predicate = true> <Delay = 0.00>
ST_2 : Operation 60 [1/1] (1.80ns)   --->   "%sub_ln1118_34 = sub i18 %sext_ln1118_7, %shl_ln1118_24" [firmware/nnet_utils/nnet_mult.h:73->firmware/nnet_utils/nnet_dense_latency.h:42]   --->   Operation 60 'sub' 'sub_ln1118_34' <Predicate = true> <Delay = 1.80> <Core = "AddSub">   --->   Core 14 'AddSub' <Latency = 0> <II = 1> <Delay = 1.77> <FuncUnit> <Opcode : 'add' 'sub'> <InPorts = 2> <OutPorts = 1>
ST_2 : Operation 61 [1/1] (0.00ns)   --->   "%trunc_ln708_48 = call i16 @_ssdm_op_PartSelect.i16.i18.i32.i32(i18 %sub_ln1118_34, i32 2, i32 17)" [firmware/nnet_utils/nnet_dense_latency.h:42]   --->   Operation 61 'partselect' 'trunc_ln708_48' <Predicate = true> <Delay = 0.00>
ST_2 : Operation 62 [1/1] (0.00ns)   --->   "%shl_ln1118_26 = call i18 @_ssdm_op_BitConcatenate.i18.i14.i4(i14 %tmp_4, i4 0)" [firmware/nnet_utils/nnet_mult.h:73->firmware/nnet_utils/nnet_dense_latency.h:42]   --->   Operation 62 'bitconcatenate' 'shl_ln1118_26' <Predicate = true> <Delay = 0.00>
ST_2 : Operation 63 [1/1] (1.80ns)   --->   "%sub_ln1118_35 = sub i18 0, %shl_ln1118_26" [firmware/nnet_utils/nnet_mult.h:73->firmware/nnet_utils/nnet_dense_latency.h:42]   --->   Operation 63 'sub' 'sub_ln1118_35' <Predicate = true> <Delay = 1.80> <Core = "AddSub">   --->   Core 14 'AddSub' <Latency = 0> <II = 1> <Delay = 1.77> <FuncUnit> <Opcode : 'add' 'sub'> <InPorts = 2> <OutPorts = 1>
ST_2 : Operation 64 [1/1] (0.00ns)   --->   "%trunc_ln708_49 = call i16 @_ssdm_op_PartSelect.i16.i18.i32.i32(i18 %sub_ln1118_35, i32 2, i32 17)" [firmware/nnet_utils/nnet_dense_latency.h:42]   --->   Operation 64 'partselect' 'trunc_ln708_49' <Predicate = true> <Delay = 0.00>
ST_2 : Operation 65 [1/1] (1.80ns)   --->   "%sub_ln1118_36 = sub i18 %shl_ln1118_26, %sext_ln1118_8" [firmware/nnet_utils/nnet_mult.h:73->firmware/nnet_utils/nnet_dense_latency.h:42]   --->   Operation 65 'sub' 'sub_ln1118_36' <Predicate = true> <Delay = 1.80> <Core = "AddSub">   --->   Core 14 'AddSub' <Latency = 0> <II = 1> <Delay = 1.77> <FuncUnit> <Opcode : 'add' 'sub'> <InPorts = 2> <OutPorts = 1>
ST_2 : Operation 66 [1/1] (0.00ns)   --->   "%trunc_ln708_50 = call i16 @_ssdm_op_PartSelect.i16.i18.i32.i32(i18 %sub_ln1118_36, i32 2, i32 17)" [firmware/nnet_utils/nnet_dense_latency.h:42]   --->   Operation 66 'partselect' 'trunc_ln708_50' <Predicate = true> <Delay = 0.00>
ST_2 : Operation 67 [1/1] (4.06ns)   --->   "%mul_ln1118_8 = mul i18 11, %sext_ln1118_8" [firmware/nnet_utils/nnet_mult.h:73->firmware/nnet_utils/nnet_dense_latency.h:42]   --->   Operation 67 'mul' 'mul_ln1118_8' <Predicate = true> <Delay = 4.06> <Core = "Mul">   --->   Core 16 'Mul' <Latency = 0> <II = 1> <Delay = 4.06> <FuncUnit> <Opcode : 'mul'> <InPorts = 2> <OutPorts = 1>
ST_2 : Operation 68 [1/1] (0.00ns)   --->   "%trunc_ln708_52 = call i16 @_ssdm_op_PartSelect.i16.i18.i32.i32(i18 %mul_ln1118_8, i32 2, i32 17)" [firmware/nnet_utils/nnet_dense_latency.h:42]   --->   Operation 68 'partselect' 'trunc_ln708_52' <Predicate = true> <Delay = 0.00>
ST_2 : Operation 69 [1/1] (0.00ns)   --->   "%shl_ln1118_27 = call i18 @_ssdm_op_BitConcatenate.i18.i16.i2(i16 %tmp_2, i2 0)" [firmware/nnet_utils/nnet_mult.h:73->firmware/nnet_utils/nnet_dense_latency.h:42]   --->   Operation 69 'bitconcatenate' 'shl_ln1118_27' <Predicate = true> <Delay = 0.00>
ST_2 : Operation 70 [1/1] (1.80ns)   --->   "%sub_ln1118_37 = sub i18 %shl_ln1118_27, %shl_ln1118_26" [firmware/nnet_utils/nnet_mult.h:73->firmware/nnet_utils/nnet_dense_latency.h:42]   --->   Operation 70 'sub' 'sub_ln1118_37' <Predicate = true> <Delay = 1.80> <Core = "AddSub">   --->   Core 14 'AddSub' <Latency = 0> <II = 1> <Delay = 1.77> <FuncUnit> <Opcode : 'add' 'sub'> <InPorts = 2> <OutPorts = 1>
ST_2 : Operation 71 [1/1] (0.00ns)   --->   "%trunc_ln708_53 = call i16 @_ssdm_op_PartSelect.i16.i18.i32.i32(i18 %sub_ln1118_37, i32 2, i32 17)" [firmware/nnet_utils/nnet_dense_latency.h:42]   --->   Operation 71 'partselect' 'trunc_ln708_53' <Predicate = true> <Delay = 0.00>
ST_2 : Operation 72 [1/1] (0.00ns)   --->   "%shl_ln1118_28 = call i18 @_ssdm_op_BitConcatenate.i18.i15.i3(i15 %tmp_5, i3 0)" [firmware/nnet_utils/nnet_mult.h:73->firmware/nnet_utils/nnet_dense_latency.h:42]   --->   Operation 72 'bitconcatenate' 'shl_ln1118_28' <Predicate = true> <Delay = 0.00>
ST_2 : Operation 73 [1/1] (0.00ns)   --->   "%shl_ln1118_29 = call i17 @_ssdm_op_BitConcatenate.i17.i16.i1(i16 %tmp_2, i1 false)" [firmware/nnet_utils/nnet_mult.h:73->firmware/nnet_utils/nnet_dense_latency.h:42]   --->   Operation 73 'bitconcatenate' 'shl_ln1118_29' <Predicate = true> <Delay = 0.00>
ST_2 : Operation 74 [1/1] (0.00ns)   --->   "%sext_ln1118_9 = sext i17 %shl_ln1118_29 to i18" [firmware/nnet_utils/nnet_mult.h:73->firmware/nnet_utils/nnet_dense_latency.h:42]   --->   Operation 74 'sext' 'sext_ln1118_9' <Predicate = true> <Delay = 0.00>
ST_2 : Operation 75 [1/1] (1.80ns)   --->   "%add_ln1118_4 = add i18 %sext_ln1118_9, %shl_ln1118_28" [firmware/nnet_utils/nnet_mult.h:73->firmware/nnet_utils/nnet_dense_latency.h:42]   --->   Operation 75 'add' 'add_ln1118_4' <Predicate = true> <Delay = 1.80> <Core = "AddSub">   --->   Core 14 'AddSub' <Latency = 0> <II = 1> <Delay = 1.77> <FuncUnit> <Opcode : 'add' 'sub'> <InPorts = 2> <OutPorts = 1>
ST_2 : Operation 76 [1/1] (0.00ns)   --->   "%trunc_ln708_54 = call i16 @_ssdm_op_PartSelect.i16.i18.i32.i32(i18 %add_ln1118_4, i32 2, i32 17)" [firmware/nnet_utils/nnet_dense_latency.h:42]   --->   Operation 76 'partselect' 'trunc_ln708_54' <Predicate = true> <Delay = 0.00>
ST_2 : Operation 77 [1/1] (1.77ns)   --->   "%add_ln703_37 = add i16 256, %trunc_ln708_51" [firmware/nnet_utils/nnet_dense_latency.h:58]   --->   Operation 77 'add' 'add_ln703_37' <Predicate = true> <Delay = 1.77> <Core = "AddSub">   --->   Core 14 'AddSub' <Latency = 0> <II = 1> <Delay = 1.77> <FuncUnit> <Opcode : 'add' 'sub'> <InPorts = 2> <OutPorts = 1>
ST_2 : Operation 78 [1/1] (1.77ns)   --->   "%add_ln703_44 = add i16 -192, %trunc_ln708_53" [firmware/nnet_utils/nnet_dense_latency.h:58]   --->   Operation 78 'add' 'add_ln703_44' <Predicate = true> <Delay = 1.77> <Core = "AddSub">   --->   Core 14 'AddSub' <Latency = 0> <II = 1> <Delay = 1.77> <FuncUnit> <Opcode : 'add' 'sub'> <InPorts = 2> <OutPorts = 1>

State 3 <SV = 2> <Delay = 3.57>
ST_3 : Operation 79 [1/1] (0.00ns)   --->   "call void (...)* @_ssdm_op_SpecPipeline(i32 1, i32 1, i32 1, i32 0, [1 x i8]* @p_str7) nounwind" [firmware/nnet_utils/nnet_dense_latency.h:26]   --->   Operation 79 'specpipeline' <Predicate = true> <Delay = 0.00>
ST_3 : Operation 80 [1/1] (0.00ns)   --->   "call void (...)* @_ssdm_op_SpecResourceLimit(i32 30, [4 x i8]* @p_str12, [1 x i8]* @p_str7, [1 x i8]* @p_str7, [1 x i8]* @p_str7) nounwind" [firmware/nnet_utils/nnet_dense_latency.h:33]   --->   Operation 80 'specresourcelimit' <Predicate = true> <Delay = 0.00>
ST_3 : Operation 81 [1/1] (0.00ns)   --->   "%shl_ln1118_s = call i18 @_ssdm_op_BitConcatenate.i18.i16.i2(i16 %trunc_ln203, i2 0)" [firmware/nnet_utils/nnet_mult.h:73->firmware/nnet_utils/nnet_dense_latency.h:42]   --->   Operation 81 'bitconcatenate' 'shl_ln1118_s' <Predicate = true> <Delay = 0.00>
ST_3 : Operation 82 [1/1] (1.80ns)   --->   "%sub_ln1118 = sub i18 %shl_ln, %shl_ln1118_s" [firmware/nnet_utils/nnet_mult.h:73->firmware/nnet_utils/nnet_dense_latency.h:42]   --->   Operation 82 'sub' 'sub_ln1118' <Predicate = true> <Delay = 1.80> <Core = "AddSub">   --->   Core 14 'AddSub' <Latency = 0> <II = 1> <Delay = 1.77> <FuncUnit> <Opcode : 'add' 'sub'> <InPorts = 2> <OutPorts = 1>
ST_3 : Operation 83 [1/1] (0.00ns)   --->   "%trunc_ln = call i16 @_ssdm_op_PartSelect.i16.i18.i32.i32(i18 %sub_ln1118, i32 2, i32 17)" [firmware/nnet_utils/nnet_dense_latency.h:42]   --->   Operation 83 'partselect' 'trunc_ln' <Predicate = true> <Delay = 0.00>
ST_3 : Operation 84 [1/1] (1.80ns)   --->   "%sub_ln1118_25 = sub i18 %shl_ln1118_s, %shl_ln" [firmware/nnet_utils/nnet_mult.h:73->firmware/nnet_utils/nnet_dense_latency.h:42]   --->   Operation 84 'sub' 'sub_ln1118_25' <Predicate = true> <Delay = 1.80> <Core = "AddSub">   --->   Core 14 'AddSub' <Latency = 0> <II = 1> <Delay = 1.77> <FuncUnit> <Opcode : 'add' 'sub'> <InPorts = 2> <OutPorts = 1>
ST_3 : Operation 85 [1/1] (0.00ns)   --->   "%trunc_ln708_36 = call i16 @_ssdm_op_PartSelect.i16.i18.i32.i32(i18 %sub_ln1118_25, i32 2, i32 17)" [firmware/nnet_utils/nnet_dense_latency.h:42]   --->   Operation 85 'partselect' 'trunc_ln708_36' <Predicate = true> <Delay = 0.00>
ST_3 : Operation 86 [1/1] (1.80ns)   --->   "%sub_ln1118_26 = sub i18 0, %shl_ln" [firmware/nnet_utils/nnet_mult.h:73->firmware/nnet_utils/nnet_dense_latency.h:42]   --->   Operation 86 'sub' 'sub_ln1118_26' <Predicate = true> <Delay = 1.80> <Core = "AddSub">   --->   Core 14 'AddSub' <Latency = 0> <II = 1> <Delay = 1.77> <FuncUnit> <Opcode : 'add' 'sub'> <InPorts = 2> <OutPorts = 1>
ST_3 : Operation 87 [1/1] (0.00ns)   --->   "%trunc_ln708_37 = call i16 @_ssdm_op_PartSelect.i16.i18.i32.i32(i18 %sub_ln1118_26, i32 2, i32 17)" [firmware/nnet_utils/nnet_dense_latency.h:42]   --->   Operation 87 'partselect' 'trunc_ln708_37' <Predicate = true> <Delay = 0.00>
ST_3 : Operation 88 [1/1] (1.77ns)   --->   "%acc_1_V = add i16 %trunc_ln708_40, %trunc_ln" [firmware/nnet_utils/nnet_dense_latency.h:58]   --->   Operation 88 'add' 'acc_1_V' <Predicate = true> <Delay = 1.77> <Core = "AddSub">   --->   Core 14 'AddSub' <Latency = 0> <II = 1> <Delay = 1.77> <FuncUnit> <Opcode : 'add' 'sub'> <InPorts = 2> <OutPorts = 1>
ST_3 : Operation 89 [1/1] (0.00ns) (grouped into TernaryAdder)   --->   "%add_ln703 = add i16 192, %trunc_ln708_41" [firmware/nnet_utils/nnet_dense_latency.h:58]   --->   Operation 89 'add' 'add_ln703' <Predicate = true> <Delay = 0.00> <Core = "TAddSub">   --->   Core 83 'TAddSub' <Latency = 0> <II = 1> <Delay = 1.48> <IPBlock> <Opcode : 'add' 'sub'> <InPorts = 3> <OutPorts = 1> <Sync> <CReg>
ST_3 : Operation 90 [1/1] (2.97ns) (root node of TernaryAdder)   --->   "%acc_2_V = add i16 %add_ln703, %trunc_ln708_s" [firmware/nnet_utils/nnet_dense_latency.h:58]   --->   Operation 90 'add' 'acc_2_V' <Predicate = true> <Delay = 2.97> <Core = "TAddSub">   --->   Core 83 'TAddSub' <Latency = 0> <II = 1> <Delay = 1.48> <IPBlock> <Opcode : 'add' 'sub'> <InPorts = 3> <OutPorts = 1> <Sync> <CReg>
ST_3 : Operation 91 [1/1] (0.00ns) (grouped into TernaryAdder)   --->   "%add_ln703_32 = add i16 128, %trunc_ln708_49" [firmware/nnet_utils/nnet_dense_latency.h:58]   --->   Operation 91 'add' 'add_ln703_32' <Predicate = true> <Delay = 0.00> <Core = "TAddSub">   --->   Core 83 'TAddSub' <Latency = 0> <II = 1> <Delay = 1.48> <IPBlock> <Opcode : 'add' 'sub'> <InPorts = 3> <OutPorts = 1> <Sync> <CReg>
ST_3 : Operation 92 [1/1] (2.97ns) (root node of TernaryAdder)   --->   "%acc_3_V = add i16 %add_ln703_32, %trunc_ln708_41" [firmware/nnet_utils/nnet_dense_latency.h:58]   --->   Operation 92 'add' 'acc_3_V' <Predicate = true> <Delay = 2.97> <Core = "TAddSub">   --->   Core 83 'TAddSub' <Latency = 0> <II = 1> <Delay = 1.48> <IPBlock> <Opcode : 'add' 'sub'> <InPorts = 3> <OutPorts = 1> <Sync> <CReg>
ST_3 : Operation 93 [1/1] (0.00ns) (grouped into TernaryAdder)   --->   "%add_ln703_34 = add i16 128, %trunc_ln708_50" [firmware/nnet_utils/nnet_dense_latency.h:58]   --->   Operation 93 'add' 'add_ln703_34' <Predicate = true> <Delay = 0.00> <Core = "TAddSub">   --->   Core 83 'TAddSub' <Latency = 0> <II = 1> <Delay = 1.48> <IPBlock> <Opcode : 'add' 'sub'> <InPorts = 3> <OutPorts = 1> <Sync> <CReg>
ST_3 : Operation 94 [1/1] (2.97ns) (root node of TernaryAdder)   --->   "%acc_4_V = add i16 %add_ln703_34, %trunc_ln708_42" [firmware/nnet_utils/nnet_dense_latency.h:58]   --->   Operation 94 'add' 'acc_4_V' <Predicate = true> <Delay = 2.97> <Core = "TAddSub">   --->   Core 83 'TAddSub' <Latency = 0> <II = 1> <Delay = 1.48> <IPBlock> <Opcode : 'add' 'sub'> <InPorts = 3> <OutPorts = 1> <Sync> <CReg>
ST_3 : Operation 95 [1/1] (0.00ns) (grouped into TernaryAdder)   --->   "%add_ln703_36 = add i16 %trunc_ln708_32, %trunc_ln708_43" [firmware/nnet_utils/nnet_dense_latency.h:58]   --->   Operation 95 'add' 'add_ln703_36' <Predicate = true> <Delay = 0.00> <Core = "TAddSub">   --->   Core 83 'TAddSub' <Latency = 0> <II = 1> <Delay = 1.48> <IPBlock> <Opcode : 'add' 'sub'> <InPorts = 3> <OutPorts = 1> <Sync> <CReg>
ST_3 : Operation 96 [1/1] (2.97ns) (root node of TernaryAdder)   --->   "%acc_5_V = add i16 %add_ln703_37, %add_ln703_36" [firmware/nnet_utils/nnet_dense_latency.h:58]   --->   Operation 96 'add' 'acc_5_V' <Predicate = true> <Delay = 2.97> <Core = "TAddSub">   --->   Core 83 'TAddSub' <Latency = 0> <II = 1> <Delay = 1.48> <IPBlock> <Opcode : 'add' 'sub'> <InPorts = 3> <OutPorts = 1> <Sync> <CReg>
ST_3 : Operation 97 [1/1] (1.77ns)   --->   "%acc_6_V = add i16 -128, %trunc_ln708_44" [firmware/nnet_utils/nnet_dense_latency.h:58]   --->   Operation 97 'add' 'acc_6_V' <Predicate = true> <Delay = 1.77> <Core = "AddSub">   --->   Core 14 'AddSub' <Latency = 0> <II = 1> <Delay = 1.77> <FuncUnit> <Opcode : 'add' 'sub'> <InPorts = 2> <OutPorts = 1>
ST_3 : Operation 98 [1/1] (0.00ns) (grouped into TernaryAdder)   --->   "%add_ln703_40 = add i16 128, %trunc_ln708_45" [firmware/nnet_utils/nnet_dense_latency.h:58]   --->   Operation 98 'add' 'add_ln703_40' <Predicate = true> <Delay = 0.00> <Core = "TAddSub">   --->   Core 83 'TAddSub' <Latency = 0> <II = 1> <Delay = 1.48> <IPBlock> <Opcode : 'add' 'sub'> <InPorts = 3> <OutPorts = 1> <Sync> <CReg>
ST_3 : Operation 99 [1/1] (2.97ns) (root node of TernaryAdder)   --->   "%acc_8_V = add i16 %add_ln703_40, %trunc_ln708_33" [firmware/nnet_utils/nnet_dense_latency.h:58]   --->   Operation 99 'add' 'acc_8_V' <Predicate = true> <Delay = 2.97> <Core = "TAddSub">   --->   Core 83 'TAddSub' <Latency = 0> <II = 1> <Delay = 1.48> <IPBlock> <Opcode : 'add' 'sub'> <InPorts = 3> <OutPorts = 1> <Sync> <CReg>
ST_3 : Operation 100 [1/1] (1.77ns)   --->   "%acc_9_V = add i16 %trunc_ln708_52, %trunc_ln708_34" [firmware/nnet_utils/nnet_dense_latency.h:58]   --->   Operation 100 'add' 'acc_9_V' <Predicate = true> <Delay = 1.77> <Core = "AddSub">   --->   Core 14 'AddSub' <Latency = 0> <II = 1> <Delay = 1.77> <FuncUnit> <Opcode : 'add' 'sub'> <InPorts = 2> <OutPorts = 1>
ST_3 : Operation 101 [1/1] (0.00ns) (grouped into TernaryAdder)   --->   "%add_ln703_43 = add i16 %trunc_ln708_35, %trunc_ln708_46" [firmware/nnet_utils/nnet_dense_latency.h:58]   --->   Operation 101 'add' 'add_ln703_43' <Predicate = true> <Delay = 0.00> <Core = "TAddSub">   --->   Core 83 'TAddSub' <Latency = 0> <II = 1> <Delay = 1.48> <IPBlock> <Opcode : 'add' 'sub'> <InPorts = 3> <OutPorts = 1> <Sync> <CReg>
ST_3 : Operation 102 [1/1] (2.97ns) (root node of TernaryAdder)   --->   "%acc_10_V = add i16 %add_ln703_44, %add_ln703_43" [firmware/nnet_utils/nnet_dense_latency.h:58]   --->   Operation 102 'add' 'acc_10_V' <Predicate = true> <Delay = 2.97> <Core = "TAddSub">   --->   Core 83 'TAddSub' <Latency = 0> <II = 1> <Delay = 1.48> <IPBlock> <Opcode : 'add' 'sub'> <InPorts = 3> <OutPorts = 1> <Sync> <CReg>
ST_3 : Operation 103 [1/1] (0.00ns) (grouped into TernaryAdder)   --->   "%add_ln703_46 = add i16 256, %trunc_ln708_47" [firmware/nnet_utils/nnet_dense_latency.h:58]   --->   Operation 103 'add' 'add_ln703_46' <Predicate = true> <Delay = 0.00> <Core = "TAddSub">   --->   Core 83 'TAddSub' <Latency = 0> <II = 1> <Delay = 1.48> <IPBlock> <Opcode : 'add' 'sub'> <InPorts = 3> <OutPorts = 1> <Sync> <CReg>
ST_3 : Operation 104 [1/1] (2.97ns) (root node of TernaryAdder)   --->   "%acc_11_V = add i16 %add_ln703_46, %trunc_ln708_35" [firmware/nnet_utils/nnet_dense_latency.h:58]   --->   Operation 104 'add' 'acc_11_V' <Predicate = true> <Delay = 2.97> <Core = "TAddSub">   --->   Core 83 'TAddSub' <Latency = 0> <II = 1> <Delay = 1.48> <IPBlock> <Opcode : 'add' 'sub'> <InPorts = 3> <OutPorts = 1> <Sync> <CReg>
ST_3 : Operation 105 [1/1] (0.00ns) (grouped into TernaryAdder)   --->   "%add_ln703_48 = add i16 64, %trunc_ln708_54" [firmware/nnet_utils/nnet_dense_latency.h:58]   --->   Operation 105 'add' 'add_ln703_48' <Predicate = true> <Delay = 0.00> <Core = "TAddSub">   --->   Core 83 'TAddSub' <Latency = 0> <II = 1> <Delay = 1.48> <IPBlock> <Opcode : 'add' 'sub'> <InPorts = 3> <OutPorts = 1> <Sync> <CReg>
ST_3 : Operation 106 [1/1] (2.97ns) (root node of TernaryAdder)   --->   "%acc_13_V = add i16 %add_ln703_48, %trunc_ln708_35" [firmware/nnet_utils/nnet_dense_latency.h:58]   --->   Operation 106 'add' 'acc_13_V' <Predicate = true> <Delay = 2.97> <Core = "TAddSub">   --->   Core 83 'TAddSub' <Latency = 0> <II = 1> <Delay = 1.48> <IPBlock> <Opcode : 'add' 'sub'> <InPorts = 3> <OutPorts = 1> <Sync> <CReg>
ST_3 : Operation 107 [1/1] (1.77ns)   --->   "%acc_14_V = add i16 64, %trunc_ln708_36" [firmware/nnet_utils/nnet_dense_latency.h:58]   --->   Operation 107 'add' 'acc_14_V' <Predicate = true> <Delay = 1.77> <Core = "AddSub">   --->   Core 14 'AddSub' <Latency = 0> <II = 1> <Delay = 1.77> <FuncUnit> <Opcode : 'add' 'sub'> <InPorts = 2> <OutPorts = 1>
ST_3 : Operation 108 [1/1] (1.77ns)   --->   "%acc_16_V = add i16 64, %trunc_ln708_37" [firmware/nnet_utils/nnet_dense_latency.h:58]   --->   Operation 108 'add' 'acc_16_V' <Predicate = true> <Delay = 1.77> <Core = "AddSub">   --->   Core 14 'AddSub' <Latency = 0> <II = 1> <Delay = 1.77> <FuncUnit> <Opcode : 'add' 'sub'> <InPorts = 2> <OutPorts = 1>
ST_3 : Operation 109 [1/1] (0.00ns) (grouped into TernaryAdder)   --->   "%add_ln703_52 = add i16 64, %trunc_ln708_48" [firmware/nnet_utils/nnet_dense_latency.h:58]   --->   Operation 109 'add' 'add_ln703_52' <Predicate = true> <Delay = 0.00> <Core = "TAddSub">   --->   Core 83 'TAddSub' <Latency = 0> <II = 1> <Delay = 1.48> <IPBlock> <Opcode : 'add' 'sub'> <InPorts = 3> <OutPorts = 1> <Sync> <CReg>
ST_3 : Operation 110 [1/1] (2.97ns) (root node of TernaryAdder)   --->   "%acc_17_V = add i16 %add_ln703_52, %trunc_ln708_38" [firmware/nnet_utils/nnet_dense_latency.h:58]   --->   Operation 110 'add' 'acc_17_V' <Predicate = true> <Delay = 2.97> <Core = "TAddSub">   --->   Core 83 'TAddSub' <Latency = 0> <II = 1> <Delay = 1.48> <IPBlock> <Opcode : 'add' 'sub'> <InPorts = 3> <OutPorts = 1> <Sync> <CReg>
ST_3 : Operation 111 [1/1] (1.77ns)   --->   "%acc_18_V = add i16 128, %trunc_ln" [firmware/nnet_utils/nnet_dense_latency.h:58]   --->   Operation 111 'add' 'acc_18_V' <Predicate = true> <Delay = 1.77> <Core = "AddSub">   --->   Core 14 'AddSub' <Latency = 0> <II = 1> <Delay = 1.77> <FuncUnit> <Opcode : 'add' 'sub'> <InPorts = 2> <OutPorts = 1>
ST_3 : Operation 112 [1/1] (0.00ns) (grouped into TernaryAdder)   --->   "%add_ln703_55 = add i16 64, %trunc_ln708_53" [firmware/nnet_utils/nnet_dense_latency.h:58]   --->   Operation 112 'add' 'add_ln703_55' <Predicate = true> <Delay = 0.00> <Core = "TAddSub">   --->   Core 83 'TAddSub' <Latency = 0> <II = 1> <Delay = 1.48> <IPBlock> <Opcode : 'add' 'sub'> <InPorts = 3> <OutPorts = 1> <Sync> <CReg>
ST_3 : Operation 113 [1/1] (2.97ns) (root node of TernaryAdder)   --->   "%acc_19_V = add i16 %add_ln703_55, %trunc_ln708_39" [firmware/nnet_utils/nnet_dense_latency.h:58]   --->   Operation 113 'add' 'acc_19_V' <Predicate = true> <Delay = 2.97> <Core = "TAddSub">   --->   Core 83 'TAddSub' <Latency = 0> <II = 1> <Delay = 1.48> <IPBlock> <Opcode : 'add' 'sub'> <InPorts = 3> <OutPorts = 1> <Sync> <CReg>
ST_3 : Operation 114 [1/1] (0.00ns)   --->   "%newret = insertvalue { i16, i16, i16, i16, i16, i16, i16, i16, i16, i16, i16, i16, i16, i16, i16, i16 } undef, i16 %acc_1_V, 0" [firmware/nnet_utils/nnet_dense_latency.h:58]   --->   Operation 114 'insertvalue' 'newret' <Predicate = true> <Delay = 0.00>
ST_3 : Operation 115 [1/1] (0.00ns)   --->   "%newret2 = insertvalue { i16, i16, i16, i16, i16, i16, i16, i16, i16, i16, i16, i16, i16, i16, i16, i16 } %newret, i16 %acc_2_V, 1" [firmware/nnet_utils/nnet_dense_latency.h:58]   --->   Operation 115 'insertvalue' 'newret2' <Predicate = true> <Delay = 0.00>
ST_3 : Operation 116 [1/1] (0.00ns)   --->   "%newret4 = insertvalue { i16, i16, i16, i16, i16, i16, i16, i16, i16, i16, i16, i16, i16, i16, i16, i16 } %newret2, i16 %acc_3_V, 2" [firmware/nnet_utils/nnet_dense_latency.h:58]   --->   Operation 116 'insertvalue' 'newret4' <Predicate = true> <Delay = 0.00>
ST_3 : Operation 117 [1/1] (0.00ns)   --->   "%newret6 = insertvalue { i16, i16, i16, i16, i16, i16, i16, i16, i16, i16, i16, i16, i16, i16, i16, i16 } %newret4, i16 %acc_4_V, 3" [firmware/nnet_utils/nnet_dense_latency.h:58]   --->   Operation 117 'insertvalue' 'newret6' <Predicate = true> <Delay = 0.00>
ST_3 : Operation 118 [1/1] (0.00ns)   --->   "%newret8 = insertvalue { i16, i16, i16, i16, i16, i16, i16, i16, i16, i16, i16, i16, i16, i16, i16, i16 } %newret6, i16 %acc_5_V, 4" [firmware/nnet_utils/nnet_dense_latency.h:58]   --->   Operation 118 'insertvalue' 'newret8' <Predicate = true> <Delay = 0.00>
ST_3 : Operation 119 [1/1] (0.00ns)   --->   "%newret10 = insertvalue { i16, i16, i16, i16, i16, i16, i16, i16, i16, i16, i16, i16, i16, i16, i16, i16 } %newret8, i16 %acc_6_V, 5" [firmware/nnet_utils/nnet_dense_latency.h:58]   --->   Operation 119 'insertvalue' 'newret10' <Predicate = true> <Delay = 0.00>
ST_3 : Operation 120 [1/1] (0.00ns)   --->   "%newret12 = insertvalue { i16, i16, i16, i16, i16, i16, i16, i16, i16, i16, i16, i16, i16, i16, i16, i16 } %newret10, i16 %acc_8_V, 6" [firmware/nnet_utils/nnet_dense_latency.h:58]   --->   Operation 120 'insertvalue' 'newret12' <Predicate = true> <Delay = 0.00>
ST_3 : Operation 121 [1/1] (0.00ns)   --->   "%newret14 = insertvalue { i16, i16, i16, i16, i16, i16, i16, i16, i16, i16, i16, i16, i16, i16, i16, i16 } %newret12, i16 %acc_9_V, 7" [firmware/nnet_utils/nnet_dense_latency.h:58]   --->   Operation 121 'insertvalue' 'newret14' <Predicate = true> <Delay = 0.00>
ST_3 : Operation 122 [1/1] (0.00ns)   --->   "%newret16 = insertvalue { i16, i16, i16, i16, i16, i16, i16, i16, i16, i16, i16, i16, i16, i16, i16, i16 } %newret14, i16 %acc_10_V, 8" [firmware/nnet_utils/nnet_dense_latency.h:58]   --->   Operation 122 'insertvalue' 'newret16' <Predicate = true> <Delay = 0.00>
ST_3 : Operation 123 [1/1] (0.00ns)   --->   "%newret18 = insertvalue { i16, i16, i16, i16, i16, i16, i16, i16, i16, i16, i16, i16, i16, i16, i16, i16 } %newret16, i16 %acc_11_V, 9" [firmware/nnet_utils/nnet_dense_latency.h:58]   --->   Operation 123 'insertvalue' 'newret18' <Predicate = true> <Delay = 0.00>
ST_3 : Operation 124 [1/1] (0.00ns)   --->   "%newret19 = insertvalue { i16, i16, i16, i16, i16, i16, i16, i16, i16, i16, i16, i16, i16, i16, i16, i16 } %newret18, i16 %acc_13_V, 10" [firmware/nnet_utils/nnet_dense_latency.h:58]   --->   Operation 124 'insertvalue' 'newret19' <Predicate = true> <Delay = 0.00>
ST_3 : Operation 125 [1/1] (0.00ns)   --->   "%newret20 = insertvalue { i16, i16, i16, i16, i16, i16, i16, i16, i16, i16, i16, i16, i16, i16, i16, i16 } %newret19, i16 %acc_14_V, 11" [firmware/nnet_utils/nnet_dense_latency.h:58]   --->   Operation 125 'insertvalue' 'newret20' <Predicate = true> <Delay = 0.00>
ST_3 : Operation 126 [1/1] (0.00ns)   --->   "%newret21 = insertvalue { i16, i16, i16, i16, i16, i16, i16, i16, i16, i16, i16, i16, i16, i16, i16, i16 } %newret20, i16 %acc_16_V, 12" [firmware/nnet_utils/nnet_dense_latency.h:58]   --->   Operation 126 'insertvalue' 'newret21' <Predicate = true> <Delay = 0.00>
ST_3 : Operation 127 [1/1] (0.00ns)   --->   "%newret22 = insertvalue { i16, i16, i16, i16, i16, i16, i16, i16, i16, i16, i16, i16, i16, i16, i16, i16 } %newret21, i16 %acc_17_V, 13" [firmware/nnet_utils/nnet_dense_latency.h:58]   --->   Operation 127 'insertvalue' 'newret22' <Predicate = true> <Delay = 0.00>
ST_3 : Operation 128 [1/1] (0.00ns)   --->   "%newret23 = insertvalue { i16, i16, i16, i16, i16, i16, i16, i16, i16, i16, i16, i16, i16, i16, i16, i16 } %newret22, i16 %acc_18_V, 14" [firmware/nnet_utils/nnet_dense_latency.h:58]   --->   Operation 128 'insertvalue' 'newret23' <Predicate = true> <Delay = 0.00>
ST_3 : Operation 129 [1/1] (0.00ns)   --->   "%newret24 = insertvalue { i16, i16, i16, i16, i16, i16, i16, i16, i16, i16, i16, i16, i16, i16, i16, i16 } %newret23, i16 %acc_19_V, 15" [firmware/nnet_utils/nnet_dense_latency.h:58]   --->   Operation 129 'insertvalue' 'newret24' <Predicate = true> <Delay = 0.00>
ST_3 : Operation 130 [1/1] (0.00ns)   --->   "ret { i16, i16, i16, i16, i16, i16, i16, i16, i16, i16, i16, i16, i16, i16, i16, i16 } %newret24" [firmware/nnet_utils/nnet_dense_latency.h:58]   --->   Operation 130 'ret' <Predicate = true> <Delay = 0.00>


============================================================
+ Verbose Summary: Timing violations
============================================================
Target clock period: 5ns, clock uncertainty: 0.625ns.

 <State 1>: 4.06ns
The critical path consists of the following:
	wire read on port 'data_V_read' (firmware/nnet_utils/nnet_dense_latency.h:13) [2]  (0 ns)
	'mul' operation ('mul_ln1118_7', firmware/nnet_utils/nnet_mult.h:73->firmware/nnet_utils/nnet_dense_latency.h:42) [71]  (4.06 ns)

 <State 2>: 4.06ns
The critical path consists of the following:
	'mul' operation ('mul_ln1118', firmware/nnet_utils/nnet_mult.h:73->firmware/nnet_utils/nnet_dense_latency.h:42) [12]  (4.06 ns)

 <State 3>: 3.58ns
The critical path consists of the following:
	'sub' operation ('sub_ln1118', firmware/nnet_utils/nnet_mult.h:73->firmware/nnet_utils/nnet_dense_latency.h:42) [10]  (1.8 ns)
	'add' operation ('acc[1].V', firmware/nnet_utils/nnet_dense_latency.h:58) [84]  (1.77 ns)


============================================================
+ Verbose Summary: Binding
============================================================
N/A
* FSMD analyzer results:
  - Output states:
 - Input state : 
  - Chain level:
	State 1
	State 2
	State 3


============================================================
+ Verbose Summary: Datapath Resource usage 
============================================================
N/A
