
****** Vivado(TM) HLS - High-Level Synthesis from C, C++ and SystemC v2019.2 (64-bit)
  **** SW Build 2708876 on Wed Nov  6 21:39:14 MST 2019
  **** IP Build 2700528 on Thu Nov  7 00:09:20 MST 2019
    ** Copyright 1986-2019 Xilinx, Inc. All Rights Reserved.

source /tools/Xilinx/Vivado/2019.2/scripts/vivado_hls/hls.tcl -notrace
INFO: [HLS 200-10] Running '/tools/Xilinx/Vivado/2019.2/bin/unwrapped/lnx64.o/vivado_hls'
INFO: [HLS 200-10] For user 'enric' on host 'LAPTOP-HNF2EMOR.' (Linux_x86_64 version 5.15.133.1-microsoft-standard-WSL2) on Sun Mar 03 22:44:33 CET 2024
INFO: [HLS 200-10] On os Ubuntu 18.04.6 LTS
INFO: [HLS 200-10] In directory '/home/enric/University/NN-on-FPGA/hls4ml_Models/Basket/best_model/hls_prj'
Sourcing Tcl script 'build_prj.tcl'
INFO: [HLS 200-10] Opening project '/home/enric/University/NN-on-FPGA/hls4ml_Models/Basket/best_model/hls_prj/myproject_prj'.
INFO: [HLS 200-10] Adding design file 'firmware/myproject.cpp' to the project
INFO: [HLS 200-10] Adding test bench file 'myproject_test.cpp' to the project
INFO: [HLS 200-10] Adding test bench file 'firmware/weights' to the project
INFO: [HLS 200-10] Adding test bench file 'tb_data' to the project
INFO: [HLS 200-10] Opening solution '/home/enric/University/NN-on-FPGA/hls4ml_Models/Basket/best_model/hls_prj/myproject_prj/solution1'.
INFO: [SYN 201-201] Setting up clock 'default' with a period of 5ns.
INFO: [SYN 201-201] Setting up clock 'default' with an uncertainty of 0.625ns.
INFO: [HLS 200-10] Setting target device to 'xc7a35t-csg324-3'
INFO: [XFORM 203-101] Allowed max sub elements number after partition is 4096.
INFO: [XFORM 203-1161] The maximum of name length is set into 80.
INFO: [XFORM 203-101] Allowed max sub elements number after partition is 4096.
INFO: [XFORM 203-1161] The maximum of name length is set into 80.
***** C/RTL SYNTHESIS *****
INFO: [SCHED 204-61] Option 'relax_ii_for_timing' is enabled, will increase II to preserve clock frequency constraints.
INFO: [HLS 200-10] Analyzing design file 'firmware/myproject.cpp' ... 
INFO: [HLS 200-111] Finished Linking Time (s): cpu = 00:00:31 ; elapsed = 00:00:48 . Memory (MB): peak = 956.242 ; gain = 523.035 ; free physical = 398 ; free virtual = 1110
INFO: [HLS 200-111] Finished Checking Pragmas Time (s): cpu = 00:00:31 ; elapsed = 00:00:48 . Memory (MB): peak = 956.242 ; gain = 523.035 ; free physical = 398 ; free virtual = 1110
INFO: [HLS 200-10] Starting code transformations ...
INFO: [XFORM 203-603] Inlining function 'nnet::product::mult<ap_fixed<16, 8, (ap_q_mode)5, (ap_o_mode)3, 0>, ap_fixed<5, 1, (ap_q_mode)5, (ap_o_mode)3, 0> >::product' into 'nnet::dense_latency<ap_fixed<16, 8, (ap_q_mode)5, (ap_o_mode)3, 0>, ap_fixed<16, 6, (ap_q_mode)5, (ap_o_mode)3, 0>, config2>' (firmware/nnet_utils/nnet_dense_latency.h:42).
INFO: [XFORM 203-603] Inlining function 'nnet::dense<ap_fixed<16, 8, (ap_q_mode)5, (ap_o_mode)3, 0>, ap_fixed<16, 6, (ap_q_mode)5, (ap_o_mode)3, 0>, config2>' into 'myproject' (firmware/myproject.cpp:39).
INFO: [XFORM 203-603] Inlining function 'nnet::product::mult<ap_ufixed<5, 0, (ap_q_mode)4, (ap_o_mode)0, 0>, ap_fixed<5, 1, (ap_q_mode)5, (ap_o_mode)3, 0> >::product' into 'nnet::dense_latency<ap_ufixed<5, 0, (ap_q_mode)4, (ap_o_mode)0, 0>, ap_fixed<16, 6, (ap_q_mode)5, (ap_o_mode)3, 0>, config5>' (firmware/nnet_utils/nnet_dense_latency.h:42).
INFO: [XFORM 203-603] Inlining function 'nnet::product::mult<ap_ufixed<5, 0, (ap_q_mode)4, (ap_o_mode)0, 0>, ap_fixed<5, 1, (ap_q_mode)5, (ap_o_mode)3, 0> >::product' into 'nnet::dense_latency<ap_ufixed<5, 0, (ap_q_mode)4, (ap_o_mode)0, 0>, ap_fixed<16, 6, (ap_q_mode)5, (ap_o_mode)3, 0>, config8>' (firmware/nnet_utils/nnet_dense_latency.h:42).
INFO: [XFORM 203-603] Inlining function 'nnet::dense<ap_ufixed<5, 0, (ap_q_mode)4, (ap_o_mode)0, 0>, ap_fixed<16, 6, (ap_q_mode)5, (ap_o_mode)3, 0>, config5>' into 'myproject' (firmware/myproject.cpp:47).
INFO: [XFORM 203-603] Inlining function 'nnet::dense<ap_ufixed<5, 0, (ap_q_mode)4, (ap_o_mode)0, 0>, ap_fixed<16, 6, (ap_q_mode)5, (ap_o_mode)3, 0>, config8>' into 'myproject' (firmware/myproject.cpp:55).
INFO: [XFORM 203-603] Inlining function 'nnet::softmax<ap_fixed<16, 6, (ap_q_mode)5, (ap_o_mode)3, 0>, ap_fixed<16, 3, (ap_q_mode)5, (ap_o_mode)3, 0>, softmax_config10>' into 'myproject' (firmware/myproject.cpp:57).
INFO: [HLS 200-111] Finished Standard Transforms Time (s): cpu = 00:00:34 ; elapsed = 00:00:50 . Memory (MB): peak = 956.242 ; gain = 523.035 ; free physical = 358 ; free virtual = 1081
INFO: [HLS 200-10] Checking synthesizability ...
INFO: [XFORM 203-602] Inlining function 'nnet::cast<ap_fixed<16, 8, (ap_q_mode)5, (ap_o_mode)3, 0>, ap_fixed<16, 6, (ap_q_mode)5, (ap_o_mode)3, 0>, config2>' into 'nnet::dense_latency<ap_fixed<16, 8, (ap_q_mode)5, (ap_o_mode)3, 0>, ap_fixed<16, 6, (ap_q_mode)5, (ap_o_mode)3, 0>, config2>' (firmware/nnet_utils/nnet_dense_latency.h:66) automatically.
INFO: [XFORM 203-602] Inlining function 'nnet::cast<ap_ufixed<5, 0, (ap_q_mode)4, (ap_o_mode)0, 0>, ap_fixed<16, 6, (ap_q_mode)5, (ap_o_mode)3, 0>, config5>' into 'nnet::dense_latency<ap_ufixed<5, 0, (ap_q_mode)4, (ap_o_mode)0, 0>, ap_fixed<16, 6, (ap_q_mode)5, (ap_o_mode)3, 0>, config5>' (firmware/nnet_utils/nnet_dense_latency.h:66) automatically.
INFO: [XFORM 203-602] Inlining function 'nnet::cast<ap_ufixed<5, 0, (ap_q_mode)4, (ap_o_mode)0, 0>, ap_fixed<16, 6, (ap_q_mode)5, (ap_o_mode)3, 0>, config8>' into 'nnet::dense_latency<ap_ufixed<5, 0, (ap_q_mode)4, (ap_o_mode)0, 0>, ap_fixed<16, 6, (ap_q_mode)5, (ap_o_mode)3, 0>, config8>' (firmware/nnet_utils/nnet_dense_latency.h:66) automatically.
INFO: [XFORM 203-602] Inlining function 'nnet::Op_max<ap_fixed<16, 6, (ap_q_mode)5, (ap_o_mode)3, 0> >::operator()' into 'nnet::reduce<ap_fixed<16, 6, (ap_q_mode)5, (ap_o_mode)3, 0>, 2, nnet::Op_max<ap_fixed<16, 6, (ap_q_mode)5, (ap_o_mode)3, 0> > >' (firmware/nnet_utils/nnet_common.h:43) automatically.
INFO: [XFORM 203-602] Inlining function 'nnet::reduce<ap_fixed<16, 6, (ap_q_mode)5, (ap_o_mode)3, 0>, 2, nnet::Op_max<ap_fixed<16, 6, (ap_q_mode)5, (ap_o_mode)3, 0> > >' into 'nnet::reduce<ap_fixed<16, 6, (ap_q_mode)5, (ap_o_mode)3, 0>, 3, nnet::Op_max<ap_fixed<16, 6, (ap_q_mode)5, (ap_o_mode)3, 0> > >' (firmware/nnet_utils/nnet_common.h:45) automatically.
INFO: [XFORM 203-602] Inlining function 'nnet::reduce<ap_fixed<16, 6, (ap_q_mode)5, (ap_o_mode)3, 0>, 1, nnet::Op_max<ap_fixed<16, 6, (ap_q_mode)5, (ap_o_mode)3, 0> > >' into 'nnet::reduce<ap_fixed<16, 6, (ap_q_mode)5, (ap_o_mode)3, 0>, 3, nnet::Op_max<ap_fixed<16, 6, (ap_q_mode)5, (ap_o_mode)3, 0> > >' (firmware/nnet_utils/nnet_common.h:45) automatically.
INFO: [XFORM 203-602] Inlining function 'nnet::Op_max<ap_fixed<16, 6, (ap_q_mode)5, (ap_o_mode)3, 0> >::operator()' into 'nnet::reduce<ap_fixed<16, 6, (ap_q_mode)5, (ap_o_mode)3, 0>, 3, nnet::Op_max<ap_fixed<16, 6, (ap_q_mode)5, (ap_o_mode)3, 0> > >' (firmware/nnet_utils/nnet_common.h:45) automatically.
INFO: [XFORM 203-602] Inlining function 'nnet::Op_add<ap_fixed<18, 8, (ap_q_mode)5, (ap_o_mode)3, 0> >::operator()' into 'nnet::reduce<ap_fixed<18, 8, (ap_q_mode)5, (ap_o_mode)3, 0>, 2, nnet::Op_add<ap_fixed<18, 8, (ap_q_mode)5, (ap_o_mode)3, 0> > >' (firmware/nnet_utils/nnet_common.h:43) automatically.
INFO: [XFORM 203-602] Inlining function 'nnet::reduce<ap_fixed<18, 8, (ap_q_mode)5, (ap_o_mode)3, 0>, 2, nnet::Op_add<ap_fixed<18, 8, (ap_q_mode)5, (ap_o_mode)3, 0> > >' into 'nnet::reduce<ap_fixed<18, 8, (ap_q_mode)5, (ap_o_mode)3, 0>, 3, nnet::Op_add<ap_fixed<18, 8, (ap_q_mode)5, (ap_o_mode)3, 0> > >' (firmware/nnet_utils/nnet_common.h:45) automatically.
INFO: [XFORM 203-602] Inlining function 'nnet::reduce<ap_fixed<18, 8, (ap_q_mode)5, (ap_o_mode)3, 0>, 1, nnet::Op_add<ap_fixed<18, 8, (ap_q_mode)5, (ap_o_mode)3, 0> > >' into 'nnet::reduce<ap_fixed<18, 8, (ap_q_mode)5, (ap_o_mode)3, 0>, 3, nnet::Op_add<ap_fixed<18, 8, (ap_q_mode)5, (ap_o_mode)3, 0> > >' (firmware/nnet_utils/nnet_common.h:45) automatically.
INFO: [XFORM 203-602] Inlining function 'nnet::Op_add<ap_fixed<18, 8, (ap_q_mode)5, (ap_o_mode)3, 0> >::operator()' into 'nnet::reduce<ap_fixed<18, 8, (ap_q_mode)5, (ap_o_mode)3, 0>, 3, nnet::Op_add<ap_fixed<18, 8, (ap_q_mode)5, (ap_o_mode)3, 0> > >' (firmware/nnet_utils/nnet_common.h:45) automatically.
INFO: [XFORM 203-602] Inlining function 'nnet::reduce<ap_fixed<16, 6, (ap_q_mode)5, (ap_o_mode)3, 0>, 3, nnet::Op_max<ap_fixed<16, 6, (ap_q_mode)5, (ap_o_mode)3, 0> > >' into 'nnet::softmax_stable<ap_fixed<16, 6, (ap_q_mode)5, (ap_o_mode)3, 0>, ap_fixed<16, 3, (ap_q_mode)5, (ap_o_mode)3, 0>, softmax_config10>' (firmware/nnet_utils/nnet_activation.h:239) automatically.
INFO: [XFORM 203-602] Inlining function 'nnet::softmax_idx_from_real_val<ap_fixed<16, 6, (ap_q_mode)5, (ap_o_mode)3, 0>, softmax_config10>' into 'nnet::softmax_stable<ap_fixed<16, 6, (ap_q_mode)5, (ap_o_mode)3, 0>, ap_fixed<16, 3, (ap_q_mode)5, (ap_o_mode)3, 0>, softmax_config10>' (firmware/nnet_utils/nnet_activation.h:254) automatically.
INFO: [XFORM 203-602] Inlining function 'nnet::reduce<ap_fixed<18, 8, (ap_q_mode)5, (ap_o_mode)3, 0>, 3, nnet::Op_add<ap_fixed<18, 8, (ap_q_mode)5, (ap_o_mode)3, 0> > >' into 'nnet::softmax_stable<ap_fixed<16, 6, (ap_q_mode)5, (ap_o_mode)3, 0>, ap_fixed<16, 3, (ap_q_mode)5, (ap_o_mode)3, 0>, softmax_config10>' (firmware/nnet_utils/nnet_activation.h:262) automatically.
INFO: [XFORM 203-602] Inlining function 'nnet::softmax_idx_from_real_val<ap_fixed<18, 8, (ap_q_mode)5, (ap_o_mode)3, 0>, softmax_config10>' into 'nnet::softmax_stable<ap_fixed<16, 6, (ap_q_mode)5, (ap_o_mode)3, 0>, ap_fixed<16, 3, (ap_q_mode)5, (ap_o_mode)3, 0>, softmax_config10>' (firmware/nnet_utils/nnet_activation.h:265) automatically.
INFO: [HLS 200-111] Finished Checking Synthesizability Time (s): cpu = 00:00:34 ; elapsed = 00:00:51 . Memory (MB): peak = 957.277 ; gain = 524.070 ; free physical = 338 ; free virtual = 1063
INFO: [XFORM 203-502] Unrolling all loops for pipelining in function 'nnet::softmax_stable<ap_fixed<16, 6, (ap_q_mode)5, (ap_o_mode)3, 0>, ap_fixed<16, 3, (ap_q_mode)5, (ap_o_mode)3, 0>, softmax_config10>' (firmware/nnet_utils/nnet_activation.h:217:46).
INFO: [XFORM 203-502] Unrolling all loops for pipelining in function 'nnet::dense_latency<ap_ufixed<5, 0, (ap_q_mode)4, (ap_o_mode)0, 0>, ap_fixed<16, 6, (ap_q_mode)5, (ap_o_mode)3, 0>, config8>' (firmware/nnet_utils/nnet_dense_latency.h:17:48).
INFO: [XFORM 203-502] Unrolling all loops for pipelining in function 'nnet::relu<ap_fixed<16, 6, (ap_q_mode)5, (ap_o_mode)3, 0>, ap_ufixed<5, 0, (ap_q_mode)4, (ap_o_mode)0, 0>, relu_config7>' (firmware/nnet_utils/nnet_activation.h:40:13).
INFO: [XFORM 203-502] Unrolling all loops for pipelining in function 'nnet::dense_latency<ap_ufixed<5, 0, (ap_q_mode)4, (ap_o_mode)0, 0>, ap_fixed<16, 6, (ap_q_mode)5, (ap_o_mode)3, 0>, config5>' (firmware/nnet_utils/nnet_dense_latency.h:17:48).
INFO: [XFORM 203-502] Unrolling all loops for pipelining in function 'nnet::relu<ap_fixed<16, 6, (ap_q_mode)5, (ap_o_mode)3, 0>, ap_ufixed<5, 0, (ap_q_mode)4, (ap_o_mode)0, 0>, relu_config4>' (firmware/nnet_utils/nnet_activation.h:40:13).
INFO: [XFORM 203-502] Unrolling all loops for pipelining in function 'nnet::dense_latency<ap_fixed<16, 8, (ap_q_mode)5, (ap_o_mode)3, 0>, ap_fixed<16, 6, (ap_q_mode)5, (ap_o_mode)3, 0>, config2>' (firmware/nnet_utils/nnet_dense_latency.h:17:48).
INFO: [HLS 200-489] Unrolling loop 'Loop-1' (firmware/nnet_utils/nnet_activation.h:243) in function 'nnet::softmax_stable<ap_fixed<16, 6, (ap_q_mode)5, (ap_o_mode)3, 0>, ap_fixed<16, 3, (ap_q_mode)5, (ap_o_mode)3, 0>, softmax_config10>' completely with a factor of 3.
INFO: [HLS 200-489] Unrolling loop 'Loop-2' (firmware/nnet_utils/nnet_activation.h:252) in function 'nnet::softmax_stable<ap_fixed<16, 6, (ap_q_mode)5, (ap_o_mode)3, 0>, ap_fixed<16, 3, (ap_q_mode)5, (ap_o_mode)3, 0>, softmax_config10>' completely with a factor of 3.
INFO: [HLS 200-489] Unrolling loop 'Loop-3' (firmware/nnet_utils/nnet_activation.h:266) in function 'nnet::softmax_stable<ap_fixed<16, 6, (ap_q_mode)5, (ap_o_mode)3, 0>, ap_fixed<16, 3, (ap_q_mode)5, (ap_o_mode)3, 0>, softmax_config10>' completely with a factor of 3.
INFO: [HLS 200-489] Unrolling loop 'Product1' (firmware/nnet_utils/nnet_dense_latency.h:37) in function 'nnet::dense_latency<ap_ufixed<5, 0, (ap_q_mode)4, (ap_o_mode)0, 0>, ap_fixed<16, 6, (ap_q_mode)5, (ap_o_mode)3, 0>, config8>' completely with a factor of 20.
INFO: [HLS 200-489] Unrolling loop 'Product2' (firmware/nnet_utils/nnet_dense_latency.h:40) in function 'nnet::dense_latency<ap_ufixed<5, 0, (ap_q_mode)4, (ap_o_mode)0, 0>, ap_fixed<16, 6, (ap_q_mode)5, (ap_o_mode)3, 0>, config8>' completely with a factor of 3.
INFO: [HLS 200-489] Unrolling loop 'ResetAccum' (firmware/nnet_utils/nnet_dense_latency.h:48) in function 'nnet::dense_latency<ap_ufixed<5, 0, (ap_q_mode)4, (ap_o_mode)0, 0>, ap_fixed<16, 6, (ap_q_mode)5, (ap_o_mode)3, 0>, config8>' completely with a factor of 3.
INFO: [HLS 200-489] Unrolling loop 'Accum1' (firmware/nnet_utils/nnet_dense_latency.h:54) in function 'nnet::dense_latency<ap_ufixed<5, 0, (ap_q_mode)4, (ap_o_mode)0, 0>, ap_fixed<16, 6, (ap_q_mode)5, (ap_o_mode)3, 0>, config8>' completely with a factor of 20.
INFO: [HLS 200-489] Unrolling loop 'Accum2' (firmware/nnet_utils/nnet_dense_latency.h:56) in function 'nnet::dense_latency<ap_ufixed<5, 0, (ap_q_mode)4, (ap_o_mode)0, 0>, ap_fixed<16, 6, (ap_q_mode)5, (ap_o_mode)3, 0>, config8>' completely with a factor of 3.
INFO: [HLS 200-489] Unrolling loop 'Result' (firmware/nnet_utils/nnet_dense_latency.h:64) in function 'nnet::dense_latency<ap_ufixed<5, 0, (ap_q_mode)4, (ap_o_mode)0, 0>, ap_fixed<16, 6, (ap_q_mode)5, (ap_o_mode)3, 0>, config8>' completely with a factor of 3.
INFO: [HLS 200-489] Unrolling loop 'Loop-1' (firmware/nnet_utils/nnet_activation.h:43) in function 'nnet::relu<ap_fixed<16, 6, (ap_q_mode)5, (ap_o_mode)3, 0>, ap_ufixed<5, 0, (ap_q_mode)4, (ap_o_mode)0, 0>, relu_config7>' completely with a factor of 20.
INFO: [HLS 200-489] Unrolling loop 'Product1' (firmware/nnet_utils/nnet_dense_latency.h:37) in function 'nnet::dense_latency<ap_ufixed<5, 0, (ap_q_mode)4, (ap_o_mode)0, 0>, ap_fixed<16, 6, (ap_q_mode)5, (ap_o_mode)3, 0>, config5>' completely with a factor of 20.
INFO: [HLS 200-489] Unrolling loop 'Product2' (firmware/nnet_utils/nnet_dense_latency.h:40) in function 'nnet::dense_latency<ap_ufixed<5, 0, (ap_q_mode)4, (ap_o_mode)0, 0>, ap_fixed<16, 6, (ap_q_mode)5, (ap_o_mode)3, 0>, config5>' completely with a factor of 20.
INFO: [HLS 200-489] Unrolling loop 'ResetAccum' (firmware/nnet_utils/nnet_dense_latency.h:48) in function 'nnet::dense_latency<ap_ufixed<5, 0, (ap_q_mode)4, (ap_o_mode)0, 0>, ap_fixed<16, 6, (ap_q_mode)5, (ap_o_mode)3, 0>, config5>' completely with a factor of 20.
INFO: [HLS 200-489] Unrolling loop 'Accum1' (firmware/nnet_utils/nnet_dense_latency.h:54) in function 'nnet::dense_latency<ap_ufixed<5, 0, (ap_q_mode)4, (ap_o_mode)0, 0>, ap_fixed<16, 6, (ap_q_mode)5, (ap_o_mode)3, 0>, config5>' completely with a factor of 20.
INFO: [HLS 200-489] Unrolling loop 'Accum2' (firmware/nnet_utils/nnet_dense_latency.h:56) in function 'nnet::dense_latency<ap_ufixed<5, 0, (ap_q_mode)4, (ap_o_mode)0, 0>, ap_fixed<16, 6, (ap_q_mode)5, (ap_o_mode)3, 0>, config5>' completely with a factor of 20.
INFO: [HLS 200-489] Unrolling loop 'Result' (firmware/nnet_utils/nnet_dense_latency.h:64) in function 'nnet::dense_latency<ap_ufixed<5, 0, (ap_q_mode)4, (ap_o_mode)0, 0>, ap_fixed<16, 6, (ap_q_mode)5, (ap_o_mode)3, 0>, config5>' completely with a factor of 20.
INFO: [HLS 200-489] Unrolling loop 'Loop-1' (firmware/nnet_utils/nnet_activation.h:43) in function 'nnet::relu<ap_fixed<16, 6, (ap_q_mode)5, (ap_o_mode)3, 0>, ap_ufixed<5, 0, (ap_q_mode)4, (ap_o_mode)0, 0>, relu_config4>' completely with a factor of 20.
INFO: [HLS 200-489] Unrolling loop 'Product1' (firmware/nnet_utils/nnet_dense_latency.h:37) in function 'nnet::dense_latency<ap_fixed<16, 8, (ap_q_mode)5, (ap_o_mode)3, 0>, ap_fixed<16, 6, (ap_q_mode)5, (ap_o_mode)3, 0>, config2>' completely with a factor of 3.
INFO: [HLS 200-489] Unrolling loop 'Product2' (firmware/nnet_utils/nnet_dense_latency.h:40) in function 'nnet::dense_latency<ap_fixed<16, 8, (ap_q_mode)5, (ap_o_mode)3, 0>, ap_fixed<16, 6, (ap_q_mode)5, (ap_o_mode)3, 0>, config2>' completely with a factor of 20.
INFO: [HLS 200-489] Unrolling loop 'ResetAccum' (firmware/nnet_utils/nnet_dense_latency.h:48) in function 'nnet::dense_latency<ap_fixed<16, 8, (ap_q_mode)5, (ap_o_mode)3, 0>, ap_fixed<16, 6, (ap_q_mode)5, (ap_o_mode)3, 0>, config2>' completely with a factor of 20.
INFO: [HLS 200-489] Unrolling loop 'Accum1' (firmware/nnet_utils/nnet_dense_latency.h:54) in function 'nnet::dense_latency<ap_fixed<16, 8, (ap_q_mode)5, (ap_o_mode)3, 0>, ap_fixed<16, 6, (ap_q_mode)5, (ap_o_mode)3, 0>, config2>' completely with a factor of 3.
INFO: [HLS 200-489] Unrolling loop 'Accum2' (firmware/nnet_utils/nnet_dense_latency.h:56) in function 'nnet::dense_latency<ap_fixed<16, 8, (ap_q_mode)5, (ap_o_mode)3, 0>, ap_fixed<16, 6, (ap_q_mode)5, (ap_o_mode)3, 0>, config2>' completely with a factor of 20.
INFO: [HLS 200-489] Unrolling loop 'Result' (firmware/nnet_utils/nnet_dense_latency.h:64) in function 'nnet::dense_latency<ap_fixed<16, 8, (ap_q_mode)5, (ap_o_mode)3, 0>, ap_fixed<16, 6, (ap_q_mode)5, (ap_o_mode)3, 0>, config2>' completely with a factor of 20.
INFO: [XFORM 203-102] Partitioning array 'd_xi_xmax.V' (firmware/nnet_utils/nnet_activation.h:242) automatically.
INFO: [XFORM 203-131] Reshaping array 'fc1_input.V' (firmware/myproject.cpp:7) in dimension 1 completely.
INFO: [XFORM 203-101] Partitioning array 'layer10_out.V' (firmware/myproject.cpp:8) in dimension 1 completely.
INFO: [XFORM 203-101] Partitioning array 'layer2_out.V' (firmware/myproject.cpp:37) in dimension 1 completely.
INFO: [XFORM 203-101] Partitioning array 'layer4_out.V' (firmware/myproject.cpp:41) in dimension 1 completely.
INFO: [XFORM 203-101] Partitioning array 'layer5_out.V' (firmware/myproject.cpp:45) in dimension 1 completely.
INFO: [XFORM 203-101] Partitioning array 'layer7_out.V' (firmware/myproject.cpp:49) in dimension 1 completely.
INFO: [XFORM 203-101] Partitioning array 'layer8_out.V' (firmware/myproject.cpp:53) in dimension 1 completely.
INFO: [XFORM 203-101] Partitioning array 'b2.V'  in dimension 1 completely.
INFO: [XFORM 203-101] Partitioning array 'mult.V' (firmware/nnet_utils/nnet_dense_latency.h:17) in dimension 1 completely.
INFO: [XFORM 203-101] Partitioning array 'acc.V' (firmware/nnet_utils/nnet_dense_latency.h:18) in dimension 1 completely.
INFO: [XFORM 203-101] Partitioning array 'exp_res.V' (firmware/nnet_utils/nnet_activation.h:249) in dimension 1 completely.
INFO: [XFORM 203-101] Partitioning array 'b8.V'  in dimension 1 completely.
INFO: [XFORM 203-101] Partitioning array 'mult.V' (firmware/nnet_utils/nnet_dense_latency.h:17) in dimension 1 completely.
INFO: [XFORM 203-101] Partitioning array 'acc.V' (firmware/nnet_utils/nnet_dense_latency.h:18) in dimension 1 completely.
INFO: [XFORM 203-101] Partitioning array 'b5.V'  in dimension 1 completely.
INFO: [XFORM 203-101] Partitioning array 'mult.V' (firmware/nnet_utils/nnet_dense_latency.h:17) in dimension 1 completely.
INFO: [XFORM 203-101] Partitioning array 'acc.V' (firmware/nnet_utils/nnet_dense_latency.h:18) in dimension 1 completely.
INFO: [XFORM 203-602] Inlining function 'nnet::cast<ap_fixed<16, 8, (ap_q_mode)5, (ap_o_mode)3, 0>, ap_fixed<16, 6, (ap_q_mode)5, (ap_o_mode)3, 0>, config2>' into 'nnet::dense_latency<ap_fixed<16, 8, (ap_q_mode)5, (ap_o_mode)3, 0>, ap_fixed<16, 6, (ap_q_mode)5, (ap_o_mode)3, 0>, config2>' (firmware/nnet_utils/nnet_dense_latency.h:66) automatically.
INFO: [XFORM 203-602] Inlining function 'nnet::cast<ap_ufixed<5, 0, (ap_q_mode)4, (ap_o_mode)0, 0>, ap_fixed<16, 6, (ap_q_mode)5, (ap_o_mode)3, 0>, config5>' into 'nnet::dense_latency<ap_ufixed<5, 0, (ap_q_mode)4, (ap_o_mode)0, 0>, ap_fixed<16, 6, (ap_q_mode)5, (ap_o_mode)3, 0>, config5>' (firmware/nnet_utils/nnet_dense_latency.h:66) automatically.
INFO: [XFORM 203-602] Inlining function 'nnet::cast<ap_ufixed<5, 0, (ap_q_mode)4, (ap_o_mode)0, 0>, ap_fixed<16, 6, (ap_q_mode)5, (ap_o_mode)3, 0>, config8>' into 'nnet::dense_latency<ap_ufixed<5, 0, (ap_q_mode)4, (ap_o_mode)0, 0>, ap_fixed<16, 6, (ap_q_mode)5, (ap_o_mode)3, 0>, config8>' (firmware/nnet_utils/nnet_dense_latency.h:66) automatically.
INFO: [XFORM 203-602] Inlining function 'nnet::Op_max<ap_fixed<16, 6, (ap_q_mode)5, (ap_o_mode)3, 0> >::operator()' into 'nnet::reduce<ap_fixed<16, 6, (ap_q_mode)5, (ap_o_mode)3, 0>, 2, nnet::Op_max<ap_fixed<16, 6, (ap_q_mode)5, (ap_o_mode)3, 0> > >' (firmware/nnet_utils/nnet_common.h:43) automatically.
INFO: [XFORM 203-602] Inlining function 'nnet::reduce<ap_fixed<16, 6, (ap_q_mode)5, (ap_o_mode)3, 0>, 2, nnet::Op_max<ap_fixed<16, 6, (ap_q_mode)5, (ap_o_mode)3, 0> > >' into 'nnet::reduce<ap_fixed<16, 6, (ap_q_mode)5, (ap_o_mode)3, 0>, 3, nnet::Op_max<ap_fixed<16, 6, (ap_q_mode)5, (ap_o_mode)3, 0> > >' (firmware/nnet_utils/nnet_common.h:45) automatically.
INFO: [XFORM 203-602] Inlining function 'nnet::reduce<ap_fixed<16, 6, (ap_q_mode)5, (ap_o_mode)3, 0>, 1, nnet::Op_max<ap_fixed<16, 6, (ap_q_mode)5, (ap_o_mode)3, 0> > >' into 'nnet::reduce<ap_fixed<16, 6, (ap_q_mode)5, (ap_o_mode)3, 0>, 3, nnet::Op_max<ap_fixed<16, 6, (ap_q_mode)5, (ap_o_mode)3, 0> > >' (firmware/nnet_utils/nnet_common.h:45) automatically.
INFO: [XFORM 203-602] Inlining function 'nnet::Op_max<ap_fixed<16, 6, (ap_q_mode)5, (ap_o_mode)3, 0> >::operator()' into 'nnet::reduce<ap_fixed<16, 6, (ap_q_mode)5, (ap_o_mode)3, 0>, 3, nnet::Op_max<ap_fixed<16, 6, (ap_q_mode)5, (ap_o_mode)3, 0> > >' (firmware/nnet_utils/nnet_common.h:45) automatically.
INFO: [XFORM 203-602] Inlining function 'nnet::Op_add<ap_fixed<18, 8, (ap_q_mode)5, (ap_o_mode)3, 0> >::operator()' into 'nnet::reduce<ap_fixed<18, 8, (ap_q_mode)5, (ap_o_mode)3, 0>, 2, nnet::Op_add<ap_fixed<18, 8, (ap_q_mode)5, (ap_o_mode)3, 0> > >' (firmware/nnet_utils/nnet_common.h:43) automatically.
INFO: [XFORM 203-602] Inlining function 'nnet::reduce<ap_fixed<18, 8, (ap_q_mode)5, (ap_o_mode)3, 0>, 2, nnet::Op_add<ap_fixed<18, 8, (ap_q_mode)5, (ap_o_mode)3, 0> > >' into 'nnet::reduce<ap_fixed<18, 8, (ap_q_mode)5, (ap_o_mode)3, 0>, 3, nnet::Op_add<ap_fixed<18, 8, (ap_q_mode)5, (ap_o_mode)3, 0> > >' (firmware/nnet_utils/nnet_common.h:45) automatically.
INFO: [XFORM 203-602] Inlining function 'nnet::reduce<ap_fixed<18, 8, (ap_q_mode)5, (ap_o_mode)3, 0>, 1, nnet::Op_add<ap_fixed<18, 8, (ap_q_mode)5, (ap_o_mode)3, 0> > >' into 'nnet::reduce<ap_fixed<18, 8, (ap_q_mode)5, (ap_o_mode)3, 0>, 3, nnet::Op_add<ap_fixed<18, 8, (ap_q_mode)5, (ap_o_mode)3, 0> > >' (firmware/nnet_utils/nnet_common.h:45) automatically.
INFO: [XFORM 203-602] Inlining function 'nnet::Op_add<ap_fixed<18, 8, (ap_q_mode)5, (ap_o_mode)3, 0> >::operator()' into 'nnet::reduce<ap_fixed<18, 8, (ap_q_mode)5, (ap_o_mode)3, 0>, 3, nnet::Op_add<ap_fixed<18, 8, (ap_q_mode)5, (ap_o_mode)3, 0> > >' (firmware/nnet_utils/nnet_common.h:45) automatically.
INFO: [XFORM 203-602] Inlining function 'nnet::reduce<ap_fixed<16, 6, (ap_q_mode)5, (ap_o_mode)3, 0>, 3, nnet::Op_max<ap_fixed<16, 6, (ap_q_mode)5, (ap_o_mode)3, 0> > >' into 'nnet::softmax_stable<ap_fixed<16, 6, (ap_q_mode)5, (ap_o_mode)3, 0>, ap_fixed<16, 3, (ap_q_mode)5, (ap_o_mode)3, 0>, softmax_config10>' (firmware/nnet_utils/nnet_activation.h:239) automatically.
INFO: [XFORM 203-602] Inlining function 'nnet::softmax_idx_from_real_val<ap_fixed<16, 6, (ap_q_mode)5, (ap_o_mode)3, 0>, softmax_config10>' into 'nnet::softmax_stable<ap_fixed<16, 6, (ap_q_mode)5, (ap_o_mode)3, 0>, ap_fixed<16, 3, (ap_q_mode)5, (ap_o_mode)3, 0>, softmax_config10>' (firmware/nnet_utils/nnet_activation.h:254) automatically.
INFO: [XFORM 203-602] Inlining function 'nnet::reduce<ap_fixed<18, 8, (ap_q_mode)5, (ap_o_mode)3, 0>, 3, nnet::Op_add<ap_fixed<18, 8, (ap_q_mode)5, (ap_o_mode)3, 0> > >' into 'nnet::softmax_stable<ap_fixed<16, 6, (ap_q_mode)5, (ap_o_mode)3, 0>, ap_fixed<16, 3, (ap_q_mode)5, (ap_o_mode)3, 0>, softmax_config10>' (firmware/nnet_utils/nnet_activation.h:262) automatically.
INFO: [XFORM 203-602] Inlining function 'nnet::softmax_idx_from_real_val<ap_fixed<18, 8, (ap_q_mode)5, (ap_o_mode)3, 0>, softmax_config10>' into 'nnet::softmax_stable<ap_fixed<16, 6, (ap_q_mode)5, (ap_o_mode)3, 0>, ap_fixed<16, 3, (ap_q_mode)5, (ap_o_mode)3, 0>, softmax_config10>' (firmware/nnet_utils/nnet_activation.h:265) automatically.
INFO: [XFORM 203-622] Instantiating function 'nnet::dense_latency<ap_ufixed<5, 0, (ap_q_mode)4, (ap_o_mode)0, 0>, ap_fixed<16, 6, (ap_q_mode)5, (ap_o_mode)3, 0>, config8>'(firmware/nnet_utils/nnet_dense_latency.h:26:1) to 'nnet::dense_latency<ap_ufixed<5, 0, (ap_q_mode)4, (ap_o_mode)0, 0>, ap_fixed<16, 6, (ap_q_mode)5, (ap_o_mode)3, 0>, config8>.0' at call site (firmware/nnet_utils/nnet_dense.h:41->firmware/myproject.cpp:55) by setting 'weights.V' to 'w8.V'.
INFO: [XFORM 203-622] Instantiating function 'nnet::dense_latency<ap_ufixed<5, 0, (ap_q_mode)4, (ap_o_mode)0, 0>, ap_fixed<16, 6, (ap_q_mode)5, (ap_o_mode)3, 0>, config8>.0'(firmware/nnet_utils/nnet_dense_latency.h:26:1) to 'nnet::dense_latency<ap_ufixed<5, 0, (ap_q_mode)4, (ap_o_mode)0, 0>, ap_fixed<16, 6, (ap_q_mode)5, (ap_o_mode)3, 0>, config8>.0.0' at call site (firmware/nnet_utils/nnet_dense.h:41->firmware/myproject.cpp:55) by setting 'biases[0].V' to 'b8.V.0'.
INFO: [XFORM 203-622] Instantiating function 'nnet::dense_latency<ap_ufixed<5, 0, (ap_q_mode)4, (ap_o_mode)0, 0>, ap_fixed<16, 6, (ap_q_mode)5, (ap_o_mode)3, 0>, config8>.0.0'(firmware/nnet_utils/nnet_dense_latency.h:26:1) to 'nnet::dense_latency<ap_ufixed<5, 0, (ap_q_mode)4, (ap_o_mode)0, 0>, ap_fixed<16, 6, (ap_q_mode)5, (ap_o_mode)3, 0>, config8>.0.0.0' at call site (firmware/nnet_utils/nnet_dense.h:41->firmware/myproject.cpp:55) by setting 'biases[1].V' to 'b8.V.1'.
INFO: [XFORM 203-622] Instantiating function 'nnet::dense_latency<ap_ufixed<5, 0, (ap_q_mode)4, (ap_o_mode)0, 0>, ap_fixed<16, 6, (ap_q_mode)5, (ap_o_mode)3, 0>, config8>.0.0.0'(firmware/nnet_utils/nnet_dense_latency.h:26:1) to 'nnet::dense_latency<ap_ufixed<5, 0, (ap_q_mode)4, (ap_o_mode)0, 0>, ap_fixed<16, 6, (ap_q_mode)5, (ap_o_mode)3, 0>, config8>.0.0.0.0' at call site (firmware/nnet_utils/nnet_dense.h:41->firmware/myproject.cpp:55) by setting 'biases[2].V' to 'b8.V.2'.
INFO: [XFORM 203-622] Instantiating function 'nnet::dense_latency<ap_ufixed<5, 0, (ap_q_mode)4, (ap_o_mode)0, 0>, ap_fixed<16, 6, (ap_q_mode)5, (ap_o_mode)3, 0>, config5>'(firmware/nnet_utils/nnet_dense_latency.h:26:27) to 'nnet::dense_latency<ap_ufixed<5, 0, (ap_q_mode)4, (ap_o_mode)0, 0>, ap_fixed<16, 6, (ap_q_mode)5, (ap_o_mode)3, 0>, config5>.0' at call site (firmware/nnet_utils/nnet_dense.h:41->firmware/myproject.cpp:47) by setting 'weights.V' to 'w5.V'.
INFO: [XFORM 203-622] Instantiating function 'nnet::dense_latency<ap_ufixed<5, 0, (ap_q_mode)4, (ap_o_mode)0, 0>, ap_fixed<16, 6, (ap_q_mode)5, (ap_o_mode)3, 0>, config5>.0'(firmware/nnet_utils/nnet_dense_latency.h:26:27) to 'nnet::dense_latency<ap_ufixed<5, 0, (ap_q_mode)4, (ap_o_mode)0, 0>, ap_fixed<16, 6, (ap_q_mode)5, (ap_o_mode)3, 0>, config5>.0.0' at call site (firmware/nnet_utils/nnet_dense.h:41->firmware/myproject.cpp:47) by setting 'biases[0].V' to 'b5.V.0'.
INFO: [XFORM 203-622] Instantiating function 'nnet::dense_latency<ap_ufixed<5, 0, (ap_q_mode)4, (ap_o_mode)0, 0>, ap_fixed<16, 6, (ap_q_mode)5, (ap_o_mode)3, 0>, config5>.0.0'(firmware/nnet_utils/nnet_dense_latency.h:26:27) to 'nnet::dense_latency<ap_ufixed<5, 0, (ap_q_mode)4, (ap_o_mode)0, 0>, ap_fixed<16, 6, (ap_q_mode)5, (ap_o_mode)3, 0>, config5>.0.0.0' at call site (firmware/nnet_utils/nnet_dense.h:41->firmware/myproject.cpp:47) by setting 'biases[1].V' to 'b5.V.1'.
INFO: [XFORM 203-622] Instantiating function 'nnet::dense_latency<ap_ufixed<5, 0, (ap_q_mode)4, (ap_o_mode)0, 0>, ap_fixed<16, 6, (ap_q_mode)5, (ap_o_mode)3, 0>, config5>.0.0.0'(firmware/nnet_utils/nnet_dense_latency.h:26:27) to 'nnet::dense_latency<ap_ufixed<5, 0, (ap_q_mode)4, (ap_o_mode)0, 0>, ap_fixed<16, 6, (ap_q_mode)5, (ap_o_mode)3, 0>, config5>.0.0.0.0' at call site (firmware/nnet_utils/nnet_dense.h:41->firmware/myproject.cpp:47) by setting 'biases[2].V' to 'b5.V.2'.
INFO: [XFORM 203-622] Instantiating function 'nnet::dense_latency<ap_ufixed<5, 0, (ap_q_mode)4, (ap_o_mode)0, 0>, ap_fixed<16, 6, (ap_q_mode)5, (ap_o_mode)3, 0>, config5>.0.0.0.0'(firmware/nnet_utils/nnet_dense_latency.h:26:27) to 'nnet::dense_latency<ap_ufixed<5, 0, (ap_q_mode)4, (ap_o_mode)0, 0>, ap_fixed<16, 6, (ap_q_mode)5, (ap_o_mode)3, 0>, config5>.0.0.0.0.0' at call site (firmware/nnet_utils/nnet_dense.h:41->firmware/myproject.cpp:47) by setting 'biases[3].V' to 'b5.V.3'.
INFO: [XFORM 203-622] Instantiating function 'nnet::dense_latency<ap_ufixed<5, 0, (ap_q_mode)4, (ap_o_mode)0, 0>, ap_fixed<16, 6, (ap_q_mode)5, (ap_o_mode)3, 0>, config5>.0.0.0.0.0'(firmware/nnet_utils/nnet_dense_latency.h:26:27) to 'nnet::dense_latency<ap_ufixed<5, 0, (ap_q_mode)4, (ap_o_mode)0, 0>, ap_fixed<16, 6, (ap_q_mode)5, (ap_o_mode)3, 0>, config5>.0.0.0.0.0.0' at call site (firmware/nnet_utils/nnet_dense.h:41->firmware/myproject.cpp:47) by setting 'biases[4].V' to 'b5.V.4'.
INFO: [XFORM 203-622] Instantiating function 'nnet::dense_latency<ap_ufixed<5, 0, (ap_q_mode)4, (ap_o_mode)0, 0>, ap_fixed<16, 6, (ap_q_mode)5, (ap_o_mode)3, 0>, config5>.0.0.0.0.0.0'(firmware/nnet_utils/nnet_dense_latency.h:26:27) to 'nnet::dense_latency<ap_ufixed<5, 0, (ap_q_mode)4, (ap_o_mode)0, 0>, ap_fixed<16, 6, (ap_q_mode)5, (ap_o_mode)3, 0>, config5>.0.0.0.0.0.0.0' at call site (firmware/nnet_utils/nnet_dense.h:41->firmware/myproject.cpp:47) by setting 'biases[5].V' to 'b5.V.5'.
INFO: [XFORM 203-622] Instantiating function 'nnet::dense_latency<ap_ufixed<5, 0, (ap_q_mode)4, (ap_o_mode)0, 0>, ap_fixed<16, 6, (ap_q_mode)5, (ap_o_mode)3, 0>, config5>.0.0.0.0.0.0.0'(firmware/nnet_utils/nnet_dense_latency.h:26:27) to 'nnet::dense_latency<ap_ufixed<5, 0, (ap_q_mode)4, (ap_o_mode)0, 0>, ap_fixed<16, 6, (ap_q_mode)5, (ap_o_mode)3, 0>, config5>.0.0.0.0.0.0.0.0' at call site (firmware/nnet_utils/nnet_dense.h:41->firmware/myproject.cpp:47) by setting 'biases[6].V' to 'b5.V.6'.
INFO: [XFORM 203-622] Instantiating function 'nnet::dense_latency<ap_ufixed<5, 0, (ap_q_mode)4, (ap_o_mode)0, 0>, ap_fixed<16, 6, (ap_q_mode)5, (ap_o_mode)3, 0>, config5>.0.0.0.0.0.0.0.0'(firmware/nnet_utils/nnet_dense_latency.h:26:27) to 'nnet::dense_latency<ap_ufixed<5, 0, (ap_q_mode)4, (ap_o_mode)0, 0>, ap_fixed<16, 6, (ap_q_mode)5, (ap_o_mode)3, 0>, config5>.0.0.0.0.0.0.0.0.0' at call site (firmware/nnet_utils/nnet_dense.h:41->firmware/myproject.cpp:47) by setting 'biases[7].V' to 'b5.V.7'.
INFO: [XFORM 203-622] Instantiating function 'nnet::dense_latency<ap_ufixed<5, 0, (ap_q_mode)4, (ap_o_mode)0, 0>, ap_fixed<16, 6, (ap_q_mode)5, (ap_o_mode)3, 0>, config5>.0.0.0.0.0.0.0.0.0'(firmware/nnet_utils/nnet_dense_latency.h:26:27) to 'nnet::dense_latency<ap_ufixed<5, 0, (ap_q_mode)4, (ap_o_mode)0, 0>, ap_fixed<16, 6, (ap_q_mode)5, (ap_o_mode)3, 0>, config5>.0.0.0.0.0.0.0.0.0.0' at call site (firmware/nnet_utils/nnet_dense.h:41->firmware/myproject.cpp:47) by setting 'biases[8].V' to 'b5.V.8'.
INFO: [XFORM 203-622] Instantiating function 'nnet::dense_latency<ap_ufixed<5, 0, (ap_q_mode)4, (ap_o_mode)0, 0>, ap_fixed<16, 6, (ap_q_mode)5, (ap_o_mode)3, 0>, config5>.0.0.0.0.0.0.0.0.0.0'(firmware/nnet_utils/nnet_dense_latency.h:26:27) to 'nnet::dense_latency<ap_ufixed<5, 0, (ap_q_mode)4, (ap_o_mode)0, 0>, ap_fixed<16, 6, (ap_q_mode)5, (ap_o_mode)3, 0>, config5>.0.0.0.0.0.0.0.0.0.0.0' at call site (firmware/nnet_utils/nnet_dense.h:41->firmware/myproject.cpp:47) by setting 'biases[9].V' to 'b5.V.9'.
INFO: [XFORM 203-622] Instantiating function 'nnet::dense_latency<ap_ufixed<5, 0, (ap_q_mode)4, (ap_o_mode)0, 0>, ap_fixed<16, 6, (ap_q_mode)5, (ap_o_mode)3, 0>, config5>.0.0.0.0.0.0.0.0.0.0.0'(firmware/nnet_utils/nnet_dense_latency.h:26:27) to 'nnet::dense_latency<ap_ufixed<5, 0, (ap_q_mode)4, (ap_o_mode)0, 0>, ap_fixed<16, 6, (ap_q_mode)5, (ap_o_mode)3, 0>, config5>.0.0.0.0.0.0.0.0.0.0.0.0' at call site (firmware/nnet_utils/nnet_dense.h:41->firmware/myproject.cpp:47) by setting 'biases[10].V' to 'b5.V.10'.
INFO: [XFORM 203-622] Instantiating function 'nnet::dense_latency<ap_ufixed<5, 0, (ap_q_mode)4, (ap_o_mode)0, 0>, ap_fixed<16, 6, (ap_q_mode)5, (ap_o_mode)3, 0>, config5>.0.0.0.0.0.0.0.0.0.0.0.0'(firmware/nnet_utils/nnet_dense_latency.h:26:27) to 'nnet::dense_latency<ap_ufixed<5, 0, (ap_q_mode)4, (ap_o_mode)0, 0>, ap_fixed<16, 6, (ap_q_mode)5, (ap_o_mode)3, 0>, config5>.0.0.0.0.0.0.0.0.0.0.0.0.0' at call site (firmware/nnet_utils/nnet_dense.h:41->firmware/myproject.cpp:47) by setting 'biases[11].V' to 'b5.V.11'.
INFO: [XFORM 203-622] Instantiating function 'nnet::dense_latency<ap_ufixed<5, 0, (ap_q_mode)4, (ap_o_mode)0, 0>, ap_fixed<16, 6, (ap_q_mode)5, (ap_o_mode)3, 0>, config5>.0.0.0.0.0.0.0.0.0.0.0.0.0'(firmware/nnet_utils/nnet_dense_latency.h:26:27) to 'nnet::dense_latency<ap_ufixed<5, 0, (ap_q_mode)4, (ap_o_mode)0, 0>, ap_fixed<16, 6, (ap_q_mode)5, (ap_o_mode)3, 0>, config5>.0.0.0.0.0.0.0.0.0.0.0.0.0.0' at call site (firmware/nnet_utils/nnet_dense.h:41->firmware/myproject.cpp:47) by setting 'biases[12].V' to 'b5.V.12'.
INFO: [XFORM 203-622] Instantiating function 'nnet::dense_latency<ap_ufixed<5, 0, (ap_q_mode)4, (ap_o_mode)0, 0>, ap_fixed<16, 6, (ap_q_mode)5, (ap_o_mode)3, 0>, config5>.0.0.0.0.0.0.0.0.0.0.0.0.0.0'(firmware/nnet_utils/nnet_dense_latency.h:26:27) to 'nnet::dense_latency<ap_ufixed<5, 0, (ap_q_mode)4, (ap_o_mode)0, 0>, ap_fixed<16, 6, (ap_q_mode)5, (ap_o_mode)3, 0>, config5>.0.0.0.0.0.0.0.0.0.0.0.0.0.0.0' at call site (firmware/nnet_utils/nnet_dense.h:41->firmware/myproject.cpp:47) by setting 'biases[13].V' to 'b5.V.13'.
INFO: [XFORM 203-622] Instantiating function 'nnet::dense_latency<ap_ufixed<5, 0, (ap_q_mode)4, (ap_o_mode)0, 0>, ap_fixed<16, 6, (ap_q_mode)5, (ap_o_mode)3, 0>, config5>.0.0.0.0.0.0.0.0.0.0.0.0.0.0.0'(firmware/nnet_utils/nnet_dense_latency.h:26:27) to 'nnet::dense_latency<ap_ufixed<5, 0, (ap_q_mode)4, (ap_o_mode)0, 0>, ap_fixed<16, 6, (ap_q_mode)5, (ap_o_mode)3, 0>, config5>.0.0.0.0.0.0.0.0.0.0.0.0.0.0.0.0' at call site (firmware/nnet_utils/nnet_dense.h:41->firmware/myproject.cpp:47) by setting 'biases[14].V' to 'b5.V.14'.
INFO: [XFORM 203-622] Instantiating function 'nnet::dense_latency<ap_ufixed<5, 0, (ap_q_mode)4, (ap_o_mode)0, 0>, ap_fixed<16, 6, (ap_q_mode)5, (ap_o_mode)3, 0>, config5>.0.0.0.0.0.0.0.0.0.0.0.0.0.0.0.0'(firmware/nnet_utils/nnet_dense_latency.h:26:27) to 'nnet::dense_latency<ap_ufixed<5, 0, (ap_q_mode)4, (ap_o_mode)0, 0>, ap_fixed<16, 6, (ap_q_mode)5, (ap_o_mode)3, 0>, config5>.0.0.0.0.0.0.0.0.0.0.0.0.0.0.0.0.0' at call site (firmware/nnet_utils/nnet_dense.h:41->firmware/myproject.cpp:47) by setting 'biases[15].V' to 'b5.V.15'.
INFO: [XFORM 203-622] Instantiating function 'nnet::dense_latency<ap_ufixed<5, 0, (ap_q_mode)4, (ap_o_mode)0, 0>, ap_fixed<16, 6, (ap_q_mode)5, (ap_o_mode)3, 0>, config5>.0.0.0.0.0.0.0.0.0.0.0.0.0.0.0.0.0'(firmware/nnet_utils/nnet_dense_latency.h:26:27) to 'nnet::dense_latency<ap_ufixed<5, 0, (ap_q_mode)4, (ap_o_mode)0, 0>, ap_fixed<16, 6, (ap_q_mode)5, (ap_o_mode)3, 0>, config5>.0.0.0.0.0.0.0.0.0.0.0.0.0.0.0.0.0.0' at call site (firmware/nnet_utils/nnet_dense.h:41->firmware/myproject.cpp:47) by setting 'biases[16].V' to 'b5.V.16'.
INFO: [XFORM 203-622] Instantiating function 'nnet::dense_latency<ap_ufixed<5, 0, (ap_q_mode)4, (ap_o_mode)0, 0>, ap_fixed<16, 6, (ap_q_mode)5, (ap_o_mode)3, 0>, config5>.0.0.0.0.0.0.0.0.0.0.0.0.0.0.0.0.0.0'(firmware/nnet_utils/nnet_dense_latency.h:26:27) to 'nnet::dense_latency<ap_ufixed<5, 0, (ap_q_mode)4, (ap_o_mode)0, 0>, ap_fixed<16, 6, (ap_q_mode)5, (ap_o_mode)3, 0>, config5>.0.0.0.0.0.0.0.0.0.0.0.0.0.0.0.0.0.0.0' at call site (firmware/nnet_utils/nnet_dense.h:41->firmware/myproject.cpp:47) by setting 'biases[17].V' to 'b5.V.17'.
INFO: [XFORM 203-622] Instantiating function 'nnet::dense_latency<ap_ufixed<5, 0, (ap_q_mode)4, (ap_o_mode)0, 0>, ap_fixed<16, 6, (ap_q_mode)5, (ap_o_mode)3, 0>, config5>.0.0.0.0.0.0.0.0.0.0.0.0.0.0.0.0.0.0.0'(firmware/nnet_utils/nnet_dense_latency.h:26:27) to 'nnet::dense_latency<ap_ufixed<5, 0, (ap_q_mode)4, (ap_o_mode)0, 0>, ap_fixed<16, 6, (ap_q_mode)5, (ap_o_mode)3, 0>, config5>.0.0.0.0.0.0.0.0.0.0.0.0.0.0.0.0.0.0.0.0' at call site (firmware/nnet_utils/nnet_dense.h:41->firmware/myproject.cpp:47) by setting 'biases[18].V' to 'b5.V.18'.
INFO: [XFORM 203-622] Instantiating function 'nnet::dense_latency<ap_ufixed<5, 0, (ap_q_mode)4, (ap_o_mode)0, 0>, ap_fixed<16, 6, (ap_q_mode)5, (ap_o_mode)3, 0>, config5>.0.0.0.0.0.0.0.0.0.0.0.0.0.0.0.0.0.0.0.0'(firmware/nnet_utils/nnet_dense_latency.h:26:27) to 'nnet::dense_latency<ap_ufixed<5, 0, (ap_q_mode)4, (ap_o_mode)0, 0>, ap_fixed<16, 6, (ap_q_mode)5, (ap_o_mode)3, 0>, config5>.0.0.0.0.0.0.0.0.0.0.0.0.0.0.0.0.0.0.0.0.0' at call site (firmware/nnet_utils/nnet_dense.h:41->firmware/myproject.cpp:47) by setting 'biases[19].V' to 'b5.V.19'.
INFO: [XFORM 203-622] Instantiating function 'nnet::dense_latency<ap_fixed<16, 8, (ap_q_mode)5, (ap_o_mode)3, 0>, ap_fixed<16, 6, (ap_q_mode)5, (ap_o_mode)3, 0>, config2>'(firmware/nnet_utils/nnet_dense_latency.h:26:1) to 'nnet::dense_latency<ap_fixed<16, 8, (ap_q_mode)5, (ap_o_mode)3, 0>, ap_fixed<16, 6, (ap_q_mode)5, (ap_o_mode)3, 0>, config2>.0' by setting 'weights.V' to 'w2.V'.
INFO: [XFORM 203-622] Instantiating function 'nnet::dense_latency<ap_fixed<16, 8, (ap_q_mode)5, (ap_o_mode)3, 0>, ap_fixed<16, 6, (ap_q_mode)5, (ap_o_mode)3, 0>, config2>.0'(firmware/nnet_utils/nnet_dense_latency.h:26:1) to 'nnet::dense_latency<ap_fixed<16, 8, (ap_q_mode)5, (ap_o_mode)3, 0>, ap_fixed<16, 6, (ap_q_mode)5, (ap_o_mode)3, 0>, config2>.0.0' by setting 'biases[0].V' to 'b2.V.0'.
INFO: [XFORM 203-622] Instantiating function 'nnet::dense_latency<ap_fixed<16, 8, (ap_q_mode)5, (ap_o_mode)3, 0>, ap_fixed<16, 6, (ap_q_mode)5, (ap_o_mode)3, 0>, config2>.0.0'(firmware/nnet_utils/nnet_dense_latency.h:26:1) to 'nnet::dense_latency<ap_fixed<16, 8, (ap_q_mode)5, (ap_o_mode)3, 0>, ap_fixed<16, 6, (ap_q_mode)5, (ap_o_mode)3, 0>, config2>.0.0.0' by setting 'biases[1].V' to 'b2.V.1'.
INFO: [XFORM 203-622] Instantiating function 'nnet::dense_latency<ap_fixed<16, 8, (ap_q_mode)5, (ap_o_mode)3, 0>, ap_fixed<16, 6, (ap_q_mode)5, (ap_o_mode)3, 0>, config2>.0.0.0'(firmware/nnet_utils/nnet_dense_latency.h:26:1) to 'nnet::dense_latency<ap_fixed<16, 8, (ap_q_mode)5, (ap_o_mode)3, 0>, ap_fixed<16, 6, (ap_q_mode)5, (ap_o_mode)3, 0>, config2>.0.0.0.0' by setting 'biases[2].V' to 'b2.V.2'.
INFO: [XFORM 203-622] Instantiating function 'nnet::dense_latency<ap_fixed<16, 8, (ap_q_mode)5, (ap_o_mode)3, 0>, ap_fixed<16, 6, (ap_q_mode)5, (ap_o_mode)3, 0>, config2>.0.0.0.0'(firmware/nnet_utils/nnet_dense_latency.h:26:1) to 'nnet::dense_latency<ap_fixed<16, 8, (ap_q_mode)5, (ap_o_mode)3, 0>, ap_fixed<16, 6, (ap_q_mode)5, (ap_o_mode)3, 0>, config2>.0.0.0.0.0' by setting 'biases[3].V' to 'b2.V.3'.
INFO: [XFORM 203-622] Instantiating function 'nnet::dense_latency<ap_fixed<16, 8, (ap_q_mode)5, (ap_o_mode)3, 0>, ap_fixed<16, 6, (ap_q_mode)5, (ap_o_mode)3, 0>, config2>.0.0.0.0.0'(firmware/nnet_utils/nnet_dense_latency.h:26:1) to 'nnet::dense_latency<ap_fixed<16, 8, (ap_q_mode)5, (ap_o_mode)3, 0>, ap_fixed<16, 6, (ap_q_mode)5, (ap_o_mode)3, 0>, config2>.0.0.0.0.0.0' by setting 'biases[4].V' to 'b2.V.4'.
INFO: [XFORM 203-622] Instantiating function 'nnet::dense_latency<ap_fixed<16, 8, (ap_q_mode)5, (ap_o_mode)3, 0>, ap_fixed<16, 6, (ap_q_mode)5, (ap_o_mode)3, 0>, config2>.0.0.0.0.0.0'(firmware/nnet_utils/nnet_dense_latency.h:26:1) to 'nnet::dense_latency<ap_fixed<16, 8, (ap_q_mode)5, (ap_o_mode)3, 0>, ap_fixed<16, 6, (ap_q_mode)5, (ap_o_mode)3, 0>, config2>.0.0.0.0.0.0.0' by setting 'biases[5].V' to 'b2.V.5'.
INFO: [XFORM 203-622] Instantiating function 'nnet::dense_latency<ap_fixed<16, 8, (ap_q_mode)5, (ap_o_mode)3, 0>, ap_fixed<16, 6, (ap_q_mode)5, (ap_o_mode)3, 0>, config2>.0.0.0.0.0.0.0'(firmware/nnet_utils/nnet_dense_latency.h:26:1) to 'nnet::dense_latency<ap_fixed<16, 8, (ap_q_mode)5, (ap_o_mode)3, 0>, ap_fixed<16, 6, (ap_q_mode)5, (ap_o_mode)3, 0>, config2>.0.0.0.0.0.0.0.0' by setting 'biases[6].V' to 'b2.V.6'.
INFO: [XFORM 203-622] Instantiating function 'nnet::dense_latency<ap_fixed<16, 8, (ap_q_mode)5, (ap_o_mode)3, 0>, ap_fixed<16, 6, (ap_q_mode)5, (ap_o_mode)3, 0>, config2>.0.0.0.0.0.0.0.0'(firmware/nnet_utils/nnet_dense_latency.h:26:1) to 'nnet::dense_latency<ap_fixed<16, 8, (ap_q_mode)5, (ap_o_mode)3, 0>, ap_fixed<16, 6, (ap_q_mode)5, (ap_o_mode)3, 0>, config2>.0.0.0.0.0.0.0.0.0' by setting 'biases[7].V' to 'b2.V.7'.
INFO: [XFORM 203-622] Instantiating function 'nnet::dense_latency<ap_fixed<16, 8, (ap_q_mode)5, (ap_o_mode)3, 0>, ap_fixed<16, 6, (ap_q_mode)5, (ap_o_mode)3, 0>, config2>.0.0.0.0.0.0.0.0.0'(firmware/nnet_utils/nnet_dense_latency.h:26:1) to 'nnet::dense_latency<ap_fixed<16, 8, (ap_q_mode)5, (ap_o_mode)3, 0>, ap_fixed<16, 6, (ap_q_mode)5, (ap_o_mode)3, 0>, config2>.0.0.0.0.0.0.0.0.0.0' by setting 'biases[8].V' to 'b2.V.8'.
INFO: [XFORM 203-622] Instantiating function 'nnet::dense_latency<ap_fixed<16, 8, (ap_q_mode)5, (ap_o_mode)3, 0>, ap_fixed<16, 6, (ap_q_mode)5, (ap_o_mode)3, 0>, config2>.0.0.0.0.0.0.0.0.0.0'(firmware/nnet_utils/nnet_dense_latency.h:26:1) to 'nnet::dense_latency<ap_fixed<16, 8, (ap_q_mode)5, (ap_o_mode)3, 0>, ap_fixed<16, 6, (ap_q_mode)5, (ap_o_mode)3, 0>, config2>.0.0.0.0.0.0.0.0.0.0.0' by setting 'biases[9].V' to 'b2.V.9'.
INFO: [XFORM 203-622] Instantiating function 'nnet::dense_latency<ap_fixed<16, 8, (ap_q_mode)5, (ap_o_mode)3, 0>, ap_fixed<16, 6, (ap_q_mode)5, (ap_o_mode)3, 0>, config2>.0.0.0.0.0.0.0.0.0.0.0'(firmware/nnet_utils/nnet_dense_latency.h:26:1) to 'nnet::dense_latency<ap_fixed<16, 8, (ap_q_mode)5, (ap_o_mode)3, 0>, ap_fixed<16, 6, (ap_q_mode)5, (ap_o_mode)3, 0>, config2>.0.0.0.0.0.0.0.0.0.0.0.0' by setting 'biases[10].V' to 'b2.V.10'.
INFO: [XFORM 203-622] Instantiating function 'nnet::dense_latency<ap_fixed<16, 8, (ap_q_mode)5, (ap_o_mode)3, 0>, ap_fixed<16, 6, (ap_q_mode)5, (ap_o_mode)3, 0>, config2>.0.0.0.0.0.0.0.0.0.0.0.0'(firmware/nnet_utils/nnet_dense_latency.h:26:1) to 'nnet::dense_latency<ap_fixed<16, 8, (ap_q_mode)5, (ap_o_mode)3, 0>, ap_fixed<16, 6, (ap_q_mode)5, (ap_o_mode)3, 0>, config2>.0.0.0.0.0.0.0.0.0.0.0.0.0' by setting 'biases[11].V' to 'b2.V.11'.
INFO: [XFORM 203-622] Instantiating function 'nnet::dense_latency<ap_fixed<16, 8, (ap_q_mode)5, (ap_o_mode)3, 0>, ap_fixed<16, 6, (ap_q_mode)5, (ap_o_mode)3, 0>, config2>.0.0.0.0.0.0.0.0.0.0.0.0.0'(firmware/nnet_utils/nnet_dense_latency.h:26:1) to 'nnet::dense_latency<ap_fixed<16, 8, (ap_q_mode)5, (ap_o_mode)3, 0>, ap_fixed<16, 6, (ap_q_mode)5, (ap_o_mode)3, 0>, config2>.0.0.0.0.0.0.0.0.0.0.0.0.0.0' by setting 'biases[12].V' to 'b2.V.12'.
INFO: [XFORM 203-622] Instantiating function 'nnet::dense_latency<ap_fixed<16, 8, (ap_q_mode)5, (ap_o_mode)3, 0>, ap_fixed<16, 6, (ap_q_mode)5, (ap_o_mode)3, 0>, config2>.0.0.0.0.0.0.0.0.0.0.0.0.0.0'(firmware/nnet_utils/nnet_dense_latency.h:26:1) to 'nnet::dense_latency<ap_fixed<16, 8, (ap_q_mode)5, (ap_o_mode)3, 0>, ap_fixed<16, 6, (ap_q_mode)5, (ap_o_mode)3, 0>, config2>.0.0.0.0.0.0.0.0.0.0.0.0.0.0.0' by setting 'biases[13].V' to 'b2.V.13'.
INFO: [XFORM 203-622] Instantiating function 'nnet::dense_latency<ap_fixed<16, 8, (ap_q_mode)5, (ap_o_mode)3, 0>, ap_fixed<16, 6, (ap_q_mode)5, (ap_o_mode)3, 0>, config2>.0.0.0.0.0.0.0.0.0.0.0.0.0.0.0'(firmware/nnet_utils/nnet_dense_latency.h:26:1) to 'nnet::dense_latency<ap_fixed<16, 8, (ap_q_mode)5, (ap_o_mode)3, 0>, ap_fixed<16, 6, (ap_q_mode)5, (ap_o_mode)3, 0>, config2>.0.0.0.0.0.0.0.0.0.0.0.0.0.0.0.0' by setting 'biases[14].V' to 'b2.V.14'.
INFO: [XFORM 203-622] Instantiating function 'nnet::dense_latency<ap_fixed<16, 8, (ap_q_mode)5, (ap_o_mode)3, 0>, ap_fixed<16, 6, (ap_q_mode)5, (ap_o_mode)3, 0>, config2>.0.0.0.0.0.0.0.0.0.0.0.0.0.0.0.0'(firmware/nnet_utils/nnet_dense_latency.h:26:1) to 'nnet::dense_latency<ap_fixed<16, 8, (ap_q_mode)5, (ap_o_mode)3, 0>, ap_fixed<16, 6, (ap_q_mode)5, (ap_o_mode)3, 0>, config2>.0.0.0.0.0.0.0.0.0.0.0.0.0.0.0.0.0' by setting 'biases[15].V' to 'b2.V.15'.
INFO: [XFORM 203-622] Instantiating function 'nnet::dense_latency<ap_fixed<16, 8, (ap_q_mode)5, (ap_o_mode)3, 0>, ap_fixed<16, 6, (ap_q_mode)5, (ap_o_mode)3, 0>, config2>.0.0.0.0.0.0.0.0.0.0.0.0.0.0.0.0.0'(firmware/nnet_utils/nnet_dense_latency.h:26:1) to 'nnet::dense_latency<ap_fixed<16, 8, (ap_q_mode)5, (ap_o_mode)3, 0>, ap_fixed<16, 6, (ap_q_mode)5, (ap_o_mode)3, 0>, config2>.0.0.0.0.0.0.0.0.0.0.0.0.0.0.0.0.0.0' by setting 'biases[16].V' to 'b2.V.16'.
INFO: [XFORM 203-622] Instantiating function 'nnet::dense_latency<ap_fixed<16, 8, (ap_q_mode)5, (ap_o_mode)3, 0>, ap_fixed<16, 6, (ap_q_mode)5, (ap_o_mode)3, 0>, config2>.0.0.0.0.0.0.0.0.0.0.0.0.0.0.0.0.0.0'(firmware/nnet_utils/nnet_dense_latency.h:26:1) to 'nnet::dense_latency<ap_fixed<16, 8, (ap_q_mode)5, (ap_o_mode)3, 0>, ap_fixed<16, 6, (ap_q_mode)5, (ap_o_mode)3, 0>, config2>.0.0.0.0.0.0.0.0.0.0.0.0.0.0.0.0.0.0.0' by setting 'biases[17].V' to 'b2.V.17'.
INFO: [XFORM 203-622] Instantiating function 'nnet::dense_latency<ap_fixed<16, 8, (ap_q_mode)5, (ap_o_mode)3, 0>, ap_fixed<16, 6, (ap_q_mode)5, (ap_o_mode)3, 0>, config2>.0.0.0.0.0.0.0.0.0.0.0.0.0.0.0.0.0.0.0'(firmware/nnet_utils/nnet_dense_latency.h:26:1) to 'nnet::dense_latency<ap_fixed<16, 8, (ap_q_mode)5, (ap_o_mode)3, 0>, ap_fixed<16, 6, (ap_q_mode)5, (ap_o_mode)3, 0>, config2>.0.0.0.0.0.0.0.0.0.0.0.0.0.0.0.0.0.0.0.0' by setting 'biases[18].V' to 'b2.V.18'.
INFO: [XFORM 203-622] Instantiating function 'nnet::dense_latency<ap_fixed<16, 8, (ap_q_mode)5, (ap_o_mode)3, 0>, ap_fixed<16, 6, (ap_q_mode)5, (ap_o_mode)3, 0>, config2>.0.0.0.0.0.0.0.0.0.0.0.0.0.0.0.0.0.0.0.0'(firmware/nnet_utils/nnet_dense_latency.h:26:1) to 'nnet::dense_latency<ap_fixed<16, 8, (ap_q_mode)5, (ap_o_mode)3, 0>, ap_fixed<16, 6, (ap_q_mode)5, (ap_o_mode)3, 0>, config2>.0.0.0.0.0.0.0.0.0.0.0.0.0.0.0.0.0.0.0.0.0' by setting 'biases[19].V' to 'b2.V.19'.
INFO: [XFORM 203-401] Performing if-conversion on hyperblock from (firmware/nnet_utils/nnet_activation.h:216:28) to (firmware/nnet_utils/nnet_activation.h:270:1) in function 'nnet::softmax_stable<ap_fixed<16, 6, (ap_q_mode)5, (ap_o_mode)3, 0>, ap_fixed<16, 3, (ap_q_mode)5, (ap_o_mode)3, 0>, softmax_config10>'... converting 13 basic blocks.
INFO: [XFORM 203-401] Performing if-conversion on hyperblock from (firmware/nnet_utils/nnet_activation.h:39:74) in function 'nnet::relu<ap_fixed<16, 6, (ap_q_mode)5, (ap_o_mode)3, 0>, ap_ufixed<5, 0, (ap_q_mode)4, (ap_o_mode)0, 0>, relu_config7>'... converting 37 basic blocks.
INFO: [XFORM 203-401] Performing if-conversion on hyperblock from (firmware/nnet_utils/nnet_activation.h:39:74) to (firmware/nnet_utils/nnet_activation.h:50:1) in function 'nnet::relu<ap_fixed<16, 6, (ap_q_mode)5, (ap_o_mode)3, 0>, ap_ufixed<5, 0, (ap_q_mode)4, (ap_o_mode)0, 0>, relu_config4>'... converting 41 basic blocks.
INFO: [XFORM 203-11] Balancing expressions in function 'nnet::dense_latency<ap_ufixed<5, 0, (ap_q_mode)4, (ap_o_mode)0, 0>, ap_fixed<16, 6, (ap_q_mode)5, (ap_o_mode)3, 0>, config8>.0.0.0.0' (firmware/nnet_utils/nnet_dense_latency.h:26:1)...29 expression(s) balanced.
INFO: [XFORM 203-11] Balancing expressions in function 'nnet::dense_latency<ap_ufixed<5, 0, (ap_q_mode)4, (ap_o_mode)0, 0>, ap_fixed<16, 6, (ap_q_mode)5, (ap_o_mode)3, 0>, config5>.0.0.0.0.0.0.0.0.0.0.0.0.0.0.0.0.0.0.0.0.0' (firmware/nnet_utils/nnet_dense_latency.h:26:13)...179 expression(s) balanced.
INFO: [XFORM 203-11] Balancing expressions in function 'nnet::dense_latency<ap_fixed<16, 8, (ap_q_mode)5, (ap_o_mode)3, 0>, ap_fixed<16, 6, (ap_q_mode)5, (ap_o_mode)3, 0>, config2>.0.0.0.0.0.0.0.0.0.0.0.0.0.0.0.0.0.0.0.0.0' (firmware/nnet_utils/nnet_dense_latency.h:26:13)...6 expression(s) balanced.
INFO: [HLS 200-111] Finished Pre-synthesis Time (s): cpu = 00:00:45 ; elapsed = 00:01:02 . Memory (MB): peak = 1020.254 ; gain = 587.047 ; free physical = 219 ; free virtual = 949
WARNING: [XFORM 203-631] Renaming function 'nnet::softmax_stable<ap_fixed<16, 6, (ap_q_mode)5, (ap_o_mode)3, 0>, ap_fixed<16, 3, (ap_q_mode)5, (ap_o_mode)3, 0>, softmax_config10>' to 'softmax_stable<ap_fixed,ap_fixed<16,3,5,3,0>,softmax_config10>' (firmware/nnet_utils/nnet_activation.h:50:1)
WARNING: [XFORM 203-631] Renaming function 'nnet::relu<ap_fixed<16, 6, (ap_q_mode)5, (ap_o_mode)3, 0>, ap_ufixed<5, 0, (ap_q_mode)4, (ap_o_mode)0, 0>, relu_config7>' to 'relu<ap_fixed<16, 6, 5, 3, 0>, ap_ufixed<5, 0, 4, 0, 0>, relu_config7>' (firmware/nnet_utils/nnet_activation.h:39)
WARNING: [XFORM 203-631] Renaming function 'nnet::relu<ap_fixed<16, 6, (ap_q_mode)5, (ap_o_mode)3, 0>, ap_ufixed<5, 0, (ap_q_mode)4, (ap_o_mode)0, 0>, relu_config4>' to 'relu<ap_fixed<16, 6, 5, 3, 0>, ap_ufixed<5, 0, 4, 0, 0>, relu_config4>' (firmware/nnet_utils/nnet_activation.h:39)
WARNING: [XFORM 203-631] Renaming function 'nnet::dense_latency<ap_ufixed<5, 0, (ap_q_mode)4, (ap_o_mode)0, 0>, ap_fixed<16, 6, (ap_q_mode)5, (ap_o_mode)3, 0>, config8>.0.0.0.0' to 'dense_latency<ap_ufixed,ap_fixed<16,6,5,3,0>,config8>.0.0.0.0' (firmware/nnet_utils/nnet_dense_latency.h:26:1)
WARNING: [XFORM 203-631] Renaming function 'nnet::dense_latency<ap_ufixed<5, 0, (ap_q_mode)4, (ap_o_mode)0, 0>, ap_fixed<16, 6, (ap_q_mode)5, (ap_o_mode)3, 0>, config5>.0.0.0.0.0.0.0.0.0.0.0.0.0.0.0.0.0.0.0.0.0' to 'dense_latency.0.0.0.0.0.0.0.0.0.0.0.0.0.0.0.0.0.0.0.0.0' (firmware/nnet_utils/nnet_mult.h:26:9)
WARNING: [XFORM 203-631] Renaming function 'nnet::dense_latency<ap_fixed<16, 8, (ap_q_mode)5, (ap_o_mode)3, 0>, ap_fixed<16, 6, (ap_q_mode)5, (ap_o_mode)3, 0>, config2>.0.0.0.0.0.0.0.0.0.0.0.0.0.0.0.0.0.0.0.0.0' to 'dense_latency.0.0.0.0.0.0.0.0.0.0.0.0.0.0.0.0.0.0.0.0.0.1' (firmware/nnet_utils/nnet_dense_latency.h:26:13)
INFO: [HLS 200-111] Finished Architecture Synthesis Time (s): cpu = 00:00:48 ; elapsed = 00:01:05 . Memory (MB): peak = 1020.254 ; gain = 587.047 ; free physical = 200 ; free virtual = 932
INFO: [HLS 200-10] Starting hardware synthesis ...
INFO: [HLS 200-10] Synthesizing 'myproject' ...
WARNING: [SYN 201-103] Legalizing function name 'dense_latency.0.0.0.0.0.0.0.0.0.0.0.0.0.0.0.0.0.0.0.0.0.1' to 'dense_latency_0_0_0_0_0_0_0_0_0_0_0_0_0_0_0_0_0_0_0_0_0_1'.
WARNING: [SYN 201-103] Legalizing function name 'relu<ap_fixed<16, 6, 5, 3, 0>, ap_ufixed<5, 0, 4, 0, 0>, relu_config4>' to 'relu_ap_fixed_16_6_5_3_0_ap_ufixed_5_0_4_0_0_relu_config4_s'.
WARNING: [SYN 201-103] Legalizing function name 'dense_latency.0.0.0.0.0.0.0.0.0.0.0.0.0.0.0.0.0.0.0.0.0' to 'dense_latency_0_0_0_0_0_0_0_0_0_0_0_0_0_0_0_0_0_0_0_0_0'.
WARNING: [SYN 201-103] Legalizing function name 'relu<ap_fixed<16, 6, 5, 3, 0>, ap_ufixed<5, 0, 4, 0, 0>, relu_config7>' to 'relu_ap_fixed_16_6_5_3_0_ap_ufixed_5_0_4_0_0_relu_config7_s'.
WARNING: [SYN 201-103] Legalizing function name 'dense_latency<ap_ufixed,ap_fixed<16,6,5,3,0>,config8>.0.0.0.0' to 'dense_latency_ap_ufixed_ap_fixed_16_6_5_3_0_config8_0_0_0_0'.
WARNING: [SYN 201-103] Legalizing function name 'softmax_stable<ap_fixed,ap_fixed<16,3,5,3,0>,softmax_config10>' to 'softmax_stable_ap_fixed_ap_fixed_16_3_5_3_0_softmax_config10_s'.
WARNING: [SYN 201-223] Checking resource limit in 'dense_latency.0.0.0.0.0.0.0.0.0.0.0.0.0.0.0.0.0.0.0.0.0': cannot find any operation of 'mul'.
INFO: [HLS 200-10] ----------------------------------------------------------------
INFO: [HLS 200-42] -- Implementing module 'dense_latency_0_0_0_0_0_0_0_0_0_0_0_0_0_0_0_0_0_0_0_0_0_1' 
INFO: [HLS 200-10] ----------------------------------------------------------------
INFO: [SCHED 204-11] Starting scheduling ...
INFO: [SCHED 204-61] Pipelining function 'dense_latency.0.0.0.0.0.0.0.0.0.0.0.0.0.0.0.0.0.0.0.0.0.1'.
INFO: [SCHED 204-61] Pipelining result : Target II = 1, Final II = 1, Depth = 3.
INFO: [SCHED 204-11] Finished scheduling.
INFO: [HLS 200-111]  Elapsed time: 64.76 seconds; current allocated memory: 234.258 MB.
INFO: [BIND 205-100] Starting micro-architecture generation ...
INFO: [BIND 205-101] Performing variable lifetime analysis.
INFO: [BIND 205-101] Exploring resource sharing.
INFO: [BIND 205-101] Binding ...
INFO: [BIND 205-100] Starting global binding ...
INFO: [BIND 205-100] Finished micro-architecture generation.
INFO: [HLS 200-111]  Elapsed time: 0.18 seconds; current allocated memory: 234.838 MB.
INFO: [HLS 200-10] ----------------------------------------------------------------
INFO: [HLS 200-42] -- Implementing module 'relu_ap_fixed_16_6_5_3_0_ap_ufixed_5_0_4_0_0_relu_config4_s' 
INFO: [HLS 200-10] ----------------------------------------------------------------
INFO: [SCHED 204-11] Starting scheduling ...
INFO: [SCHED 204-61] Pipelining function 'relu<ap_fixed<16, 6, 5, 3, 0>, ap_ufixed<5, 0, 4, 0, 0>, relu_config4>'.
INFO: [SCHED 204-61] Pipelining result : Target II = 1, Final II = 1, Depth = 1.
INFO: [SCHED 204-11] Finished scheduling.
INFO: [HLS 200-111]  Elapsed time: 0.32 seconds; current allocated memory: 236.078 MB.
INFO: [BIND 205-100] Starting micro-architecture generation ...
INFO: [BIND 205-101] Performing variable lifetime analysis.
INFO: [BIND 205-101] Exploring resource sharing.
INFO: [BIND 205-101] Binding ...
INFO: [BIND 205-100] Finished micro-architecture generation.
INFO: [HLS 200-111]  Elapsed time: 0.4 seconds; current allocated memory: 237.466 MB.
INFO: [HLS 200-10] ----------------------------------------------------------------
INFO: [HLS 200-42] -- Implementing module 'dense_latency_0_0_0_0_0_0_0_0_0_0_0_0_0_0_0_0_0_0_0_0_0' 
INFO: [HLS 200-10] ----------------------------------------------------------------
INFO: [SCHED 204-11] Starting scheduling ...
INFO: [SCHED 204-61] Pipelining function 'dense_latency.0.0.0.0.0.0.0.0.0.0.0.0.0.0.0.0.0.0.0.0.0'.
INFO: [SCHED 204-61] Pipelining result : Target II = 1, Final II = 1, Depth = 4.
INFO: [SCHED 204-11] Finished scheduling.
INFO: [HLS 200-111]  Elapsed time: 0.94 seconds; current allocated memory: 239.866 MB.
INFO: [BIND 205-100] Starting micro-architecture generation ...
INFO: [BIND 205-101] Performing variable lifetime analysis.
INFO: [BIND 205-101] Exploring resource sharing.
INFO: [BIND 205-101] Binding ...
INFO: [BIND 205-100] Finished micro-architecture generation.
INFO: [HLS 200-111]  Elapsed time: 0.77 seconds; current allocated memory: 242.447 MB.
INFO: [HLS 200-10] ----------------------------------------------------------------
INFO: [HLS 200-42] -- Implementing module 'relu_ap_fixed_16_6_5_3_0_ap_ufixed_5_0_4_0_0_relu_config7_s' 
INFO: [HLS 200-10] ----------------------------------------------------------------
INFO: [SCHED 204-11] Starting scheduling ...
INFO: [SCHED 204-61] Pipelining function 'relu<ap_fixed<16, 6, 5, 3, 0>, ap_ufixed<5, 0, 4, 0, 0>, relu_config7>'.
INFO: [SCHED 204-61] Pipelining result : Target II = 1, Final II = 1, Depth = 1.
INFO: [SCHED 204-11] Finished scheduling.
INFO: [HLS 200-111]  Elapsed time: 1.21 seconds; current allocated memory: 243.921 MB.
INFO: [BIND 205-100] Starting micro-architecture generation ...
INFO: [BIND 205-101] Performing variable lifetime analysis.
INFO: [BIND 205-101] Exploring resource sharing.
INFO: [BIND 205-101] Binding ...
INFO: [BIND 205-100] Finished micro-architecture generation.
INFO: [HLS 200-111]  Elapsed time: 0.51 seconds; current allocated memory: 245.576 MB.
INFO: [HLS 200-10] ----------------------------------------------------------------
INFO: [HLS 200-42] -- Implementing module 'dense_latency_ap_ufixed_ap_fixed_16_6_5_3_0_config8_0_0_0_0' 
INFO: [HLS 200-10] ----------------------------------------------------------------
INFO: [SCHED 204-11] Starting scheduling ...
INFO: [SCHED 204-61] Pipelining function 'dense_latency<ap_ufixed,ap_fixed<16,6,5,3,0>,config8>.0.0.0.0'.
INFO: [SCHED 204-61] Pipelining result : Target II = 1, Final II = 1, Depth = 4.
INFO: [SCHED 204-11] Finished scheduling.
INFO: [HLS 200-111]  Elapsed time: 0.76 seconds; current allocated memory: 246.492 MB.
INFO: [BIND 205-100] Starting micro-architecture generation ...
INFO: [BIND 205-101] Performing variable lifetime analysis.
INFO: [BIND 205-101] Exploring resource sharing.
INFO: [BIND 205-101] Binding ...
INFO: [BIND 205-100] Starting global binding ...
INFO: [BIND 205-100] Finished micro-architecture generation.
INFO: [HLS 200-111]  Elapsed time: 0.24 seconds; current allocated memory: 247.262 MB.
INFO: [HLS 200-10] ----------------------------------------------------------------
INFO: [HLS 200-42] -- Implementing module 'softmax_stable_ap_fixed_ap_fixed_16_3_5_3_0_softmax_config10_s' 
INFO: [HLS 200-10] ----------------------------------------------------------------
INFO: [SCHED 204-11] Starting scheduling ...
INFO: [SCHED 204-61] Pipelining function 'softmax_stable<ap_fixed,ap_fixed<16,3,5,3,0>,softmax_config10>'.
INFO: [SCHED 204-61] Pipelining result : Target II = 1, Final II = 1, Depth = 11.
INFO: [SCHED 204-11] Finished scheduling.
INFO: [HLS 200-111]  Elapsed time: 0.33 seconds; current allocated memory: 247.718 MB.
INFO: [BIND 205-100] Starting micro-architecture generation ...
INFO: [BIND 205-101] Performing variable lifetime analysis.
INFO: [BIND 205-101] Exploring resource sharing.
INFO: [BIND 205-101] Binding ...
INFO: [BIND 205-100] Finished micro-architecture generation.
INFO: [HLS 200-111]  Elapsed time: 0.12 seconds; current allocated memory: 248.061 MB.
INFO: [HLS 200-10] ----------------------------------------------------------------
INFO: [HLS 200-42] -- Implementing module 'myproject' 
INFO: [HLS 200-10] ----------------------------------------------------------------
INFO: [SCHED 204-11] Starting scheduling ...
INFO: [SCHED 204-61] Pipelining function 'myproject'.
INFO: [SCHED 204-61] Pipelining result : Target II = 1, Final II = 1, Depth = 26.
INFO: [SCHED 204-11] Finished scheduling.
INFO: [HLS 200-111]  Elapsed time: 0.21 seconds; current allocated memory: 248.416 MB.
INFO: [BIND 205-100] Starting micro-architecture generation ...
INFO: [BIND 205-101] Performing variable lifetime analysis.
INFO: [BIND 205-101] Exploring resource sharing.
INFO: [BIND 205-101] Binding ...
INFO: [BIND 205-100] Finished micro-architecture generation.
INFO: [HLS 200-111]  Elapsed time: 1.9 seconds; current allocated memory: 250.202 MB.
INFO: [HLS 200-10] ----------------------------------------------------------------
INFO: [HLS 200-10] -- Generating RTL for module 'dense_latency_0_0_0_0_0_0_0_0_0_0_0_0_0_0_0_0_0_0_0_0_0_1' 
INFO: [HLS 200-10] ----------------------------------------------------------------
INFO: [RTGEN 206-100] Finished creating RTL model for 'dense_latency_0_0_0_0_0_0_0_0_0_0_0_0_0_0_0_0_0_0_0_0_0_1'.
INFO: [HLS 200-111]  Elapsed time: 1.35 seconds; current allocated memory: 252.526 MB.
INFO: [HLS 200-10] ----------------------------------------------------------------
INFO: [HLS 200-10] -- Generating RTL for module 'relu_ap_fixed_16_6_5_3_0_ap_ufixed_5_0_4_0_0_relu_config4_s' 
INFO: [HLS 200-10] ----------------------------------------------------------------
INFO: [RTGEN 206-100] Finished creating RTL model for 'relu_ap_fixed_16_6_5_3_0_ap_ufixed_5_0_4_0_0_relu_config4_s'.
INFO: [HLS 200-111]  Elapsed time: 0.53 seconds; current allocated memory: 257.603 MB.
INFO: [HLS 200-10] ----------------------------------------------------------------
INFO: [HLS 200-10] -- Generating RTL for module 'dense_latency_0_0_0_0_0_0_0_0_0_0_0_0_0_0_0_0_0_0_0_0_0' 
INFO: [HLS 200-10] ----------------------------------------------------------------
INFO: [RTGEN 206-100] Finished creating RTL model for 'dense_latency_0_0_0_0_0_0_0_0_0_0_0_0_0_0_0_0_0_0_0_0_0'.
INFO: [HLS 200-111]  Elapsed time: 1.47 seconds; current allocated memory: 268.330 MB.
INFO: [HLS 200-10] ----------------------------------------------------------------
INFO: [HLS 200-10] -- Generating RTL for module 'relu_ap_fixed_16_6_5_3_0_ap_ufixed_5_0_4_0_0_relu_config7_s' 
INFO: [HLS 200-10] ----------------------------------------------------------------
INFO: [RTGEN 206-100] Finished creating RTL model for 'relu_ap_fixed_16_6_5_3_0_ap_ufixed_5_0_4_0_0_relu_config7_s'.
INFO: [HLS 200-111]  Elapsed time: 2.7 seconds; current allocated memory: 283.299 MB.
INFO: [HLS 200-10] ----------------------------------------------------------------
INFO: [HLS 200-10] -- Generating RTL for module 'dense_latency_ap_ufixed_ap_fixed_16_6_5_3_0_config8_0_0_0_0' 
INFO: [HLS 200-10] ----------------------------------------------------------------
INFO: [RTGEN 206-100] Finished creating RTL model for 'dense_latency_ap_ufixed_ap_fixed_16_6_5_3_0_config8_0_0_0_0'.
INFO: [HLS 200-111]  Elapsed time: 1.73 seconds; current allocated memory: 290.785 MB.
INFO: [HLS 200-10] ----------------------------------------------------------------
INFO: [HLS 200-10] -- Generating RTL for module 'softmax_stable_ap_fixed_ap_fixed_16_3_5_3_0_softmax_config10_s' 
INFO: [HLS 200-10] ----------------------------------------------------------------
INFO: [RTGEN 206-100] Generating core module 'myproject_mul_mul_18s_18s_27_3_1': 3 instance(s).
INFO: [RTGEN 206-100] Finished creating RTL model for 'softmax_stable_ap_fixed_ap_fixed_16_3_5_3_0_softmax_config10_s'.
INFO: [HLS 200-111]  Elapsed time: 1 seconds; current allocated memory: 294.810 MB.
INFO: [HLS 200-10] ----------------------------------------------------------------
INFO: [HLS 200-10] -- Generating RTL for module 'myproject' 
INFO: [HLS 200-10] ----------------------------------------------------------------
INFO: [RTGEN 206-500] Setting interface mode on port 'myproject/fc1_input_V' to 'ap_vld'.
INFO: [RTGEN 206-500] Setting interface mode on port 'myproject/layer10_out_0_V' to 'ap_vld'.
INFO: [RTGEN 206-500] Setting interface mode on port 'myproject/layer10_out_1_V' to 'ap_vld'.
INFO: [RTGEN 206-500] Setting interface mode on port 'myproject/layer10_out_2_V' to 'ap_vld'.
INFO: [RTGEN 206-500] Setting interface mode on function 'myproject' to 'ap_ctrl_hs'.
INFO: [RTGEN 206-100] Finished creating RTL model for 'myproject'.
INFO: [HLS 200-111]  Elapsed time: 0.92 seconds; current allocated memory: 299.382 MB.
INFO: [HLS 200-789] **** Estimated Fmax: 228.92 MHz
INFO: [RTMG 210-279] Implementing memory 'softmax_stable_ap_fixed_ap_fixed_16_3_5_3_0_softmax_config10_s_exp_table1_rom' using block ROMs.
INFO: [RTMG 210-279] Implementing memory 'softmax_stable_ap_fixed_ap_fixed_16_3_5_3_0_softmax_config10_s_invert_table2_rom' using auto ROMs.
INFO: [HLS 200-111] Finished generating all RTL models Time (s): cpu = 00:01:07 ; elapsed = 00:01:26 . Memory (MB): peak = 1100.246 ; gain = 667.039 ; free physical = 109 ; free virtual = 872
INFO: [VHDL 208-304] Generating VHDL RTL for myproject.
INFO: [VLOG 209-307] Generating Verilog RTL for myproject.
***** C/RTL SYNTHESIS COMPLETED IN 0h1m19s *****
***** EXPORT IP *****
INFO: [IMPL 213-8] Exporting RTL as a Vivado IP.

****** Vivado v2019.2 (64-bit)
  **** SW Build 2708876 on Wed Nov  6 21:39:14 MST 2019
  **** IP Build 2700528 on Thu Nov  7 00:09:20 MST 2019
    ** Copyright 1986-2019 Xilinx, Inc. All Rights Reserved.

source run_ippack.tcl -notrace
INFO: [IP_Flow 19-234] Refreshing IP repositories
INFO: [IP_Flow 19-1704] No user IP repositories specified
INFO: [IP_Flow 19-2313] Loaded Vivado IP repository '/tools/Xilinx/Vivado/2019.2/data/ip'.
INFO: [Common 17-206] Exiting Vivado at Sun Mar  3 22:46:25 2024...
***** EXPORT IP COMPLETED IN 0h0m37s *****
INFO: [HLS 200-112] Total elapsed time: 124.26 seconds; peak allocated memory: 299.382 MB.
INFO: [Common 17-206] Exiting vivado_hls at Sun Mar  3 22:46:35 2024...
