

================================================================
== Vivado HLS Report for 'dense_latency_0_0_0_0_0_0_0_0_0_0_0_0_0_0_0_0_0_0_0_0_0_1'
================================================================
* Date:           Tue Mar  5 17:47:42 2024

* Version:        2019.2 (Build 2704478 on Wed Nov 06 22:10:23 MST 2019)
* Project:        NN_final_prj
* Solution:       solution1
* Product family: artix7
* Target device:  xc7a35t-csg324-3


================================================================
== Performance Estimates
================================================================
+ Timing: 
    * Summary: 
    +--------+---------+----------+------------+
    |  Clock |  Target | Estimated| Uncertainty|
    +--------+---------+----------+------------+
    |ap_clk  | 5.00 ns | 4.060 ns |   0.62 ns  |
    +--------+---------+----------+------------+

+ Latency: 
    * Summary: 
    +---------+---------+----------+----------+-----+-----+----------+
    |  Latency (cycles) |  Latency (absolute) |  Interval | Pipeline |
    |   min   |   max   |    min   |    max   | min | max |   Type   |
    +---------+---------+----------+----------+-----+-----+----------+
    |        1|        1| 5.000 ns | 5.000 ns |    1|    1| function |
    +---------+---------+----------+----------+-----+-----+----------+

    + Detail: 
        * Instance: 
        N/A

        * Loop: 
        N/A



================================================================
== Utilization Estimates
================================================================
* Summary: 
+-----------------+---------+-------+-------+-------+-----+
|       Name      | BRAM_18K| DSP48E|   FF  |  LUT  | URAM|
+-----------------+---------+-------+-------+-------+-----+
|DSP              |        -|      -|      -|      -|    -|
|Expression       |        -|      1|      0|    805|    -|
|FIFO             |        -|      -|      -|      -|    -|
|Instance         |        -|      -|      -|      -|    -|
|Memory           |        -|      -|      -|      -|    -|
|Multiplexer      |        -|      -|      -|    126|    -|
|Register         |        -|      -|    390|      -|    -|
+-----------------+---------+-------+-------+-------+-----+
|Total            |        0|      1|    390|    931|    0|
+-----------------+---------+-------+-------+-------+-----+
|Available        |      100|     90|  41600|  20800|    0|
+-----------------+---------+-------+-------+-------+-----+
|Utilization (%)  |        0|      1|   ~0  |      4|    0|
+-----------------+---------+-------+-------+-------+-----+

+ Detail: 
    * Instance: 
    N/A

    * DSP48E: 
    N/A

    * Memory: 
    N/A

    * FIFO: 
    N/A

    * Expression: 
    +-------------------------+----------+-------+---+----+------------+------------+
    |      Variable Name      | Operation| DSP48E| FF| LUT| Bitwidth P0| Bitwidth P1|
    +-------------------------+----------+-------+---+----+------------+------------+
    |mul_ln1118_fu_125_p2     |     *    |      1|  0|   6|           5|          16|
    |acc_11_V_fu_829_p2       |     +    |      0|  0|  22|          15|          15|
    |acc_12_V_fu_839_p2       |     +    |      0|  0|  21|          14|          14|
    |acc_13_V_fu_849_p2       |     +    |      0|  0|  21|          14|          14|
    |acc_14_V_fu_868_p2       |     +    |      0|  0|  18|          14|          14|
    |acc_15_V_fu_888_p2       |     +    |      0|  0|  22|          15|          15|
    |acc_16_V_fu_898_p2       |     +    |      0|  0|  21|           8|          14|
    |acc_18_V_fu_911_p2       |     +    |      0|  0|  21|          14|          14|
    |acc_19_V_fu_931_p2       |     +    |      0|  0|  21|          14|          14|
    |acc_1_V_fu_705_p2        |     +    |      0|  0|  21|          14|          14|
    |acc_5_V_fu_725_p2        |     +    |      0|  0|  22|          15|          15|
    |acc_6_V_fu_745_p2        |     +    |      0|  0|  21|          14|          14|
    |acc_7_V_fu_715_p2        |     +    |      0|  0|  21|           8|          14|
    |acc_8_V_fu_779_p2        |     +    |      0|  0|  22|          15|          15|
    |acc_9_V_fu_799_p2        |     +    |      0|  0|  22|          15|          15|
    |add_ln1118_fu_612_p2     |     +    |      0|  0|  26|          19|          19|
    |add_ln703_27_fu_735_p2   |     +    |      0|  0|  19|           9|          12|
    |add_ln703_29_fu_769_p2   |     +    |      0|  0|  16|           9|           9|
    |add_ln703_31_fu_789_p2   |     +    |      0|  0|  21|           8|          14|
    |add_ln703_33_fu_809_p2   |     +    |      0|  0|  21|          14|          14|
    |add_ln703_34_fu_819_p2   |     +    |      0|  0|  16|           9|           9|
    |add_ln703_38_fu_859_p2   |     +    |      0|  0|  18|          14|          14|
    |add_ln703_39_fu_547_p2   |     +    |      0|  0|  17|           8|          10|
    |add_ln703_41_fu_878_p2   |     +    |      0|  0|  21|           9|          14|
    |add_ln703_44_fu_553_p2   |     +    |      0|  0|  19|          12|          12|
    |add_ln703_46_fu_921_p2   |     +    |      0|  0|  17|           9|          10|
    |add_ln703_fu_759_p2      |     +    |      0|  0|  21|          14|          14|
    |sub_ln1118_19_fu_565_p2  |     -    |      0|  0|  28|          21|          21|
    |sub_ln1118_20_fu_278_p2  |     -    |      0|  0|  28|           1|          21|
    |sub_ln1118_21_fu_632_p2  |     -    |      0|  0|  28|          21|          21|
    |sub_ln1118_22_fu_662_p2  |     -    |      0|  0|  28|          21|          21|
    |sub_ln1118_23_fu_348_p2  |     -    |      0|  0|  28|          21|          21|
    |sub_ln1118_24_fu_374_p2  |     -    |      0|  0|  28|           1|          21|
    |sub_ln1118_25_fu_418_p2  |     -    |      0|  0|  25|           1|          18|
    |sub_ln1118_26_fu_479_p2  |     -    |      0|  0|  28|          21|          21|
    |sub_ln1118_27_fu_527_p2  |     -    |      0|  0|  26|          19|          19|
    |sub_ln1118_fu_390_p2     |     -    |      0|  0|  24|           1|          17|
    +-------------------------+----------+-------+---+----+------------+------------+
    |Total                    |          |      1|  0| 805|         456|         569|
    +-------------------------+----------+-------+---+----+------------+------------+

    * Multiplexer: 
    +--------------+----+-----------+-----+-----------+
    |     Name     | LUT| Input Size| Bits| Total Bits|
    +--------------+----+-----------+-----+-----------+
    |ap_return_0   |   9|          2|   16|         32|
    |ap_return_1   |   9|          2|   16|         32|
    |ap_return_10  |   9|          2|   16|         32|
    |ap_return_11  |   9|          2|   16|         32|
    |ap_return_12  |   9|          2|   16|         32|
    |ap_return_13  |   9|          2|   16|         32|
    |ap_return_2   |   9|          2|   16|         32|
    |ap_return_3   |   9|          2|   16|         32|
    |ap_return_4   |   9|          2|   16|         32|
    |ap_return_5   |   9|          2|   16|         32|
    |ap_return_6   |   9|          2|   16|         32|
    |ap_return_7   |   9|          2|   16|         32|
    |ap_return_8   |   9|          2|   16|         32|
    |ap_return_9   |   9|          2|   16|         32|
    +--------------+----+-----------+-----+-----------+
    |Total         | 126|         28|  224|        448|
    +--------------+----+-----------+-----+-----------+

    * Register: 
    +-------------------------+----+----+-----+-----------+
    |           Name          | FF | LUT| Bits| Const Bits|
    +-------------------------+----+----+-----+-----------+
    |add_ln703_39_reg_1091    |  10|   0|   10|          0|
    |add_ln703_44_reg_1096    |  12|   0|   12|          0|
    |ap_ce_reg                |   1|   0|    1|          0|
    |ap_return_0_int_reg      |  16|   0|   16|          0|
    |ap_return_10_int_reg     |  16|   0|   16|          0|
    |ap_return_11_int_reg     |  16|   0|   16|          0|
    |ap_return_12_int_reg     |  16|   0|   16|          0|
    |ap_return_13_int_reg     |  16|   0|   16|          0|
    |ap_return_1_int_reg      |  16|   0|   16|          0|
    |ap_return_2_int_reg      |  16|   0|   16|          0|
    |ap_return_3_int_reg      |  16|   0|   16|          0|
    |ap_return_4_int_reg      |  16|   0|   16|          0|
    |ap_return_5_int_reg      |  16|   0|   16|          0|
    |ap_return_6_int_reg      |  16|   0|   16|          0|
    |ap_return_7_int_reg      |  16|   0|   16|          0|
    |ap_return_8_int_reg      |  16|   0|   16|          0|
    |ap_return_9_int_reg      |  16|   0|   16|          0|
    |sext_ln1118_3_reg_1033   |  17|   0|   21|          4|
    |trunc_ln203_reg_1025     |  16|   0|   16|          0|
    |trunc_ln708_27_reg_1046  |   8|   0|    8|          0|
    |trunc_ln708_31_reg_1051  |  13|   0|   13|          0|
    |trunc_ln708_32_reg_1056  |   8|   0|    8|          0|
    |trunc_ln708_33_reg_1061  |  13|   0|   13|          0|
    |trunc_ln708_34_reg_1066  |   9|   0|    9|          0|
    |trunc_ln708_35_reg_1071  |   9|   0|    9|          0|
    |trunc_ln708_36_reg_1076  |  13|   0|   13|          0|
    |trunc_ln708_37_reg_1081  |  11|   0|   11|          0|
    |trunc_ln708_38_reg_1086  |  13|   0|   13|          0|
    |trunc_ln708_s_reg_1040   |  13|   0|   13|          0|
    +-------------------------+----+----+-----+-----------+
    |Total                    | 390|   0|  394|          4|
    +-------------------------+----+----+-----+-----------+



================================================================
== Interface
================================================================
* Summary: 
+--------------+-----+-----+------------+-----------------------------------------------------------+--------------+
|   RTL Ports  | Dir | Bits|  Protocol  |                       Source Object                       |    C Type    |
+--------------+-----+-----+------------+-----------------------------------------------------------+--------------+
|ap_clk        |  in |    1| ap_ctrl_hs | dense_latency.0.0.0.0.0.0.0.0.0.0.0.0.0.0.0.0.0.0.0.0.0.1 | return value |
|ap_rst        |  in |    1| ap_ctrl_hs | dense_latency.0.0.0.0.0.0.0.0.0.0.0.0.0.0.0.0.0.0.0.0.0.1 | return value |
|ap_return_0   | out |   16| ap_ctrl_hs | dense_latency.0.0.0.0.0.0.0.0.0.0.0.0.0.0.0.0.0.0.0.0.0.1 | return value |
|ap_return_1   | out |   16| ap_ctrl_hs | dense_latency.0.0.0.0.0.0.0.0.0.0.0.0.0.0.0.0.0.0.0.0.0.1 | return value |
|ap_return_2   | out |   16| ap_ctrl_hs | dense_latency.0.0.0.0.0.0.0.0.0.0.0.0.0.0.0.0.0.0.0.0.0.1 | return value |
|ap_return_3   | out |   16| ap_ctrl_hs | dense_latency.0.0.0.0.0.0.0.0.0.0.0.0.0.0.0.0.0.0.0.0.0.1 | return value |
|ap_return_4   | out |   16| ap_ctrl_hs | dense_latency.0.0.0.0.0.0.0.0.0.0.0.0.0.0.0.0.0.0.0.0.0.1 | return value |
|ap_return_5   | out |   16| ap_ctrl_hs | dense_latency.0.0.0.0.0.0.0.0.0.0.0.0.0.0.0.0.0.0.0.0.0.1 | return value |
|ap_return_6   | out |   16| ap_ctrl_hs | dense_latency.0.0.0.0.0.0.0.0.0.0.0.0.0.0.0.0.0.0.0.0.0.1 | return value |
|ap_return_7   | out |   16| ap_ctrl_hs | dense_latency.0.0.0.0.0.0.0.0.0.0.0.0.0.0.0.0.0.0.0.0.0.1 | return value |
|ap_return_8   | out |   16| ap_ctrl_hs | dense_latency.0.0.0.0.0.0.0.0.0.0.0.0.0.0.0.0.0.0.0.0.0.1 | return value |
|ap_return_9   | out |   16| ap_ctrl_hs | dense_latency.0.0.0.0.0.0.0.0.0.0.0.0.0.0.0.0.0.0.0.0.0.1 | return value |
|ap_return_10  | out |   16| ap_ctrl_hs | dense_latency.0.0.0.0.0.0.0.0.0.0.0.0.0.0.0.0.0.0.0.0.0.1 | return value |
|ap_return_11  | out |   16| ap_ctrl_hs | dense_latency.0.0.0.0.0.0.0.0.0.0.0.0.0.0.0.0.0.0.0.0.0.1 | return value |
|ap_return_12  | out |   16| ap_ctrl_hs | dense_latency.0.0.0.0.0.0.0.0.0.0.0.0.0.0.0.0.0.0.0.0.0.1 | return value |
|ap_return_13  | out |   16| ap_ctrl_hs | dense_latency.0.0.0.0.0.0.0.0.0.0.0.0.0.0.0.0.0.0.0.0.0.1 | return value |
|ap_ce         |  in |    1| ap_ctrl_hs | dense_latency.0.0.0.0.0.0.0.0.0.0.0.0.0.0.0.0.0.0.0.0.0.1 | return value |
|data_V_read   |  in |   48|   ap_none  |                        data_V_read                        |    scalar    |
+--------------+-----+-----+------------+-----------------------------------------------------------+--------------+

