

================================================================
== Vivado HLS Report for 'dense_latency_ap_ufixed_ap_fixed_16_6_5_3_0_config8_0_0_0_0'
================================================================
* Date:           Tue Mar  5 17:47:47 2024

* Version:        2019.2 (Build 2704478 on Wed Nov 06 22:10:23 MST 2019)
* Project:        NN_final_prj
* Solution:       solution1
* Product family: artix7
* Target device:  xc7a35t-csg324-3


================================================================
== Performance Estimates
================================================================
+ Timing: 
    * Summary: 
    +--------+---------+----------+------------+
    |  Clock |  Target | Estimated| Uncertainty|
    +--------+---------+----------+------------+
    |ap_clk  | 5.00 ns | 3.534 ns |   0.62 ns  |
    +--------+---------+----------+------------+

+ Latency: 
    * Summary: 
    +---------+---------+-----------+-----------+-----+-----+----------+
    |  Latency (cycles) |   Latency (absolute)  |  Interval | Pipeline |
    |   min   |   max   |    min    |    max    | min | max |   Type   |
    +---------+---------+-----------+-----------+-----+-----+----------+
    |        2|        2| 10.000 ns | 10.000 ns |    1|    1| function |
    +---------+---------+-----------+-----------+-----+-----+----------+

    + Detail: 
        * Instance: 
        N/A

        * Loop: 
        N/A



================================================================
== Utilization Estimates
================================================================
* Summary: 
+-----------------+---------+-------+-------+-------+-----+
|       Name      | BRAM_18K| DSP48E|   FF  |  LUT  | URAM|
+-----------------+---------+-------+-------+-------+-----+
|DSP              |        -|      -|      -|      -|    -|
|Expression       |        -|      0|      0|    789|    -|
|FIFO             |        -|      -|      -|      -|    -|
|Instance         |        -|      -|      -|      -|    -|
|Memory           |        -|      -|      -|      -|    -|
|Multiplexer      |        -|      -|      -|     27|    -|
|Register         |        -|      -|    373|      -|    -|
+-----------------+---------+-------+-------+-------+-----+
|Total            |        0|      0|    373|    816|    0|
+-----------------+---------+-------+-------+-------+-----+
|Available        |      100|     90|  41600|  20800|    0|
+-----------------+---------+-------+-------+-------+-----+
|Utilization (%)  |        0|      0|   ~0  |      3|    0|
+-----------------+---------+-------+-------+-------+-----+

+ Detail: 
    * Instance: 
    N/A

    * DSP48E: 
    N/A

    * Memory: 
    N/A

    * FIFO: 
    N/A

    * Expression: 
    +-------------------------+----------+-------+---+----+------------+------------+
    |      Variable Name      | Operation| DSP48E| FF| LUT| Bitwidth P0| Bitwidth P1|
    +-------------------------+----------+-------+---+----+------------+------------+
    |mul_ln1118_3_fu_183_p2   |     *    |      0|  0|  17|           5|           5|
    |mul_ln1118_fu_181_p2     |     *    |      0|  0|  17|           5|           5|
    |acc_1_V_fu_1305_p2       |     +    |      0|  0|  21|          14|          14|
    |acc_2_V_fu_1330_p2       |     +    |      0|  0|  18|          14|          14|
    |add_ln703_10_fu_990_p2   |     +    |      0|  0|  19|          12|          12|
    |add_ln703_11_fu_996_p2   |     +    |      0|  0|  19|          12|           8|
    |add_ln703_12_fu_1225_p2  |     +    |      0|  0|  18|          13|          13|
    |add_ln703_13_fu_1231_p2  |     +    |      0|  0|  18|          13|          13|
    |add_ln703_15_fu_1237_p2  |     +    |      0|  0|  19|          12|          12|
    |add_ln703_16_fu_1002_p2  |     +    |      0|  0|  19|          12|          12|
    |add_ln703_17_fu_1250_p2  |     +    |      0|  0|  20|          13|          13|
    |add_ln703_18_fu_1008_p2  |     +    |      0|  0|  19|          12|          12|
    |add_ln703_19_fu_1259_p2  |     +    |      0|  0|  20|          13|          13|
    |add_ln703_20_fu_1014_p2  |     +    |      0|  0|  19|          12|          12|
    |add_ln703_21_fu_1268_p2  |     +    |      0|  0|  20|          13|          13|
    |add_ln703_22_fu_1324_p2  |     +    |      0|  0|  18|          14|          14|
    |add_ln703_2_fu_1184_p2   |     +    |      0|  0|  20|          13|          13|
    |add_ln703_3_fu_978_p2    |     +    |      0|  0|  19|          12|          12|
    |add_ln703_4_fu_1190_p2   |     +    |      0|  0|  18|          11|           7|
    |add_ln703_5_fu_1200_p2   |     +    |      0|  0|  20|          13|          13|
    |add_ln703_6_fu_1283_p2   |     +    |      0|  0|  18|          14|          14|
    |add_ln703_7_fu_1289_p2   |     +    |      0|  0|  18|          14|          14|
    |add_ln703_8_fu_984_p2    |     +    |      0|  0|  18|          11|          11|
    |add_ln703_9_fu_1213_p2   |     +    |      0|  0|  20|          13|          13|
    |add_ln703_fu_972_p2      |     +    |      0|  0|  19|          12|          12|
    |sub_ln1118_10_fu_714_p2  |     -    |      0|  0|  17|          10|          10|
    |sub_ln1118_11_fu_756_p2  |     -    |      0|  0|  17|           1|          10|
    |sub_ln1118_12_fu_786_p2  |     -    |      0|  0|  17|           1|          10|
    |sub_ln1118_13_fu_828_p2  |     -    |      0|  0|  16|           9|           9|
    |sub_ln1118_14_fu_866_p2  |     -    |      0|  0|  17|          10|          10|
    |sub_ln1118_15_fu_884_p2  |     -    |      0|  0|  17|          10|          10|
    |sub_ln1118_16_fu_902_p2  |     -    |      0|  0|  16|           9|           9|
    |sub_ln1118_17_fu_954_p2  |     -    |      0|  0|  17|          10|          10|
    |sub_ln1118_18_fu_936_p2  |     -    |      0|  0|  17|          10|          10|
    |sub_ln1118_1_fu_467_p2   |     -    |      0|  0|  17|          10|          10|
    |sub_ln1118_2_fu_485_p2   |     -    |      0|  0|  17|           1|          10|
    |sub_ln1118_3_fu_1090_p2  |     -    |      0|  0|  17|          10|          10|
    |sub_ln1118_4_fu_515_p2   |     -    |      0|  0|  15|           1|           7|
    |sub_ln1118_5_fu_557_p2   |     -    |      0|  0|  16|           9|           9|
    |sub_ln1118_6_fu_1118_p2  |     -    |      0|  0|  17|          10|          10|
    |sub_ln1118_7_fu_591_p2   |     -    |      0|  0|  17|          10|          10|
    |sub_ln1118_8_fu_633_p2   |     -    |      0|  0|  17|           1|          10|
    |sub_ln1118_9_fu_679_p2   |     -    |      0|  0|  17|          10|          10|
    |sub_ln1118_fu_1031_p2    |     -    |      0|  0|  17|           1|          10|
    +-------------------------+----------+-------+---+----+------------+------------+
    |Total                    |          |      0|  0| 789|         435|         478|
    +-------------------------+----------+-------+---+----+------------+------------+

    * Multiplexer: 
    +-------------+----+-----------+-----+-----------+
    |     Name    | LUT| Input Size| Bits| Total Bits|
    +-------------+----+-----------+-----+-----------+
    |ap_return_0  |   9|          2|   15|         30|
    |ap_return_1  |   9|          2|   14|         28|
    |ap_return_2  |   9|          2|   15|         30|
    +-------------+----+-----------+-----+-----------+
    |Total        |  27|          6|   44|         88|
    +-------------+----+-----------+-----+-----------+

    * Register: 
    +------------------------------------+----+----+-----+-----------+
    |                Name                | FF | LUT| Bits| Const Bits|
    +------------------------------------+----+----+-----+-----------+
    |add_ln703_10_reg_1410               |  10|   0|   12|          2|
    |add_ln703_11_reg_1415               |  10|   0|   12|          2|
    |add_ln703_13_reg_1450               |  11|   0|   13|          2|
    |add_ln703_16_reg_1420               |  10|   0|   12|          2|
    |add_ln703_17_reg_1455               |  12|   0|   13|          1|
    |add_ln703_18_reg_1425               |  11|   0|   12|          1|
    |add_ln703_19_reg_1460               |  12|   0|   13|          1|
    |add_ln703_20_reg_1430               |  11|   0|   12|          1|
    |add_ln703_21_reg_1465               |  12|   0|   13|          1|
    |add_ln703_2_reg_1435                |  12|   0|   13|          1|
    |add_ln703_3_reg_1400                |  11|   0|   12|          1|
    |add_ln703_3_reg_1400_pp0_iter1_reg  |  11|   0|   12|          1|
    |add_ln703_5_reg_1440                |  12|   0|   13|          1|
    |add_ln703_8_reg_1405                |   9|   0|   11|          2|
    |add_ln703_9_reg_1445                |  11|   0|   13|          2|
    |add_ln703_reg_1395                  |  11|   0|   12|          1|
    |ap_ce_reg                           |   1|   0|    1|          0|
    |ap_return_0_int_reg                 |  15|   0|   16|          1|
    |ap_return_1_int_reg                 |  14|   0|   16|          2|
    |ap_return_2_int_reg                 |  15|   0|   16|          1|
    |data_0_V_read_3_reg_1370            |   5|   0|    5|          0|
    |data_0_V_read_int_reg               |   5|   0|    5|          0|
    |data_10_V_read_int_reg              |   5|   0|    5|          0|
    |data_11_V_read_int_reg              |   5|   0|    5|          0|
    |data_13_V_read_int_reg              |   5|   0|    5|          0|
    |data_14_V_read_int_reg              |   5|   0|    5|          0|
    |data_15_V_read_int_reg              |   5|   0|    5|          0|
    |data_16_V_read_int_reg              |   5|   0|    5|          0|
    |data_17_V_read_int_reg              |   5|   0|    5|          0|
    |data_18_V_read_int_reg              |   5|   0|    5|          0|
    |data_19_V_read_int_reg              |   5|   0|    5|          0|
    |data_1_V_read_int_reg               |   5|   0|    5|          0|
    |data_2_V_read_int_reg               |   5|   0|    5|          0|
    |data_5_V_read_int_reg               |   5|   0|    5|          0|
    |data_6_V_read_3_reg_1364            |   5|   0|    5|          0|
    |data_6_V_read_int_reg               |   5|   0|    5|          0|
    |data_8_V_read_3_reg_1358            |   5|   0|    5|          0|
    |data_8_V_read_int_reg               |   5|   0|    5|          0|
    |data_9_V_read_int_reg               |   5|   0|    5|          0|
    |mul_ln1118_3_reg_433                |  10|   0|   10|          0|
    |mul_ln1118_reg_429                  |  10|   0|   10|          0|
    |sub_ln1118_14_reg_1380              |  10|   0|   10|          0|
    |sub_ln1118_15_reg_1385              |   9|   0|   10|          1|
    |sub_ln1118_18_reg_1390              |  10|   0|   10|          0|
    |sub_ln1118_1_reg_1375               |   8|   0|   10|          2|
    +------------------------------------+----+----+-----+-----------+
    |Total                               | 373|   0|  402|         29|
    +------------------------------------+----+----+-----+-----------+



================================================================
== Interface
================================================================
* Summary: 
+----------------+-----+-----+------------+---------------------------------------------------------------+--------------+
|    RTL Ports   | Dir | Bits|  Protocol  |                         Source Object                         |    C Type    |
+----------------+-----+-----+------------+---------------------------------------------------------------+--------------+
|ap_clk          |  in |    1| ap_ctrl_hs | dense_latency<ap_ufixed,ap_fixed<16,6,5,3,0>,config8>.0.0.0.0 | return value |
|ap_rst          |  in |    1| ap_ctrl_hs | dense_latency<ap_ufixed,ap_fixed<16,6,5,3,0>,config8>.0.0.0.0 | return value |
|ap_return_0     | out |   16| ap_ctrl_hs | dense_latency<ap_ufixed,ap_fixed<16,6,5,3,0>,config8>.0.0.0.0 | return value |
|ap_return_1     | out |   16| ap_ctrl_hs | dense_latency<ap_ufixed,ap_fixed<16,6,5,3,0>,config8>.0.0.0.0 | return value |
|ap_return_2     | out |   16| ap_ctrl_hs | dense_latency<ap_ufixed,ap_fixed<16,6,5,3,0>,config8>.0.0.0.0 | return value |
|ap_ce           |  in |    1| ap_ctrl_hs | dense_latency<ap_ufixed,ap_fixed<16,6,5,3,0>,config8>.0.0.0.0 | return value |
|data_0_V_read   |  in |    5|   ap_none  |                         data_0_V_read                         |    scalar    |
|data_1_V_read   |  in |    5|   ap_none  |                         data_1_V_read                         |    scalar    |
|data_2_V_read   |  in |    5|   ap_none  |                         data_2_V_read                         |    scalar    |
|data_5_V_read   |  in |    5|   ap_none  |                         data_5_V_read                         |    scalar    |
|data_6_V_read   |  in |    5|   ap_none  |                         data_6_V_read                         |    scalar    |
|data_8_V_read   |  in |    5|   ap_none  |                         data_8_V_read                         |    scalar    |
|data_9_V_read   |  in |    5|   ap_none  |                         data_9_V_read                         |    scalar    |
|data_10_V_read  |  in |    5|   ap_none  |                         data_10_V_read                        |    scalar    |
|data_11_V_read  |  in |    5|   ap_none  |                         data_11_V_read                        |    scalar    |
|data_13_V_read  |  in |    5|   ap_none  |                         data_13_V_read                        |    scalar    |
|data_14_V_read  |  in |    5|   ap_none  |                         data_14_V_read                        |    scalar    |
|data_15_V_read  |  in |    5|   ap_none  |                         data_15_V_read                        |    scalar    |
|data_16_V_read  |  in |    5|   ap_none  |                         data_16_V_read                        |    scalar    |
|data_17_V_read  |  in |    5|   ap_none  |                         data_17_V_read                        |    scalar    |
|data_18_V_read  |  in |    5|   ap_none  |                         data_18_V_read                        |    scalar    |
|data_19_V_read  |  in |    5|   ap_none  |                         data_19_V_read                        |    scalar    |
+----------------+-----+-----+------------+---------------------------------------------------------------+--------------+

