

================================================================
== Vivado HLS Report for 'NN_final'
================================================================
* Date:           Tue Mar  5 17:47:39 2024

* Version:        2019.2 (Build 2704478 on Wed Nov 06 22:10:23 MST 2019)
* Project:        NN_final_prj
* Solution:       solution1
* Product family: artix7
* Target device:  xc7a35t-csg324-3


================================================================
== Performance Estimates
================================================================
+ Timing: 
    * Summary: 
    +--------+---------+----------+------------+
    |  Clock |  Target | Estimated| Uncertainty|
    +--------+---------+----------+------------+
    |ap_clk  | 5.00 ns | 4.335 ns |   0.62 ns  |
    +--------+---------+----------+------------+

+ Latency: 
    * Summary: 
    +---------+---------+----------+----------+-----+-----+----------+
    |  Latency (cycles) |  Latency (absolute) |  Interval | Pipeline |
    |   min   |   max   |    min   |    max   | min | max |   Type   |
    +---------+---------+----------+----------+-----+-----+----------+
    |       23|       23| 0.115 us | 0.115 us |    1|    1| function |
    +---------+---------+----------+----------+-----+-----+----------+

    + Detail: 
        * Instance: 
        N/A

        * Loop: 
        N/A

============================================================
+ Verbose Summary: Synthesis Manager
============================================================
InlineROM: 1
ExposeGlobal: 0
============================================================
+ Verbose Summary: CDFG Model
============================================================
IsTopModel: 1
ResetActiveHigh: 1
IsCombinational: 0
IsDatapathOnly: 0
HasWiredReturn: 1
HasMFsm: 2
HasVarLatency: 0
IsPipeline: 1
IsRtlPipelined: 1
IsInstanceOverlapped: 0
IsDontTouch: 0
HasImplIP: 0
IsGatedGlobalClock: 0

+ Individual pipeline summary: 
  * Pipeline-0: initiation interval (II) = 1, depth = 24


============================================================
+ Verbose Summary: Schedule
============================================================
* Number of FSM states : 24
* Pipeline : 1
  Pipeline-0 : II = 1, D = 24, States = { 1 2 3 4 5 6 7 8 9 10 11 12 13 14 15 16 17 18 19 20 21 22 23 24 }
* Dataflow Pipeline: 0

* FSM state transitions: 
1 --> 2 
2 --> 3 
3 --> 4 
4 --> 5 
5 --> 6 
6 --> 7 
7 --> 8 
8 --> 9 
9 --> 10 
10 --> 11 
11 --> 12 
12 --> 13 
13 --> 14 
14 --> 15 
15 --> 16 
16 --> 17 
17 --> 18 
18 --> 19 
19 --> 20 
20 --> 21 
21 --> 22 
22 --> 23 
23 --> 24 
24 --> 

* FSM state operations: 

State 1 <SV = 0> <Delay = 4.06>
ST_1 : Operation 25 [1/1] (0.00ns)   --->   "%fc1_input_V_read = call i48 @_ssdm_op_Read.ap_vld.i48P(i48* %fc1_input_V)"   --->   Operation 25 'read' 'fc1_input_V_read' <Predicate = true> <Delay = 0.00>
ST_1 : Operation 26 [2/2] (4.06ns)   --->   "%call_ret = call fastcc { i16, i16, i16, i16, i16, i16, i16, i16, i16, i16, i16, i16, i16, i16 } @dense_latency.0.0.0.0.0.0.0.0.0.0.0.0.0.0.0.0.0.0.0.0.0.1(i48 %fc1_input_V_read)"   --->   Operation 26 'call' 'call_ret' <Predicate = true> <Delay = 4.06> <CoreType = "Generic">   --->   Core 0 '' <Latency = 0> <II = 1> <Delay = 1.00> <Generic> <Opcode : >

State 2 <SV = 1> <Delay = 3.60>
ST_2 : Operation 27 [1/2] (3.60ns)   --->   "%call_ret = call fastcc { i16, i16, i16, i16, i16, i16, i16, i16, i16, i16, i16, i16, i16, i16 } @dense_latency.0.0.0.0.0.0.0.0.0.0.0.0.0.0.0.0.0.0.0.0.0.1(i48 %fc1_input_V_read)"   --->   Operation 27 'call' 'call_ret' <Predicate = true> <Delay = 3.60> <CoreType = "Generic">   --->   Core 0 '' <Latency = 0> <II = 1> <Delay = 1.00> <Generic> <Opcode : >
ST_2 : Operation 28 [1/1] (0.00ns)   --->   "%layer2_out_1_V = extractvalue { i16, i16, i16, i16, i16, i16, i16, i16, i16, i16, i16, i16, i16, i16 } %call_ret, 0"   --->   Operation 28 'extractvalue' 'layer2_out_1_V' <Predicate = true> <Delay = 0.00>
ST_2 : Operation 29 [1/1] (0.00ns)   --->   "%layer2_out_5_V = extractvalue { i16, i16, i16, i16, i16, i16, i16, i16, i16, i16, i16, i16, i16, i16 } %call_ret, 1"   --->   Operation 29 'extractvalue' 'layer2_out_5_V' <Predicate = true> <Delay = 0.00>
ST_2 : Operation 30 [1/1] (0.00ns)   --->   "%layer2_out_6_V = extractvalue { i16, i16, i16, i16, i16, i16, i16, i16, i16, i16, i16, i16, i16, i16 } %call_ret, 2"   --->   Operation 30 'extractvalue' 'layer2_out_6_V' <Predicate = true> <Delay = 0.00>
ST_2 : Operation 31 [1/1] (0.00ns)   --->   "%layer2_out_7_V = extractvalue { i16, i16, i16, i16, i16, i16, i16, i16, i16, i16, i16, i16, i16, i16 } %call_ret, 3"   --->   Operation 31 'extractvalue' 'layer2_out_7_V' <Predicate = true> <Delay = 0.00>
ST_2 : Operation 32 [1/1] (0.00ns)   --->   "%layer2_out_8_V = extractvalue { i16, i16, i16, i16, i16, i16, i16, i16, i16, i16, i16, i16, i16, i16 } %call_ret, 4"   --->   Operation 32 'extractvalue' 'layer2_out_8_V' <Predicate = true> <Delay = 0.00>
ST_2 : Operation 33 [1/1] (0.00ns)   --->   "%layer2_out_9_V = extractvalue { i16, i16, i16, i16, i16, i16, i16, i16, i16, i16, i16, i16, i16, i16 } %call_ret, 5"   --->   Operation 33 'extractvalue' 'layer2_out_9_V' <Predicate = true> <Delay = 0.00>
ST_2 : Operation 34 [1/1] (0.00ns)   --->   "%layer2_out_11_V = extractvalue { i16, i16, i16, i16, i16, i16, i16, i16, i16, i16, i16, i16, i16, i16 } %call_ret, 6"   --->   Operation 34 'extractvalue' 'layer2_out_11_V' <Predicate = true> <Delay = 0.00>
ST_2 : Operation 35 [1/1] (0.00ns)   --->   "%layer2_out_12_V = extractvalue { i16, i16, i16, i16, i16, i16, i16, i16, i16, i16, i16, i16, i16, i16 } %call_ret, 7"   --->   Operation 35 'extractvalue' 'layer2_out_12_V' <Predicate = true> <Delay = 0.00>
ST_2 : Operation 36 [1/1] (0.00ns)   --->   "%layer2_out_13_V = extractvalue { i16, i16, i16, i16, i16, i16, i16, i16, i16, i16, i16, i16, i16, i16 } %call_ret, 8"   --->   Operation 36 'extractvalue' 'layer2_out_13_V' <Predicate = true> <Delay = 0.00>
ST_2 : Operation 37 [1/1] (0.00ns)   --->   "%layer2_out_14_V = extractvalue { i16, i16, i16, i16, i16, i16, i16, i16, i16, i16, i16, i16, i16, i16 } %call_ret, 9"   --->   Operation 37 'extractvalue' 'layer2_out_14_V' <Predicate = true> <Delay = 0.00>
ST_2 : Operation 38 [1/1] (0.00ns)   --->   "%layer2_out_15_V = extractvalue { i16, i16, i16, i16, i16, i16, i16, i16, i16, i16, i16, i16, i16, i16 } %call_ret, 10"   --->   Operation 38 'extractvalue' 'layer2_out_15_V' <Predicate = true> <Delay = 0.00>
ST_2 : Operation 39 [1/1] (0.00ns)   --->   "%layer2_out_16_V = extractvalue { i16, i16, i16, i16, i16, i16, i16, i16, i16, i16, i16, i16, i16, i16 } %call_ret, 11"   --->   Operation 39 'extractvalue' 'layer2_out_16_V' <Predicate = true> <Delay = 0.00>
ST_2 : Operation 40 [1/1] (0.00ns)   --->   "%layer2_out_18_V = extractvalue { i16, i16, i16, i16, i16, i16, i16, i16, i16, i16, i16, i16, i16, i16 } %call_ret, 12"   --->   Operation 40 'extractvalue' 'layer2_out_18_V' <Predicate = true> <Delay = 0.00>
ST_2 : Operation 41 [1/1] (0.00ns)   --->   "%layer2_out_19_V = extractvalue { i16, i16, i16, i16, i16, i16, i16, i16, i16, i16, i16, i16, i16, i16 } %call_ret, 13"   --->   Operation 41 'extractvalue' 'layer2_out_19_V' <Predicate = true> <Delay = 0.00>

State 3 <SV = 2> <Delay = 3.46>
ST_3 : Operation 42 [1/1] (3.46ns)   --->   "%call_ret1 = call fastcc { i5, i5, i5, i5, i5, i5, i5, i5, i5, i5, i5, i5, i5, i5 } @"relu<ap_fixed<16, 6, 5, 3, 0>, ap_ufixed<5, 0, 4, 0, 0>, relu_config4>"(i16 %layer2_out_1_V, i16 %layer2_out_5_V, i16 %layer2_out_6_V, i16 %layer2_out_7_V, i16 %layer2_out_8_V, i16 %layer2_out_9_V, i16 %layer2_out_11_V, i16 %layer2_out_12_V, i16 %layer2_out_13_V, i16 %layer2_out_14_V, i16 %layer2_out_15_V, i16 %layer2_out_16_V, i16 %layer2_out_18_V, i16 %layer2_out_19_V)" [firmware/NN_final.cpp:43]   --->   Operation 42 'call' 'call_ret1' <Predicate = true> <Delay = 3.46> <CoreType = "Generic">   --->   Core 0 '' <Latency = 0> <II = 1> <Delay = 1.00> <Generic> <Opcode : >
ST_3 : Operation 43 [1/1] (0.00ns)   --->   "%layer4_out_1_V = extractvalue { i5, i5, i5, i5, i5, i5, i5, i5, i5, i5, i5, i5, i5, i5 } %call_ret1, 0" [firmware/NN_final.cpp:43]   --->   Operation 43 'extractvalue' 'layer4_out_1_V' <Predicate = true> <Delay = 0.00>
ST_3 : Operation 44 [1/1] (0.00ns)   --->   "%layer4_out_5_V = extractvalue { i5, i5, i5, i5, i5, i5, i5, i5, i5, i5, i5, i5, i5, i5 } %call_ret1, 1" [firmware/NN_final.cpp:43]   --->   Operation 44 'extractvalue' 'layer4_out_5_V' <Predicate = true> <Delay = 0.00>
ST_3 : Operation 45 [1/1] (0.00ns)   --->   "%layer4_out_6_V = extractvalue { i5, i5, i5, i5, i5, i5, i5, i5, i5, i5, i5, i5, i5, i5 } %call_ret1, 2" [firmware/NN_final.cpp:43]   --->   Operation 45 'extractvalue' 'layer4_out_6_V' <Predicate = true> <Delay = 0.00>
ST_3 : Operation 46 [1/1] (0.00ns)   --->   "%layer4_out_7_V = extractvalue { i5, i5, i5, i5, i5, i5, i5, i5, i5, i5, i5, i5, i5, i5 } %call_ret1, 3" [firmware/NN_final.cpp:43]   --->   Operation 46 'extractvalue' 'layer4_out_7_V' <Predicate = true> <Delay = 0.00>
ST_3 : Operation 47 [1/1] (0.00ns)   --->   "%layer4_out_8_V = extractvalue { i5, i5, i5, i5, i5, i5, i5, i5, i5, i5, i5, i5, i5, i5 } %call_ret1, 4" [firmware/NN_final.cpp:43]   --->   Operation 47 'extractvalue' 'layer4_out_8_V' <Predicate = true> <Delay = 0.00>
ST_3 : Operation 48 [1/1] (0.00ns)   --->   "%layer4_out_9_V = extractvalue { i5, i5, i5, i5, i5, i5, i5, i5, i5, i5, i5, i5, i5, i5 } %call_ret1, 5" [firmware/NN_final.cpp:43]   --->   Operation 48 'extractvalue' 'layer4_out_9_V' <Predicate = true> <Delay = 0.00>
ST_3 : Operation 49 [1/1] (0.00ns)   --->   "%layer4_out_11_V = extractvalue { i5, i5, i5, i5, i5, i5, i5, i5, i5, i5, i5, i5, i5, i5 } %call_ret1, 6" [firmware/NN_final.cpp:43]   --->   Operation 49 'extractvalue' 'layer4_out_11_V' <Predicate = true> <Delay = 0.00>
ST_3 : Operation 50 [1/1] (0.00ns)   --->   "%layer4_out_12_V = extractvalue { i5, i5, i5, i5, i5, i5, i5, i5, i5, i5, i5, i5, i5, i5 } %call_ret1, 7" [firmware/NN_final.cpp:43]   --->   Operation 50 'extractvalue' 'layer4_out_12_V' <Predicate = true> <Delay = 0.00>
ST_3 : Operation 51 [1/1] (0.00ns)   --->   "%layer4_out_13_V = extractvalue { i5, i5, i5, i5, i5, i5, i5, i5, i5, i5, i5, i5, i5, i5 } %call_ret1, 8" [firmware/NN_final.cpp:43]   --->   Operation 51 'extractvalue' 'layer4_out_13_V' <Predicate = true> <Delay = 0.00>
ST_3 : Operation 52 [1/1] (0.00ns)   --->   "%layer4_out_14_V = extractvalue { i5, i5, i5, i5, i5, i5, i5, i5, i5, i5, i5, i5, i5, i5 } %call_ret1, 9" [firmware/NN_final.cpp:43]   --->   Operation 52 'extractvalue' 'layer4_out_14_V' <Predicate = true> <Delay = 0.00>
ST_3 : Operation 53 [1/1] (0.00ns)   --->   "%layer4_out_15_V = extractvalue { i5, i5, i5, i5, i5, i5, i5, i5, i5, i5, i5, i5, i5, i5 } %call_ret1, 10" [firmware/NN_final.cpp:43]   --->   Operation 53 'extractvalue' 'layer4_out_15_V' <Predicate = true> <Delay = 0.00>
ST_3 : Operation 54 [1/1] (0.00ns)   --->   "%layer4_out_16_V = extractvalue { i5, i5, i5, i5, i5, i5, i5, i5, i5, i5, i5, i5, i5, i5 } %call_ret1, 11" [firmware/NN_final.cpp:43]   --->   Operation 54 'extractvalue' 'layer4_out_16_V' <Predicate = true> <Delay = 0.00>
ST_3 : Operation 55 [1/1] (0.00ns)   --->   "%layer4_out_18_V = extractvalue { i5, i5, i5, i5, i5, i5, i5, i5, i5, i5, i5, i5, i5, i5 } %call_ret1, 12" [firmware/NN_final.cpp:43]   --->   Operation 55 'extractvalue' 'layer4_out_18_V' <Predicate = true> <Delay = 0.00>
ST_3 : Operation 56 [1/1] (0.00ns)   --->   "%layer4_out_19_V = extractvalue { i5, i5, i5, i5, i5, i5, i5, i5, i5, i5, i5, i5, i5, i5 } %call_ret1, 13" [firmware/NN_final.cpp:43]   --->   Operation 56 'extractvalue' 'layer4_out_19_V' <Predicate = true> <Delay = 0.00>

State 4 <SV = 3> <Delay = 3.52>
ST_4 : Operation 57 [5/5] (3.52ns)   --->   "%call_ret2 = call fastcc { i16, i16, i16, i16, i16, i16, i16, i16, i16, i16, i16, i16, i16, i16, i16, i16 } @dense_latency.0.0.0.0.0.0.0.0.0.0.0.0.0.0.0.0.0.0.0.0.0(i5 %layer4_out_1_V, i5 %layer4_out_5_V, i5 %layer4_out_6_V, i5 %layer4_out_7_V, i5 %layer4_out_8_V, i5 %layer4_out_9_V, i5 %layer4_out_11_V, i5 %layer4_out_12_V, i5 %layer4_out_13_V, i5 %layer4_out_14_V, i5 %layer4_out_15_V, i5 %layer4_out_16_V, i5 %layer4_out_18_V, i5 %layer4_out_19_V)" [firmware/nnet_utils/nnet_dense.h:41->firmware/NN_final.cpp:47]   --->   Operation 57 'call' 'call_ret2' <Predicate = true> <Delay = 3.52> <CoreType = "Generic">   --->   Core 0 '' <Latency = 0> <II = 1> <Delay = 1.00> <Generic> <Opcode : >

State 5 <SV = 4> <Delay = 4.33>
ST_5 : Operation 58 [4/5] (4.33ns)   --->   "%call_ret2 = call fastcc { i16, i16, i16, i16, i16, i16, i16, i16, i16, i16, i16, i16, i16, i16, i16, i16 } @dense_latency.0.0.0.0.0.0.0.0.0.0.0.0.0.0.0.0.0.0.0.0.0(i5 %layer4_out_1_V, i5 %layer4_out_5_V, i5 %layer4_out_6_V, i5 %layer4_out_7_V, i5 %layer4_out_8_V, i5 %layer4_out_9_V, i5 %layer4_out_11_V, i5 %layer4_out_12_V, i5 %layer4_out_13_V, i5 %layer4_out_14_V, i5 %layer4_out_15_V, i5 %layer4_out_16_V, i5 %layer4_out_18_V, i5 %layer4_out_19_V)" [firmware/nnet_utils/nnet_dense.h:41->firmware/NN_final.cpp:47]   --->   Operation 58 'call' 'call_ret2' <Predicate = true> <Delay = 4.33> <CoreType = "Generic">   --->   Core 0 '' <Latency = 0> <II = 1> <Delay = 1.00> <Generic> <Opcode : >

State 6 <SV = 5> <Delay = 4.33>
ST_6 : Operation 59 [3/5] (4.33ns)   --->   "%call_ret2 = call fastcc { i16, i16, i16, i16, i16, i16, i16, i16, i16, i16, i16, i16, i16, i16, i16, i16 } @dense_latency.0.0.0.0.0.0.0.0.0.0.0.0.0.0.0.0.0.0.0.0.0(i5 %layer4_out_1_V, i5 %layer4_out_5_V, i5 %layer4_out_6_V, i5 %layer4_out_7_V, i5 %layer4_out_8_V, i5 %layer4_out_9_V, i5 %layer4_out_11_V, i5 %layer4_out_12_V, i5 %layer4_out_13_V, i5 %layer4_out_14_V, i5 %layer4_out_15_V, i5 %layer4_out_16_V, i5 %layer4_out_18_V, i5 %layer4_out_19_V)" [firmware/nnet_utils/nnet_dense.h:41->firmware/NN_final.cpp:47]   --->   Operation 59 'call' 'call_ret2' <Predicate = true> <Delay = 4.33> <CoreType = "Generic">   --->   Core 0 '' <Latency = 0> <II = 1> <Delay = 1.00> <Generic> <Opcode : >

State 7 <SV = 6> <Delay = 4.33>
ST_7 : Operation 60 [2/5] (4.33ns)   --->   "%call_ret2 = call fastcc { i16, i16, i16, i16, i16, i16, i16, i16, i16, i16, i16, i16, i16, i16, i16, i16 } @dense_latency.0.0.0.0.0.0.0.0.0.0.0.0.0.0.0.0.0.0.0.0.0(i5 %layer4_out_1_V, i5 %layer4_out_5_V, i5 %layer4_out_6_V, i5 %layer4_out_7_V, i5 %layer4_out_8_V, i5 %layer4_out_9_V, i5 %layer4_out_11_V, i5 %layer4_out_12_V, i5 %layer4_out_13_V, i5 %layer4_out_14_V, i5 %layer4_out_15_V, i5 %layer4_out_16_V, i5 %layer4_out_18_V, i5 %layer4_out_19_V)" [firmware/nnet_utils/nnet_dense.h:41->firmware/NN_final.cpp:47]   --->   Operation 60 'call' 'call_ret2' <Predicate = true> <Delay = 4.33> <CoreType = "Generic">   --->   Core 0 '' <Latency = 0> <II = 1> <Delay = 1.00> <Generic> <Opcode : >

State 8 <SV = 7> <Delay = 3.54>
ST_8 : Operation 61 [1/5] (3.54ns)   --->   "%call_ret2 = call fastcc { i16, i16, i16, i16, i16, i16, i16, i16, i16, i16, i16, i16, i16, i16, i16, i16 } @dense_latency.0.0.0.0.0.0.0.0.0.0.0.0.0.0.0.0.0.0.0.0.0(i5 %layer4_out_1_V, i5 %layer4_out_5_V, i5 %layer4_out_6_V, i5 %layer4_out_7_V, i5 %layer4_out_8_V, i5 %layer4_out_9_V, i5 %layer4_out_11_V, i5 %layer4_out_12_V, i5 %layer4_out_13_V, i5 %layer4_out_14_V, i5 %layer4_out_15_V, i5 %layer4_out_16_V, i5 %layer4_out_18_V, i5 %layer4_out_19_V)" [firmware/nnet_utils/nnet_dense.h:41->firmware/NN_final.cpp:47]   --->   Operation 61 'call' 'call_ret2' <Predicate = true> <Delay = 3.54> <CoreType = "Generic">   --->   Core 0 '' <Latency = 0> <II = 1> <Delay = 1.00> <Generic> <Opcode : >
ST_8 : Operation 62 [1/1] (0.00ns)   --->   "%layer5_out_0_V = extractvalue { i16, i16, i16, i16, i16, i16, i16, i16, i16, i16, i16, i16, i16, i16, i16, i16 } %call_ret2, 0" [firmware/nnet_utils/nnet_dense.h:41->firmware/NN_final.cpp:47]   --->   Operation 62 'extractvalue' 'layer5_out_0_V' <Predicate = true> <Delay = 0.00>
ST_8 : Operation 63 [1/1] (0.00ns)   --->   "%layer5_out_1_V = extractvalue { i16, i16, i16, i16, i16, i16, i16, i16, i16, i16, i16, i16, i16, i16, i16, i16 } %call_ret2, 1" [firmware/nnet_utils/nnet_dense.h:41->firmware/NN_final.cpp:47]   --->   Operation 63 'extractvalue' 'layer5_out_1_V' <Predicate = true> <Delay = 0.00>
ST_8 : Operation 64 [1/1] (0.00ns)   --->   "%layer5_out_2_V = extractvalue { i16, i16, i16, i16, i16, i16, i16, i16, i16, i16, i16, i16, i16, i16, i16, i16 } %call_ret2, 2" [firmware/nnet_utils/nnet_dense.h:41->firmware/NN_final.cpp:47]   --->   Operation 64 'extractvalue' 'layer5_out_2_V' <Predicate = true> <Delay = 0.00>
ST_8 : Operation 65 [1/1] (0.00ns)   --->   "%layer5_out_5_V = extractvalue { i16, i16, i16, i16, i16, i16, i16, i16, i16, i16, i16, i16, i16, i16, i16, i16 } %call_ret2, 3" [firmware/nnet_utils/nnet_dense.h:41->firmware/NN_final.cpp:47]   --->   Operation 65 'extractvalue' 'layer5_out_5_V' <Predicate = true> <Delay = 0.00>
ST_8 : Operation 66 [1/1] (0.00ns)   --->   "%layer5_out_6_V = extractvalue { i16, i16, i16, i16, i16, i16, i16, i16, i16, i16, i16, i16, i16, i16, i16, i16 } %call_ret2, 4" [firmware/nnet_utils/nnet_dense.h:41->firmware/NN_final.cpp:47]   --->   Operation 66 'extractvalue' 'layer5_out_6_V' <Predicate = true> <Delay = 0.00>
ST_8 : Operation 67 [1/1] (0.00ns)   --->   "%layer5_out_8_V = extractvalue { i16, i16, i16, i16, i16, i16, i16, i16, i16, i16, i16, i16, i16, i16, i16, i16 } %call_ret2, 5" [firmware/nnet_utils/nnet_dense.h:41->firmware/NN_final.cpp:47]   --->   Operation 67 'extractvalue' 'layer5_out_8_V' <Predicate = true> <Delay = 0.00>
ST_8 : Operation 68 [1/1] (0.00ns)   --->   "%layer5_out_9_V = extractvalue { i16, i16, i16, i16, i16, i16, i16, i16, i16, i16, i16, i16, i16, i16, i16, i16 } %call_ret2, 6" [firmware/nnet_utils/nnet_dense.h:41->firmware/NN_final.cpp:47]   --->   Operation 68 'extractvalue' 'layer5_out_9_V' <Predicate = true> <Delay = 0.00>
ST_8 : Operation 69 [1/1] (0.00ns)   --->   "%layer5_out_10_V = extractvalue { i16, i16, i16, i16, i16, i16, i16, i16, i16, i16, i16, i16, i16, i16, i16, i16 } %call_ret2, 7" [firmware/nnet_utils/nnet_dense.h:41->firmware/NN_final.cpp:47]   --->   Operation 69 'extractvalue' 'layer5_out_10_V' <Predicate = true> <Delay = 0.00>
ST_8 : Operation 70 [1/1] (0.00ns)   --->   "%layer5_out_11_V = extractvalue { i16, i16, i16, i16, i16, i16, i16, i16, i16, i16, i16, i16, i16, i16, i16, i16 } %call_ret2, 8" [firmware/nnet_utils/nnet_dense.h:41->firmware/NN_final.cpp:47]   --->   Operation 70 'extractvalue' 'layer5_out_11_V' <Predicate = true> <Delay = 0.00>
ST_8 : Operation 71 [1/1] (0.00ns)   --->   "%layer5_out_13_V = extractvalue { i16, i16, i16, i16, i16, i16, i16, i16, i16, i16, i16, i16, i16, i16, i16, i16 } %call_ret2, 9" [firmware/nnet_utils/nnet_dense.h:41->firmware/NN_final.cpp:47]   --->   Operation 71 'extractvalue' 'layer5_out_13_V' <Predicate = true> <Delay = 0.00>
ST_8 : Operation 72 [1/1] (0.00ns)   --->   "%layer5_out_14_V = extractvalue { i16, i16, i16, i16, i16, i16, i16, i16, i16, i16, i16, i16, i16, i16, i16, i16 } %call_ret2, 10" [firmware/nnet_utils/nnet_dense.h:41->firmware/NN_final.cpp:47]   --->   Operation 72 'extractvalue' 'layer5_out_14_V' <Predicate = true> <Delay = 0.00>
ST_8 : Operation 73 [1/1] (0.00ns)   --->   "%layer5_out_15_V = extractvalue { i16, i16, i16, i16, i16, i16, i16, i16, i16, i16, i16, i16, i16, i16, i16, i16 } %call_ret2, 11" [firmware/nnet_utils/nnet_dense.h:41->firmware/NN_final.cpp:47]   --->   Operation 73 'extractvalue' 'layer5_out_15_V' <Predicate = true> <Delay = 0.00>
ST_8 : Operation 74 [1/1] (0.00ns)   --->   "%layer5_out_16_V = extractvalue { i16, i16, i16, i16, i16, i16, i16, i16, i16, i16, i16, i16, i16, i16, i16, i16 } %call_ret2, 12" [firmware/nnet_utils/nnet_dense.h:41->firmware/NN_final.cpp:47]   --->   Operation 74 'extractvalue' 'layer5_out_16_V' <Predicate = true> <Delay = 0.00>
ST_8 : Operation 75 [1/1] (0.00ns)   --->   "%layer5_out_17_V = extractvalue { i16, i16, i16, i16, i16, i16, i16, i16, i16, i16, i16, i16, i16, i16, i16, i16 } %call_ret2, 13" [firmware/nnet_utils/nnet_dense.h:41->firmware/NN_final.cpp:47]   --->   Operation 75 'extractvalue' 'layer5_out_17_V' <Predicate = true> <Delay = 0.00>
ST_8 : Operation 76 [1/1] (0.00ns)   --->   "%layer5_out_18_V = extractvalue { i16, i16, i16, i16, i16, i16, i16, i16, i16, i16, i16, i16, i16, i16, i16, i16 } %call_ret2, 14" [firmware/nnet_utils/nnet_dense.h:41->firmware/NN_final.cpp:47]   --->   Operation 76 'extractvalue' 'layer5_out_18_V' <Predicate = true> <Delay = 0.00>
ST_8 : Operation 77 [1/1] (0.00ns)   --->   "%layer5_out_19_V = extractvalue { i16, i16, i16, i16, i16, i16, i16, i16, i16, i16, i16, i16, i16, i16, i16, i16 } %call_ret2, 15" [firmware/nnet_utils/nnet_dense.h:41->firmware/NN_final.cpp:47]   --->   Operation 77 'extractvalue' 'layer5_out_19_V' <Predicate = true> <Delay = 0.00>

State 9 <SV = 8> <Delay = 3.46>
ST_9 : Operation 78 [1/1] (3.46ns)   --->   "%call_ret3 = call fastcc { i5, i5, i5, i5, i5, i5, i5, i5, i5, i5, i5, i5, i5, i5, i5, i5 } @"relu<ap_fixed<16, 6, 5, 3, 0>, ap_ufixed<5, 0, 4, 0, 0>, relu_config7>"(i16 %layer5_out_0_V, i16 %layer5_out_1_V, i16 %layer5_out_2_V, i16 %layer5_out_5_V, i16 %layer5_out_6_V, i16 %layer5_out_8_V, i16 %layer5_out_9_V, i16 %layer5_out_10_V, i16 %layer5_out_11_V, i16 %layer5_out_13_V, i16 %layer5_out_14_V, i16 %layer5_out_15_V, i16 %layer5_out_16_V, i16 %layer5_out_17_V, i16 %layer5_out_18_V, i16 %layer5_out_19_V)" [firmware/NN_final.cpp:51]   --->   Operation 78 'call' 'call_ret3' <Predicate = true> <Delay = 3.46> <CoreType = "Generic">   --->   Core 0 '' <Latency = 0> <II = 1> <Delay = 1.00> <Generic> <Opcode : >
ST_9 : Operation 79 [1/1] (0.00ns)   --->   "%layer7_out_0_V = extractvalue { i5, i5, i5, i5, i5, i5, i5, i5, i5, i5, i5, i5, i5, i5, i5, i5 } %call_ret3, 0" [firmware/NN_final.cpp:51]   --->   Operation 79 'extractvalue' 'layer7_out_0_V' <Predicate = true> <Delay = 0.00>
ST_9 : Operation 80 [1/1] (0.00ns)   --->   "%layer7_out_1_V = extractvalue { i5, i5, i5, i5, i5, i5, i5, i5, i5, i5, i5, i5, i5, i5, i5, i5 } %call_ret3, 1" [firmware/NN_final.cpp:51]   --->   Operation 80 'extractvalue' 'layer7_out_1_V' <Predicate = true> <Delay = 0.00>
ST_9 : Operation 81 [1/1] (0.00ns)   --->   "%layer7_out_2_V = extractvalue { i5, i5, i5, i5, i5, i5, i5, i5, i5, i5, i5, i5, i5, i5, i5, i5 } %call_ret3, 2" [firmware/NN_final.cpp:51]   --->   Operation 81 'extractvalue' 'layer7_out_2_V' <Predicate = true> <Delay = 0.00>
ST_9 : Operation 82 [1/1] (0.00ns)   --->   "%layer7_out_5_V = extractvalue { i5, i5, i5, i5, i5, i5, i5, i5, i5, i5, i5, i5, i5, i5, i5, i5 } %call_ret3, 3" [firmware/NN_final.cpp:51]   --->   Operation 82 'extractvalue' 'layer7_out_5_V' <Predicate = true> <Delay = 0.00>
ST_9 : Operation 83 [1/1] (0.00ns)   --->   "%layer7_out_6_V = extractvalue { i5, i5, i5, i5, i5, i5, i5, i5, i5, i5, i5, i5, i5, i5, i5, i5 } %call_ret3, 4" [firmware/NN_final.cpp:51]   --->   Operation 83 'extractvalue' 'layer7_out_6_V' <Predicate = true> <Delay = 0.00>
ST_9 : Operation 84 [1/1] (0.00ns)   --->   "%layer7_out_8_V = extractvalue { i5, i5, i5, i5, i5, i5, i5, i5, i5, i5, i5, i5, i5, i5, i5, i5 } %call_ret3, 5" [firmware/NN_final.cpp:51]   --->   Operation 84 'extractvalue' 'layer7_out_8_V' <Predicate = true> <Delay = 0.00>
ST_9 : Operation 85 [1/1] (0.00ns)   --->   "%layer7_out_9_V = extractvalue { i5, i5, i5, i5, i5, i5, i5, i5, i5, i5, i5, i5, i5, i5, i5, i5 } %call_ret3, 6" [firmware/NN_final.cpp:51]   --->   Operation 85 'extractvalue' 'layer7_out_9_V' <Predicate = true> <Delay = 0.00>
ST_9 : Operation 86 [1/1] (0.00ns)   --->   "%layer7_out_10_V = extractvalue { i5, i5, i5, i5, i5, i5, i5, i5, i5, i5, i5, i5, i5, i5, i5, i5 } %call_ret3, 7" [firmware/NN_final.cpp:51]   --->   Operation 86 'extractvalue' 'layer7_out_10_V' <Predicate = true> <Delay = 0.00>
ST_9 : Operation 87 [1/1] (0.00ns)   --->   "%layer7_out_11_V = extractvalue { i5, i5, i5, i5, i5, i5, i5, i5, i5, i5, i5, i5, i5, i5, i5, i5 } %call_ret3, 8" [firmware/NN_final.cpp:51]   --->   Operation 87 'extractvalue' 'layer7_out_11_V' <Predicate = true> <Delay = 0.00>
ST_9 : Operation 88 [1/1] (0.00ns)   --->   "%layer7_out_13_V = extractvalue { i5, i5, i5, i5, i5, i5, i5, i5, i5, i5, i5, i5, i5, i5, i5, i5 } %call_ret3, 9" [firmware/NN_final.cpp:51]   --->   Operation 88 'extractvalue' 'layer7_out_13_V' <Predicate = true> <Delay = 0.00>
ST_9 : Operation 89 [1/1] (0.00ns)   --->   "%layer7_out_14_V = extractvalue { i5, i5, i5, i5, i5, i5, i5, i5, i5, i5, i5, i5, i5, i5, i5, i5 } %call_ret3, 10" [firmware/NN_final.cpp:51]   --->   Operation 89 'extractvalue' 'layer7_out_14_V' <Predicate = true> <Delay = 0.00>
ST_9 : Operation 90 [1/1] (0.00ns)   --->   "%layer7_out_15_V = extractvalue { i5, i5, i5, i5, i5, i5, i5, i5, i5, i5, i5, i5, i5, i5, i5, i5 } %call_ret3, 11" [firmware/NN_final.cpp:51]   --->   Operation 90 'extractvalue' 'layer7_out_15_V' <Predicate = true> <Delay = 0.00>
ST_9 : Operation 91 [1/1] (0.00ns)   --->   "%layer7_out_16_V = extractvalue { i5, i5, i5, i5, i5, i5, i5, i5, i5, i5, i5, i5, i5, i5, i5, i5 } %call_ret3, 12" [firmware/NN_final.cpp:51]   --->   Operation 91 'extractvalue' 'layer7_out_16_V' <Predicate = true> <Delay = 0.00>
ST_9 : Operation 92 [1/1] (0.00ns)   --->   "%layer7_out_17_V = extractvalue { i5, i5, i5, i5, i5, i5, i5, i5, i5, i5, i5, i5, i5, i5, i5, i5 } %call_ret3, 13" [firmware/NN_final.cpp:51]   --->   Operation 92 'extractvalue' 'layer7_out_17_V' <Predicate = true> <Delay = 0.00>
ST_9 : Operation 93 [1/1] (0.00ns)   --->   "%layer7_out_18_V = extractvalue { i5, i5, i5, i5, i5, i5, i5, i5, i5, i5, i5, i5, i5, i5, i5, i5 } %call_ret3, 14" [firmware/NN_final.cpp:51]   --->   Operation 93 'extractvalue' 'layer7_out_18_V' <Predicate = true> <Delay = 0.00>
ST_9 : Operation 94 [1/1] (0.00ns)   --->   "%layer7_out_19_V = extractvalue { i5, i5, i5, i5, i5, i5, i5, i5, i5, i5, i5, i5, i5, i5, i5, i5 } %call_ret3, 15" [firmware/NN_final.cpp:51]   --->   Operation 94 'extractvalue' 'layer7_out_19_V' <Predicate = true> <Delay = 0.00>

State 10 <SV = 9> <Delay = 3.52>
ST_10 : Operation 95 [4/4] (3.52ns)   --->   "%call_ret4 = call fastcc { i16, i16, i16 } @"dense_latency<ap_ufixed,ap_fixed<16,6,5,3,0>,config8>.0.0.0.0"(i5 %layer7_out_0_V, i5 %layer7_out_1_V, i5 %layer7_out_2_V, i5 %layer7_out_5_V, i5 %layer7_out_6_V, i5 %layer7_out_8_V, i5 %layer7_out_9_V, i5 %layer7_out_10_V, i5 %layer7_out_11_V, i5 %layer7_out_13_V, i5 %layer7_out_14_V, i5 %layer7_out_15_V, i5 %layer7_out_16_V, i5 %layer7_out_17_V, i5 %layer7_out_18_V, i5 %layer7_out_19_V)" [firmware/nnet_utils/nnet_dense.h:41->firmware/NN_final.cpp:55]   --->   Operation 95 'call' 'call_ret4' <Predicate = true> <Delay = 3.52> <CoreType = "Generic">   --->   Core 0 '' <Latency = 0> <II = 1> <Delay = 1.00> <Generic> <Opcode : >

State 11 <SV = 10> <Delay = 3.53>
ST_11 : Operation 96 [3/4] (3.53ns)   --->   "%call_ret4 = call fastcc { i16, i16, i16 } @"dense_latency<ap_ufixed,ap_fixed<16,6,5,3,0>,config8>.0.0.0.0"(i5 %layer7_out_0_V, i5 %layer7_out_1_V, i5 %layer7_out_2_V, i5 %layer7_out_5_V, i5 %layer7_out_6_V, i5 %layer7_out_8_V, i5 %layer7_out_9_V, i5 %layer7_out_10_V, i5 %layer7_out_11_V, i5 %layer7_out_13_V, i5 %layer7_out_14_V, i5 %layer7_out_15_V, i5 %layer7_out_16_V, i5 %layer7_out_17_V, i5 %layer7_out_18_V, i5 %layer7_out_19_V)" [firmware/nnet_utils/nnet_dense.h:41->firmware/NN_final.cpp:55]   --->   Operation 96 'call' 'call_ret4' <Predicate = true> <Delay = 3.53> <CoreType = "Generic">   --->   Core 0 '' <Latency = 0> <II = 1> <Delay = 1.00> <Generic> <Opcode : >

State 12 <SV = 11> <Delay = 3.53>
ST_12 : Operation 97 [2/4] (3.53ns)   --->   "%call_ret4 = call fastcc { i16, i16, i16 } @"dense_latency<ap_ufixed,ap_fixed<16,6,5,3,0>,config8>.0.0.0.0"(i5 %layer7_out_0_V, i5 %layer7_out_1_V, i5 %layer7_out_2_V, i5 %layer7_out_5_V, i5 %layer7_out_6_V, i5 %layer7_out_8_V, i5 %layer7_out_9_V, i5 %layer7_out_10_V, i5 %layer7_out_11_V, i5 %layer7_out_13_V, i5 %layer7_out_14_V, i5 %layer7_out_15_V, i5 %layer7_out_16_V, i5 %layer7_out_17_V, i5 %layer7_out_18_V, i5 %layer7_out_19_V)" [firmware/nnet_utils/nnet_dense.h:41->firmware/NN_final.cpp:55]   --->   Operation 97 'call' 'call_ret4' <Predicate = true> <Delay = 3.53> <CoreType = "Generic">   --->   Core 0 '' <Latency = 0> <II = 1> <Delay = 1.00> <Generic> <Opcode : >

State 13 <SV = 12> <Delay = 2.90>
ST_13 : Operation 98 [1/4] (2.90ns)   --->   "%call_ret4 = call fastcc { i16, i16, i16 } @"dense_latency<ap_ufixed,ap_fixed<16,6,5,3,0>,config8>.0.0.0.0"(i5 %layer7_out_0_V, i5 %layer7_out_1_V, i5 %layer7_out_2_V, i5 %layer7_out_5_V, i5 %layer7_out_6_V, i5 %layer7_out_8_V, i5 %layer7_out_9_V, i5 %layer7_out_10_V, i5 %layer7_out_11_V, i5 %layer7_out_13_V, i5 %layer7_out_14_V, i5 %layer7_out_15_V, i5 %layer7_out_16_V, i5 %layer7_out_17_V, i5 %layer7_out_18_V, i5 %layer7_out_19_V)" [firmware/nnet_utils/nnet_dense.h:41->firmware/NN_final.cpp:55]   --->   Operation 98 'call' 'call_ret4' <Predicate = true> <Delay = 2.90> <CoreType = "Generic">   --->   Core 0 '' <Latency = 0> <II = 1> <Delay = 1.00> <Generic> <Opcode : >
ST_13 : Operation 99 [1/1] (0.00ns)   --->   "%layer8_out_0_V = extractvalue { i16, i16, i16 } %call_ret4, 0" [firmware/nnet_utils/nnet_dense.h:41->firmware/NN_final.cpp:55]   --->   Operation 99 'extractvalue' 'layer8_out_0_V' <Predicate = true> <Delay = 0.00>
ST_13 : Operation 100 [1/1] (0.00ns)   --->   "%layer8_out_1_V = extractvalue { i16, i16, i16 } %call_ret4, 1" [firmware/nnet_utils/nnet_dense.h:41->firmware/NN_final.cpp:55]   --->   Operation 100 'extractvalue' 'layer8_out_1_V' <Predicate = true> <Delay = 0.00>
ST_13 : Operation 101 [1/1] (0.00ns)   --->   "%layer8_out_2_V = extractvalue { i16, i16, i16 } %call_ret4, 2" [firmware/nnet_utils/nnet_dense.h:41->firmware/NN_final.cpp:55]   --->   Operation 101 'extractvalue' 'layer8_out_2_V' <Predicate = true> <Delay = 0.00>

State 14 <SV = 13> <Delay = 1.85>
ST_14 : Operation 102 [11/11] (1.85ns)   --->   "%call_ret5 = call fastcc { i16, i16, i16 } @"softmax_stable<ap_fixed,ap_fixed<16,2,5,3,0>,softmax_config10>"(i16 %layer8_out_0_V, i16 %layer8_out_1_V, i16 %layer8_out_2_V)" [firmware/nnet_utils/nnet_activation.h:386->firmware/NN_final.cpp:57]   --->   Operation 102 'call' 'call_ret5' <Predicate = true> <Delay = 1.85> <CoreType = "Generic">   --->   Core 0 '' <Latency = 0> <II = 1> <Delay = 1.00> <Generic> <Opcode : >

State 15 <SV = 14> <Delay = 3.73>
ST_15 : Operation 103 [10/11] (3.73ns)   --->   "%call_ret5 = call fastcc { i16, i16, i16 } @"softmax_stable<ap_fixed,ap_fixed<16,2,5,3,0>,softmax_config10>"(i16 %layer8_out_0_V, i16 %layer8_out_1_V, i16 %layer8_out_2_V)" [firmware/nnet_utils/nnet_activation.h:386->firmware/NN_final.cpp:57]   --->   Operation 103 'call' 'call_ret5' <Predicate = true> <Delay = 3.73> <CoreType = "Generic">   --->   Core 0 '' <Latency = 0> <II = 1> <Delay = 1.00> <Generic> <Opcode : >

State 16 <SV = 15> <Delay = 3.73>
ST_16 : Operation 104 [9/11] (3.73ns)   --->   "%call_ret5 = call fastcc { i16, i16, i16 } @"softmax_stable<ap_fixed,ap_fixed<16,2,5,3,0>,softmax_config10>"(i16 %layer8_out_0_V, i16 %layer8_out_1_V, i16 %layer8_out_2_V)" [firmware/nnet_utils/nnet_activation.h:386->firmware/NN_final.cpp:57]   --->   Operation 104 'call' 'call_ret5' <Predicate = true> <Delay = 3.73> <CoreType = "Generic">   --->   Core 0 '' <Latency = 0> <II = 1> <Delay = 1.00> <Generic> <Opcode : >

State 17 <SV = 16> <Delay = 3.73>
ST_17 : Operation 105 [8/11] (3.73ns)   --->   "%call_ret5 = call fastcc { i16, i16, i16 } @"softmax_stable<ap_fixed,ap_fixed<16,2,5,3,0>,softmax_config10>"(i16 %layer8_out_0_V, i16 %layer8_out_1_V, i16 %layer8_out_2_V)" [firmware/nnet_utils/nnet_activation.h:386->firmware/NN_final.cpp:57]   --->   Operation 105 'call' 'call_ret5' <Predicate = true> <Delay = 3.73> <CoreType = "Generic">   --->   Core 0 '' <Latency = 0> <II = 1> <Delay = 1.00> <Generic> <Opcode : >

State 18 <SV = 17> <Delay = 3.73>
ST_18 : Operation 106 [7/11] (3.73ns)   --->   "%call_ret5 = call fastcc { i16, i16, i16 } @"softmax_stable<ap_fixed,ap_fixed<16,2,5,3,0>,softmax_config10>"(i16 %layer8_out_0_V, i16 %layer8_out_1_V, i16 %layer8_out_2_V)" [firmware/nnet_utils/nnet_activation.h:386->firmware/NN_final.cpp:57]   --->   Operation 106 'call' 'call_ret5' <Predicate = true> <Delay = 3.73> <CoreType = "Generic">   --->   Core 0 '' <Latency = 0> <II = 1> <Delay = 1.00> <Generic> <Opcode : >

State 19 <SV = 18> <Delay = 3.73>
ST_19 : Operation 107 [6/11] (3.73ns)   --->   "%call_ret5 = call fastcc { i16, i16, i16 } @"softmax_stable<ap_fixed,ap_fixed<16,2,5,3,0>,softmax_config10>"(i16 %layer8_out_0_V, i16 %layer8_out_1_V, i16 %layer8_out_2_V)" [firmware/nnet_utils/nnet_activation.h:386->firmware/NN_final.cpp:57]   --->   Operation 107 'call' 'call_ret5' <Predicate = true> <Delay = 3.73> <CoreType = "Generic">   --->   Core 0 '' <Latency = 0> <II = 1> <Delay = 1.00> <Generic> <Opcode : >

State 20 <SV = 19> <Delay = 3.73>
ST_20 : Operation 108 [5/11] (3.73ns)   --->   "%call_ret5 = call fastcc { i16, i16, i16 } @"softmax_stable<ap_fixed,ap_fixed<16,2,5,3,0>,softmax_config10>"(i16 %layer8_out_0_V, i16 %layer8_out_1_V, i16 %layer8_out_2_V)" [firmware/nnet_utils/nnet_activation.h:386->firmware/NN_final.cpp:57]   --->   Operation 108 'call' 'call_ret5' <Predicate = true> <Delay = 3.73> <CoreType = "Generic">   --->   Core 0 '' <Latency = 0> <II = 1> <Delay = 1.00> <Generic> <Opcode : >

State 21 <SV = 20> <Delay = 3.73>
ST_21 : Operation 109 [4/11] (3.73ns)   --->   "%call_ret5 = call fastcc { i16, i16, i16 } @"softmax_stable<ap_fixed,ap_fixed<16,2,5,3,0>,softmax_config10>"(i16 %layer8_out_0_V, i16 %layer8_out_1_V, i16 %layer8_out_2_V)" [firmware/nnet_utils/nnet_activation.h:386->firmware/NN_final.cpp:57]   --->   Operation 109 'call' 'call_ret5' <Predicate = true> <Delay = 3.73> <CoreType = "Generic">   --->   Core 0 '' <Latency = 0> <II = 1> <Delay = 1.00> <Generic> <Opcode : >

State 22 <SV = 21> <Delay = 3.73>
ST_22 : Operation 110 [3/11] (3.73ns)   --->   "%call_ret5 = call fastcc { i16, i16, i16 } @"softmax_stable<ap_fixed,ap_fixed<16,2,5,3,0>,softmax_config10>"(i16 %layer8_out_0_V, i16 %layer8_out_1_V, i16 %layer8_out_2_V)" [firmware/nnet_utils/nnet_activation.h:386->firmware/NN_final.cpp:57]   --->   Operation 110 'call' 'call_ret5' <Predicate = true> <Delay = 3.73> <CoreType = "Generic">   --->   Core 0 '' <Latency = 0> <II = 1> <Delay = 1.00> <Generic> <Opcode : >

State 23 <SV = 22> <Delay = 3.73>
ST_23 : Operation 111 [2/11] (3.73ns)   --->   "%call_ret5 = call fastcc { i16, i16, i16 } @"softmax_stable<ap_fixed,ap_fixed<16,2,5,3,0>,softmax_config10>"(i16 %layer8_out_0_V, i16 %layer8_out_1_V, i16 %layer8_out_2_V)" [firmware/nnet_utils/nnet_activation.h:386->firmware/NN_final.cpp:57]   --->   Operation 111 'call' 'call_ret5' <Predicate = true> <Delay = 3.73> <CoreType = "Generic">   --->   Core 0 '' <Latency = 0> <II = 1> <Delay = 1.00> <Generic> <Opcode : >

State 24 <SV = 23> <Delay = 3.40>
ST_24 : Operation 112 [1/1] (0.00ns)   --->   "call void (...)* @_ssdm_op_SpecBitsMap(i16* %layer10_out_2_V), !map !201"   --->   Operation 112 'specbitsmap' <Predicate = true> <Delay = 0.00>
ST_24 : Operation 113 [1/1] (0.00ns)   --->   "call void (...)* @_ssdm_op_SpecBitsMap(i16* %layer10_out_1_V), !map !207"   --->   Operation 113 'specbitsmap' <Predicate = true> <Delay = 0.00>
ST_24 : Operation 114 [1/1] (0.00ns)   --->   "call void (...)* @_ssdm_op_SpecBitsMap(i16* %layer10_out_0_V), !map !213"   --->   Operation 114 'specbitsmap' <Predicate = true> <Delay = 0.00>
ST_24 : Operation 115 [1/1] (0.00ns)   --->   "call void (...)* @_ssdm_op_SpecBitsMap(i48* %fc1_input_V), !map !219"   --->   Operation 115 'specbitsmap' <Predicate = true> <Delay = 0.00>
ST_24 : Operation 116 [1/1] (0.00ns)   --->   "call void (...)* @_ssdm_op_SpecTopModule([9 x i8]* @NN_final_str) nounwind"   --->   Operation 116 'spectopmodule' <Predicate = true> <Delay = 0.00>
ST_24 : Operation 117 [1/1] (0.00ns)   --->   "call void (...)* @_ssdm_op_SpecInterface(i48* %fc1_input_V, [7 x i8]* @p_str8, i32 0, i32 0, [1 x i8]* @p_str7, i32 0, i32 0, [1 x i8]* @p_str7, [1 x i8]* @p_str7, [1 x i8]* @p_str7, i32 0, i32 0, i32 0, i32 0, [1 x i8]* @p_str7, [1 x i8]* @p_str7) nounwind"   --->   Operation 117 'specinterface' <Predicate = true> <Delay = 0.00>
ST_24 : Operation 118 [1/1] (0.00ns)   --->   "call void (...)* @_ssdm_op_SpecInterface(i16* %layer10_out_0_V, i16* %layer10_out_1_V, i16* %layer10_out_2_V, [7 x i8]* @p_str8, i32 0, i32 0, [1 x i8]* @p_str7, i32 0, i32 0, [1 x i8]* @p_str7, [1 x i8]* @p_str7, [1 x i8]* @p_str7, i32 0, i32 0, i32 0, i32 0, [1 x i8]* @p_str7, [1 x i8]* @p_str7) nounwind" [firmware/NN_final.cpp:14]   --->   Operation 118 'specinterface' <Predicate = true> <Delay = 0.00>
ST_24 : Operation 119 [1/1] (0.00ns)   --->   "call void (...)* @_ssdm_op_SpecPipeline(i32 -1, i32 1, i32 1, i32 0, [1 x i8]* @p_str7) nounwind" [firmware/NN_final.cpp:15]   --->   Operation 119 'specpipeline' <Predicate = true> <Delay = 0.00>
ST_24 : Operation 120 [1/11] (3.40ns)   --->   "%call_ret5 = call fastcc { i16, i16, i16 } @"softmax_stable<ap_fixed,ap_fixed<16,2,5,3,0>,softmax_config10>"(i16 %layer8_out_0_V, i16 %layer8_out_1_V, i16 %layer8_out_2_V)" [firmware/nnet_utils/nnet_activation.h:386->firmware/NN_final.cpp:57]   --->   Operation 120 'call' 'call_ret5' <Predicate = true> <Delay = 3.40> <CoreType = "Generic">   --->   Core 0 '' <Latency = 0> <II = 1> <Delay = 1.00> <Generic> <Opcode : >
ST_24 : Operation 121 [1/1] (0.00ns)   --->   "%layer10_out_V_0_ret = extractvalue { i16, i16, i16 } %call_ret5, 0" [firmware/nnet_utils/nnet_activation.h:386->firmware/NN_final.cpp:57]   --->   Operation 121 'extractvalue' 'layer10_out_V_0_ret' <Predicate = true> <Delay = 0.00>
ST_24 : Operation 122 [1/1] (0.00ns)   --->   "call void @_ssdm_op_Write.ap_vld.i16P(i16* %layer10_out_0_V, i16 %layer10_out_V_0_ret)" [firmware/nnet_utils/nnet_activation.h:386->firmware/NN_final.cpp:57]   --->   Operation 122 'write' <Predicate = true> <Delay = 0.00>
ST_24 : Operation 123 [1/1] (0.00ns)   --->   "%layer10_out_V_1_ret = extractvalue { i16, i16, i16 } %call_ret5, 1" [firmware/nnet_utils/nnet_activation.h:386->firmware/NN_final.cpp:57]   --->   Operation 123 'extractvalue' 'layer10_out_V_1_ret' <Predicate = true> <Delay = 0.00>
ST_24 : Operation 124 [1/1] (0.00ns)   --->   "call void @_ssdm_op_Write.ap_vld.i16P(i16* %layer10_out_1_V, i16 %layer10_out_V_1_ret)" [firmware/nnet_utils/nnet_activation.h:386->firmware/NN_final.cpp:57]   --->   Operation 124 'write' <Predicate = true> <Delay = 0.00>
ST_24 : Operation 125 [1/1] (0.00ns)   --->   "%layer10_out_V_2_ret = extractvalue { i16, i16, i16 } %call_ret5, 2" [firmware/nnet_utils/nnet_activation.h:386->firmware/NN_final.cpp:57]   --->   Operation 125 'extractvalue' 'layer10_out_V_2_ret' <Predicate = true> <Delay = 0.00>
ST_24 : Operation 126 [1/1] (0.00ns)   --->   "call void @_ssdm_op_Write.ap_vld.i16P(i16* %layer10_out_2_V, i16 %layer10_out_V_2_ret)" [firmware/nnet_utils/nnet_activation.h:386->firmware/NN_final.cpp:57]   --->   Operation 126 'write' <Predicate = true> <Delay = 0.00>
ST_24 : Operation 127 [1/1] (0.00ns)   --->   "ret void" [firmware/NN_final.cpp:59]   --->   Operation 127 'ret' <Predicate = true> <Delay = 0.00>


============================================================
+ Verbose Summary: Timing violations
============================================================
Target clock period: 5ns, clock uncertainty: 0.625ns.

 <State 1>: 4.06ns
The critical path consists of the following:
	wire read on port 'fc1_input_V' [17]  (0 ns)
	'call' operation ('call_ret') to 'dense_latency.0.0.0.0.0.0.0.0.0.0.0.0.0.0.0.0.0.0.0.0.0.1' [18]  (4.06 ns)

 <State 2>: 3.6ns
The critical path consists of the following:
	'call' operation ('call_ret') to 'dense_latency.0.0.0.0.0.0.0.0.0.0.0.0.0.0.0.0.0.0.0.0.0.1' [18]  (3.6 ns)

 <State 3>: 3.47ns
The critical path consists of the following:
	'call' operation ('call_ret1', firmware/NN_final.cpp:43) to 'relu<ap_fixed<16, 6, 5, 3, 0>, ap_ufixed<5, 0, 4, 0, 0>, relu_config4>' [33]  (3.47 ns)

 <State 4>: 3.53ns
The critical path consists of the following:
	'call' operation ('call_ret2', firmware/nnet_utils/nnet_dense.h:41->firmware/NN_final.cpp:47) to 'dense_latency.0.0.0.0.0.0.0.0.0.0.0.0.0.0.0.0.0.0.0.0.0' [48]  (3.53 ns)

 <State 5>: 4.33ns
The critical path consists of the following:
	'call' operation ('call_ret2', firmware/nnet_utils/nnet_dense.h:41->firmware/NN_final.cpp:47) to 'dense_latency.0.0.0.0.0.0.0.0.0.0.0.0.0.0.0.0.0.0.0.0.0' [48]  (4.33 ns)

 <State 6>: 4.33ns
The critical path consists of the following:
	'call' operation ('call_ret2', firmware/nnet_utils/nnet_dense.h:41->firmware/NN_final.cpp:47) to 'dense_latency.0.0.0.0.0.0.0.0.0.0.0.0.0.0.0.0.0.0.0.0.0' [48]  (4.33 ns)

 <State 7>: 4.33ns
The critical path consists of the following:
	'call' operation ('call_ret2', firmware/nnet_utils/nnet_dense.h:41->firmware/NN_final.cpp:47) to 'dense_latency.0.0.0.0.0.0.0.0.0.0.0.0.0.0.0.0.0.0.0.0.0' [48]  (4.33 ns)

 <State 8>: 3.54ns
The critical path consists of the following:
	'call' operation ('call_ret2', firmware/nnet_utils/nnet_dense.h:41->firmware/NN_final.cpp:47) to 'dense_latency.0.0.0.0.0.0.0.0.0.0.0.0.0.0.0.0.0.0.0.0.0' [48]  (3.54 ns)

 <State 9>: 3.47ns
The critical path consists of the following:
	'call' operation ('call_ret3', firmware/NN_final.cpp:51) to 'relu<ap_fixed<16, 6, 5, 3, 0>, ap_ufixed<5, 0, 4, 0, 0>, relu_config7>' [65]  (3.47 ns)

 <State 10>: 3.53ns
The critical path consists of the following:
	'call' operation ('call_ret4', firmware/nnet_utils/nnet_dense.h:41->firmware/NN_final.cpp:55) to 'dense_latency<ap_ufixed,ap_fixed<16,6,5,3,0>,config8>.0.0.0.0' [82]  (3.53 ns)

 <State 11>: 3.53ns
The critical path consists of the following:
	'call' operation ('call_ret4', firmware/nnet_utils/nnet_dense.h:41->firmware/NN_final.cpp:55) to 'dense_latency<ap_ufixed,ap_fixed<16,6,5,3,0>,config8>.0.0.0.0' [82]  (3.53 ns)

 <State 12>: 3.53ns
The critical path consists of the following:
	'call' operation ('call_ret4', firmware/nnet_utils/nnet_dense.h:41->firmware/NN_final.cpp:55) to 'dense_latency<ap_ufixed,ap_fixed<16,6,5,3,0>,config8>.0.0.0.0' [82]  (3.53 ns)

 <State 13>: 2.91ns
The critical path consists of the following:
	'call' operation ('call_ret4', firmware/nnet_utils/nnet_dense.h:41->firmware/NN_final.cpp:55) to 'dense_latency<ap_ufixed,ap_fixed<16,6,5,3,0>,config8>.0.0.0.0' [82]  (2.91 ns)

 <State 14>: 1.86ns
The critical path consists of the following:
	'call' operation ('call_ret5', firmware/nnet_utils/nnet_activation.h:386->firmware/NN_final.cpp:57) to 'softmax_stable<ap_fixed,ap_fixed<16,2,5,3,0>,softmax_config10>' [86]  (1.86 ns)

 <State 15>: 3.73ns
The critical path consists of the following:
	'call' operation ('call_ret5', firmware/nnet_utils/nnet_activation.h:386->firmware/NN_final.cpp:57) to 'softmax_stable<ap_fixed,ap_fixed<16,2,5,3,0>,softmax_config10>' [86]  (3.73 ns)

 <State 16>: 3.73ns
The critical path consists of the following:
	'call' operation ('call_ret5', firmware/nnet_utils/nnet_activation.h:386->firmware/NN_final.cpp:57) to 'softmax_stable<ap_fixed,ap_fixed<16,2,5,3,0>,softmax_config10>' [86]  (3.73 ns)

 <State 17>: 3.73ns
The critical path consists of the following:
	'call' operation ('call_ret5', firmware/nnet_utils/nnet_activation.h:386->firmware/NN_final.cpp:57) to 'softmax_stable<ap_fixed,ap_fixed<16,2,5,3,0>,softmax_config10>' [86]  (3.73 ns)

 <State 18>: 3.73ns
The critical path consists of the following:
	'call' operation ('call_ret5', firmware/nnet_utils/nnet_activation.h:386->firmware/NN_final.cpp:57) to 'softmax_stable<ap_fixed,ap_fixed<16,2,5,3,0>,softmax_config10>' [86]  (3.73 ns)

 <State 19>: 3.73ns
The critical path consists of the following:
	'call' operation ('call_ret5', firmware/nnet_utils/nnet_activation.h:386->firmware/NN_final.cpp:57) to 'softmax_stable<ap_fixed,ap_fixed<16,2,5,3,0>,softmax_config10>' [86]  (3.73 ns)

 <State 20>: 3.73ns
The critical path consists of the following:
	'call' operation ('call_ret5', firmware/nnet_utils/nnet_activation.h:386->firmware/NN_final.cpp:57) to 'softmax_stable<ap_fixed,ap_fixed<16,2,5,3,0>,softmax_config10>' [86]  (3.73 ns)

 <State 21>: 3.73ns
The critical path consists of the following:
	'call' operation ('call_ret5', firmware/nnet_utils/nnet_activation.h:386->firmware/NN_final.cpp:57) to 'softmax_stable<ap_fixed,ap_fixed<16,2,5,3,0>,softmax_config10>' [86]  (3.73 ns)

 <State 22>: 3.73ns
The critical path consists of the following:
	'call' operation ('call_ret5', firmware/nnet_utils/nnet_activation.h:386->firmware/NN_final.cpp:57) to 'softmax_stable<ap_fixed,ap_fixed<16,2,5,3,0>,softmax_config10>' [86]  (3.73 ns)

 <State 23>: 3.73ns
The critical path consists of the following:
	'call' operation ('call_ret5', firmware/nnet_utils/nnet_activation.h:386->firmware/NN_final.cpp:57) to 'softmax_stable<ap_fixed,ap_fixed<16,2,5,3,0>,softmax_config10>' [86]  (3.73 ns)

 <State 24>: 3.4ns
The critical path consists of the following:
	'call' operation ('call_ret5', firmware/nnet_utils/nnet_activation.h:386->firmware/NN_final.cpp:57) to 'softmax_stable<ap_fixed,ap_fixed<16,2,5,3,0>,softmax_config10>' [86]  (3.4 ns)


============================================================
+ Verbose Summary: Binding
============================================================
N/A
* FSMD analyzer results:
  - Output states:
 - Input state : 
  - Chain level:
	State 1
	State 2
	State 3
	State 4
	State 5
	State 6
	State 7
	State 8
	State 9
	State 10
	State 11
	State 12
	State 13
	State 14
	State 15
	State 16
	State 17
	State 18
	State 19
	State 20
	State 21
	State 22
	State 23
	State 24


============================================================
+ Verbose Summary: Datapath Resource usage 
============================================================
N/A
