1.0754698514938354 1.087137222290039
1.0735918283462524 1.085214376449585
1.0717488527297974 1.0832486152648926
1.0699307918548584 1.081310749053955
1.0681651830673218 1.0793938636779785
1.0664291381835938 1.0775322914123535
1.0647664070129395 1.075715184211731
1.0631968975067139 1.07401442527771
1.0615344047546387 1.0723295211791992
1.0600483417510986 1.070677638053894
1.0585733652114868 1.0689972639083862
1.0570993423461914 1.0673303604125977
1.0556271076202393 1.0656813383102417
1.0542012453079224 1.0639780759811401
1.0527501106262207 1.0623557567596436
1.051283597946167 1.0606449842453003
1.0498391389846802 1.058924913406372
1.048358678817749 1.0572751760482788
1.0469093322753906 1.0555853843688965
1.0454384088516235 1.0539284944534302
1.0440397262573242 1.0522273778915405
1.0425299406051636 1.0505036115646362
1.0410696268081665 1.0488090515136719
1.0395638942718506 1.0471529960632324
1.0380799770355225 1.0453394651412964
1.0365620851516724 1.0434845685958862
1.0350199937820435 1.041658878326416
1.0334606170654297 1.0397310256958008
1.0318632125854492 1.0378272533416748
1.0302526950836182 1.0358471870422363
1.0285664796829224 1.0339373350143433
1.026896357536316 1.0319117307662964
1.0251822471618652 1.02979576587677
1.0234025716781616 1.0276700258255005
1.02156400680542 1.025532841682434
1.0197547674179077 1.0233750343322754
1.0178568363189697 1.021160364151001
1.0159852504730225 1.0188865661621094
1.014028787612915 1.0166382789611816
1.0120654106140137 1.0143625736236572
1.0101176500320435 1.011957049369812
1.0080649852752686 1.0096005201339722
1.0060937404632568 1.0071946382522583
1.004021167755127 1.0048117637634277
1.0019563436508179 1.0023573637008667
0.9998623728752136 0.9998987317085266
0.9977796673774719 0.9973894357681274
0.9957112073898315 0.9948561191558838
0.9934515357017517 0.9924158453941345
0.9913352727890015 0.9898849129676819
0.9891465306282043 0.9873337149620056
0.9869437217712402 0.9847372770309448
0.984764039516449 0.9820511937141418
0.982433021068573 0.9795200228691101
0.9801586866378784 0.9769244194030762
0.9779476523399353 0.9741871356964111
0.9755936861038208 0.9715245962142944
0.9732361435890198 0.9688889980316162
0.9709287881851196 0.9661334753036499
0.9685811996459961 0.9633454084396362
0.9661411046981812 0.9606433510780334
0.9637463092803955 0.9578374624252319
0.961344838142395 0.9550243616104126
0.9588636755943298 0.9522165060043335
0.9564302563667297 0.949372410774231
0.9539588093757629 0.9465538859367371
0.9514408707618713 0.9437069892883301
0.9489461183547974 0.940826416015625
0.9465208053588867 0.9378806352615356
0.9439003467559814 0.9349938035011292
0.9413121342658997 0.932168185710907
0.9388354420661926 0.9292744994163513
0.9362341165542603 0.9263390302658081
0.9336637258529663 0.9233770966529846
0.9310953617095947 0.9204373955726624
0.9284738898277283 0.9174864292144775
0.925869882106781 0.9144957065582275
0.9232558012008667 0.9115591049194336
0.9206711053848267 0.9085180759429932
0.9179768562316895 0.9055982828140259
0.9153627753257751 0.9026138782501221
0.9126858711242676 0.8996469378471375
0.9100550413131714 0.8966807723045349
0.9073827266693115 0.8936877250671387
0.9047216176986694 0.8907198309898376
0.9020950198173523 0.8876321911811829
0.8993484377861023 0.8846598863601685
0.896700918674469 0.8816640973091125
0.8939939737319946 0.8786810636520386
0.8912888765335083 0.8757272362709045
0.888652503490448 0.8727161884307861
0.8859044909477234 0.8697227835655212
0.8832377195358276 0.8667294383049011
0.8805455565452576 0.8637357354164124
0.8778932094573975 0.8607725501060486
0.8751925230026245 0.8577937483787537
0.8724721670150757 0.8548693656921387
0.8698177337646484 0.8519783020019531
0.8671702742576599 0.8489822745323181
0.8645387291908264 0.8460752964019775
0.8618428111076355 0.8431335687637329
0.8591856956481934 0.8401921987533569
0.8565185070037842 0.8372337818145752
0.853904664516449 0.8343020081520081
0.8512296080589294 0.8314672112464905
0.8486064076423645 0.8285582661628723
0.8459781408309937 0.8257133960723877
0.8433492183685303 0.822823703289032
0.8407247066497803 0.8199135661125183
0.8381044268608093 0.8170824646949768
0.8354779481887817 0.8143085837364197
0.8328798413276672 0.8114586472511292
0.8303213119506836 0.8085859417915344
0.8277102112770081 0.8057875633239746
0.8251368999481201 0.8028905391693115
0.8225765824317932 0.800073504447937
0.8199624419212341 0.7972910404205322
0.8174305558204651 0.7944793105125427
0.8148372173309326 0.7916724681854248
0.812333345413208 0.7889354228973389
0.8097469806671143 0.7861133813858032
0.8072233200073242 0.7832204103469849
0.8046472668647766 0.780472993850708
0.8020836710929871 0.777700662612915
0.799541175365448 0.7749267816543579
0.7970230579376221 0.7721117734909058
0.7945815920829773 0.769255518913269
0.7919797301292419 0.7665333151817322
0.7895305752754211 0.7637218236923218
0.7869077920913696 0.7609944939613342
0.7844743728637695 0.7581288814544678
0.781888484954834 0.7553941011428833
0.7793512344360352 0.7527105212211609
0.7769060134887695 0.7500098347663879
0.7744286060333252 0.7472510933876038
0.7719273567199707 0.744573175907135
0.7694517374038696 0.7419724464416504
0.7670329809188843 0.7393480539321899
0.7646294236183167 0.7367979884147644
0.7622347474098206 0.7342332005500793
0.7598622441291809 0.7316312193870544
0.7574877738952637 0.7290781736373901
0.7551389932632446 0.7265858054161072
0.7528048753738403 0.7241385579109192
0.7505229711532593 0.721680760383606
0.7482755780220032 0.7192144989967346
0.7459890246391296 0.7168397307395935
0.743791401386261 0.714447557926178
0.7415962219238281 0.7120791673660278
0.7394405007362366 0.7097201347351074
