1.151992917060852 1.1366792917251587
1.1169341802597046 1.1028227806091309
1.0794140100479126 1.0648757219314575
1.0397757291793823 0.9896230697631836
0.9761478304862976 0.9440708160400391
0.9399700164794922 0.9204913973808289
0.9079607725143433 0.873988926410675
0.8644567728042603 0.8267291188240051
0.8278137445449829 0.7918792963027954
0.7977120280265808 0.7497110962867737
0.7551781535148621 0.7106965184211731
0.8314650058746338 0.7945213913917542
0.8098067045211792 0.7769808173179626
0.7890202403068542 0.7518355250358582
0.765254020690918 0.7294261455535889
0.7451626658439636 0.7179587483406067
0.7323353290557861 0.7032614946365356
0.7203706502914429 0.6871314644813538
0.7041469812393188 0.6674487590789795
0.6917338967323303 0.6554736495018005
0.6762700080871582 0.6439439654350281
0.6659802198410034 0.6346282362937927
0.6597706079483032 0.6274153590202332
0.651996910572052 0.6185787320137024
0.6465121507644653 0.6166567802429199
0.6426528692245483 0.613470196723938
0.638931930065155 0.6077532768249512
0.6338536143302917 0.6022752523422241
0.6264735460281372 0.5921547412872314
0.616764485836029 0.5894721150398254
